This is pdfTeX, Version 3.14159265-2.6-1.40.16 (TeX Live 2015/Debian) (preloaded format=pdflatex 2018.7.29)  14 AUG 2018 17:23
entering extended mode
 restricted \write18 enabled.
 file:line:error style messages enabled.
 %&-line parsing enabled.
**thesis.tex
(/home/scott/Documents/thesis/thesis.tex
LaTeX2e <2016/02/01>
Babel <3.9q> and hyphenation patterns for 81 language(s) loaded.
(/usr/share/texlive/texmf-dist/tex/latex/base/report.cls
Document Class: report 2014/09/29 v1.4h Standard LaTeX document class
(/usr/share/texlive/texmf-dist/tex/latex/base/size12.clo
File: size12.clo 2014/09/29 v1.4h Standard LaTeX file (size option)
)
\c@part=\count79
\c@chapter=\count80
\c@section=\count81
\c@subsection=\count82
\c@subsubsection=\count83
\c@paragraph=\count84
\c@subparagraph=\count85
\c@figure=\count86
\c@table=\count87
\abovecaptionskip=\skip41
\belowcaptionskip=\skip42
\bibindent=\dimen102
) (/usr/share/texlive/texmf-dist/tex/latex/graphics/graphicx.sty
Package: graphicx 2014/10/28 v1.0g Enhanced LaTeX Graphics (DPC,SPQR)
 (/usr/share/texlive/texmf-dist/tex/latex/graphics/keyval.sty
Package: keyval 2014/10/28 v1.15 key=value parser (DPC)
\KV@toks@=\toks14
) (/usr/share/texlive/texmf-dist/tex/latex/graphics/graphics.sty
Package: graphics 2016/01/03 v1.0q Standard LaTeX Graphics (DPC,SPQR)
 (/usr/share/texlive/texmf-dist/tex/latex/graphics/trig.sty
Package: trig 2016/01/03 v1.10 sin cos tan (DPC)
) (/usr/share/texlive/texmf-dist/tex/latex/latexconfig/graphics.cfg
File: graphics.cfg 2010/04/23 v1.9 graphics configuration of TeX Live
)
Package graphics Info: Driver file: pdftex.def on input line 95.
 (/usr/share/texlive/texmf-dist/tex/latex/pdftex-def/pdftex.def
File: pdftex.def 2011/05/27 v0.06d Graphics/color for pdfTeX
 (/usr/share/texlive/texmf-dist/tex/generic/oberdiek/infwarerr.sty
Package: infwarerr 2010/04/08 v1.3 Providing info/warning/error messages (HO)
) (/usr/share/texlive/texmf-dist/tex/generic/oberdiek/ltxcmds.sty
Package: ltxcmds 2011/11/09 v1.22 LaTeX kernel commands for general use (HO)
)
\Gread@gobject=\count88
))
\Gin@req@height=\dimen103
\Gin@req@width=\dimen104
) (/usr/share/texlive/texmf-dist/tex/latex/geometry/geometry.sty
Package: geometry 2010/09/12 v5.6 Page Geometry
 (/usr/share/texlive/texmf-dist/tex/generic/oberdiek/ifpdf.sty
Package: ifpdf 2011/01/30 v2.3 Provides the ifpdf switch (HO)
Package ifpdf Info: pdfTeX in PDF mode is detected.
) (/usr/share/texlive/texmf-dist/tex/generic/oberdiek/ifvtex.sty
Package: ifvtex 2010/03/01 v1.5 Detect VTeX and its facilities (HO)
Package ifvtex Info: VTeX not detected.
) (/usr/share/texlive/texmf-dist/tex/generic/ifxetex/ifxetex.sty
Package: ifxetex 2010/09/12 v0.6 Provides ifxetex conditional
)
\Gm@cnth=\count89
\Gm@cntv=\count90
\c@Gm@tempcnt=\count91
\Gm@bindingoffset=\dimen105
\Gm@wd@mp=\dimen106
\Gm@odd@mp=\dimen107
\Gm@even@mp=\dimen108
\Gm@layoutwidth=\dimen109
\Gm@layoutheight=\dimen110
\Gm@layouthoffset=\dimen111
\Gm@layoutvoffset=\dimen112
\Gm@dimlist=\toks15
) (/usr/share/texlive/texmf-dist/tex/latex/setspace/setspace.sty
Package: setspace 2011/12/19 v6.7a set line spacing
) (/usr/share/texlive/texmf-dist/tex/latex/psnfss/times.sty
Package: times 2005/04/12 PSNFSS-v9.2a (SPQR) 
)
(/usr/share/texlive/texmf-dist/tex/latex/titlesec/titlesec.sty
Package: titlesec 2016/03/15 v2.10.1 Sectioning titles
\ttl@box=\box26
\beforetitleunit=\skip43
\aftertitleunit=\skip44
\ttl@plus=\dimen113
\ttl@minus=\dimen114
\ttl@toksa=\toks16
\titlewidth=\dimen115
\titlewidthlast=\dimen116
\titlewidthfirst=\dimen117
) (/usr/share/texlive/texmf-dist/tex/latex/tocloft/tocloft.sty
Package: tocloft 2013/05/02 v2.3f parameterised ToC, etc., typesetting
Package tocloft Info: The document has chapter divisions on input line 44.
\cftparskip=\skip45
\cftbeforetoctitleskip=\skip46
\cftaftertoctitleskip=\skip47
\cftbeforepartskip=\skip48
\cftpartnumwidth=\skip49
\cftpartindent=\skip50
\cftbeforechapskip=\skip51
\cftchapindent=\skip52
\cftchapnumwidth=\skip53
\cftbeforesecskip=\skip54
\cftsecindent=\skip55
\cftsecnumwidth=\skip56
\cftbeforesubsecskip=\skip57
\cftsubsecindent=\skip58
\cftsubsecnumwidth=\skip59
\cftbeforesubsubsecskip=\skip60
\cftsubsubsecindent=\skip61
\cftsubsubsecnumwidth=\skip62
\cftbeforeparaskip=\skip63
\cftparaindent=\skip64
\cftparanumwidth=\skip65
\cftbeforesubparaskip=\skip66
\cftsubparaindent=\skip67
\cftsubparanumwidth=\skip68
\cftbeforeloftitleskip=\skip69
\cftafterloftitleskip=\skip70
\cftbeforefigskip=\skip71
\cftfigindent=\skip72
\cftfignumwidth=\skip73
\c@lofdepth=\count92
\c@lotdepth=\count93
\cftbeforelottitleskip=\skip74
\cftafterlottitleskip=\skip75
\cftbeforetabskip=\skip76
\cfttabindent=\skip77
\cfttabnumwidth=\skip78
) (/usr/share/texlive/texmf-dist/tex/latex/biblatex/biblatex.sty
Package: biblatex 2016/03/03 v3.3 programmable bibliographies (PK/JW/AB)
 (/usr/share/texlive/texmf-dist/tex/latex/biblatex/biblatex_legacy.sty
Package: biblatex_legacy 2016/03/03 v3.3 programmable bibliographies (bibtex) (PK/JW/AB)
 (/usr/share/texlive/texmf-dist/tex/latex/etoolbox/etoolbox.sty
Package: etoolbox 2015/08/02 v2.2a e-TeX tools for LaTeX (JAW)
\etb@tempcnta=\count94
) (/usr/share/texlive/texmf-dist/tex/latex/logreq/logreq.sty
Package: logreq 2010/08/04 v1.0 xml request logger
\lrq@indent=\count95
 (/usr/share/texlive/texmf-dist/tex/latex/logreq/logreq.def
File: logreq.def 2010/08/04 v1.0 logreq spec v1.0
)) (/usr/share/texlive/texmf-dist/tex/latex/base/ifthen.sty
Package: ifthen 2014/09/29 v1.1c Standard LaTeX ifthen package (DPC)
) (/usr/share/texlive/texmf-dist/tex/latex/url/url.sty
\Urlmuskip=\muskip10
Package: url 2013/09/16  ver 3.4  Verb mode for urls, etc.
)
\c@tabx@nest=\count96
\c@listtotal=\count97
\c@listcount=\count98
\c@liststart=\count99
\c@liststop=\count100
\c@citecount=\count101
\c@citetotal=\count102
\c@multicitecount=\count103
\c@multicitetotal=\count104
\c@instcount=\count105
\c@maxnames=\count106
\c@minnames=\count107
\c@maxitems=\count108
\c@minitems=\count109
\c@citecounter=\count110
\c@savedcitecounter=\count111
\c@uniquelist=\count112
\c@uniquename=\count113
\c@refsection=\count114
\c@refsegment=\count115
\c@maxextrayear=\count116
\c@maxextraalpha=\count117
\c@abbrvpenalty=\count118
\c@highnamepenalty=\count119
\c@lownamepenalty=\count120
\c@maxparens=\count121
\c@parenlevel=\count122
\blx@tempcnta=\count123
\blx@tempcntb=\count124
\blx@tempcntc=\count125
\blx@maxsection=\count126
\blx@maxsegment=\count127
\blx@notetype=\count128
\blx@parenlevel@text=\count129
\blx@parenlevel@foot=\count130
\labelnumberwidth=\skip79
\labelalphawidth=\skip80
\shorthandwidth=\skip81
\biblabelsep=\skip82
\bibitemsep=\skip83
\bibnamesep=\skip84
\bibinitsep=\skip85
\bibparsep=\skip86
\bibhang=\skip87
\blx@auxin=\read1
\blx@auxout=\write3
\c@mincomprange=\count131
\c@maxcomprange=\count132
\c@mincompwidth=\count133
\c@labelname=\count134
\c@savedlabelname=\count135
\c@author=\count136
\c@savedauthor=\count137
\c@shortauthor=\count138
\c@savedshortauthor=\count139
\c@editor=\count140
\c@savededitor=\count141
\c@editora=\count142
\c@savededitora=\count143
\c@editorb=\count144
\c@savededitorb=\count145
\c@editorc=\count146
\c@savededitorc=\count147
\c@shorteditor=\count148
\c@savedshorteditor=\count149
\c@bookauthor=\count150
\c@savedbookauthor=\count151
\c@translator=\count152
\c@savedtranslator=\count153
\c@annotator=\count154
\c@savedannotator=\count155
\c@commentator=\count156
\c@savedcommentator=\count157
\c@introduction=\count158
\c@savedintroduction=\count159
\c@foreword=\count160
\c@savedforeword=\count161
\c@afterword=\count162
\c@savedafterword=\count163
\c@holder=\count164
\c@savedholder=\count165
\c@namea=\count166
\c@savednamea=\count167
\c@nameb=\count168
\c@savednameb=\count169
\c@namec=\count170
\c@savednamec=\count171
\c@institution=\count172
\c@savedinstitution=\count173
\c@language=\count174
\c@savedlanguage=\count175
\c@location=\count176
\c@savedlocation=\count177
\c@organization=\count178
\c@savedorganization=\count179
\c@origlocation=\count180
\c@savedoriglocation=\count181
\c@origpublisher=\count182
\c@savedorigpublisher=\count183
\c@pageref=\count184
\c@savedpageref=\count185
\c@publisher=\count186
\c@savedpublisher=\count187
\c@lista=\count188
\c@savedlista=\count189
\c@listb=\count190
\c@savedlistb=\count191
\c@listc=\count192
\c@savedlistc=\count193
\c@listd=\count194
\c@savedlistd=\count195
\c@liste=\count196
\c@savedliste=\count197
\c@listf=\count198
\c@savedlistf=\count199
Package biblatex Info: Trying to load compatibility code...
Package biblatex Info: ... file 'blx-compat.def' found.
 (/usr/share/texlive/texmf-dist/tex/latex/biblatex/blx-compat.def
File: blx-compat.def 2016/03/03 v3.3 biblatex compatibility (PK/JW/AB)
)
Package biblatex Info: Trying to load generic definitions...
Package biblatex Info: ... file 'biblatex_legacy.def' found.
 (/usr/share/texlive/texmf-dist/tex/latex/biblatex/biblatex_legacy.def
File: biblatex_legacy.def 
\c@textcitecount=\count266
\c@textcitetotal=\count267
\c@textcitemaxnames=\count268
\c@biburlnumpenalty=\count269
\c@biburlucpenalty=\count270
\c@biburllcpenalty=\count271
\c@smartand=\count272
)
Package biblatex Info: Trying to load bibliography style 'ieee'...
Package biblatex Info: ... file 'ieee.bbx' found.
 (/usr/share/texlive/texmf-dist/tex/latex/biblatex-ieee/ieee.bbx
File: ieee.bbx 2015/03/12 v1.1k biblatex bibliography style
Package biblatex Info: Trying to load bibliography style 'numeric-comp'...
Package biblatex Info: ... file 'numeric-comp.bbx' found.
 (/usr/share/texlive/texmf-dist/tex/latex/biblatex/bbx/numeric-comp.bbx
File: numeric-comp.bbx 2016/03/03 v3.3 biblatex bibliography style (PK/JW/AB)
Package biblatex Info: Trying to load bibliography style 'numeric'...
Package biblatex Info: ... file 'numeric.bbx' found.
 (/usr/share/texlive/texmf-dist/tex/latex/biblatex/bbx/numeric.bbx
File: numeric.bbx 2016/03/03 v3.3 biblatex bibliography style (PK/JW/AB)
Package biblatex Info: Trying to load bibliography style 'standard'...
Package biblatex Info: ... file 'standard.bbx' found.
 (/usr/share/texlive/texmf-dist/tex/latex/biblatex/bbx/standard.bbx
File: standard.bbx 2016/03/03 v3.3 biblatex bibliography style (PK/JW/AB)
\c@bbx:relatedcount=\count273
\c@bbx:relatedtotal=\count274
)))

Package biblatex Warning: 'firstinits' option is deprecated, use 'giveninits' instead.

)
Package biblatex Info: Trying to load citation style 'numeric'...
Package biblatex Info: ... file 'numeric.cbx' found.
 (/usr/share/texlive/texmf-dist/tex/latex/biblatex/cbx/numeric.cbx
File: numeric.cbx 2016/03/03 v3.3 biblatex citation style (PK/JW/AB)
Package biblatex Info: Redefining '\cite'.
Package biblatex Info: Redefining '\parencite'.
Package biblatex Info: Redefining '\footcite'.
Package biblatex Info: Redefining '\footcitetext'.
Package biblatex Info: Redefining '\smartcite'.
Package biblatex Info: Redefining '\supercite'.
Package biblatex Info: Redefining '\textcite'.
Package biblatex Info: Redefining '\textcites'.
Package biblatex Info: Redefining '\cites'.
Package biblatex Info: Redefining '\parencites'.
Package biblatex Info: Redefining '\smartcites'.
)
Package biblatex Info: Trying to load configuration file...
Package biblatex Info: ... file 'biblatex.cfg' found.
 (/usr/share/texlive/texmf-dist/tex/latex/biblatex/biblatex.cfg
File: biblatex.cfg 
))) (/usr/share/texlive/texmf-dist/tex/latex/hyperref/hyperref.sty
Package: hyperref 2012/11/06 v6.83m Hypertext links for LaTeX
 (/usr/share/texlive/texmf-dist/tex/generic/oberdiek/hobsub-hyperref.sty
Package: hobsub-hyperref 2012/05/28 v1.13 Bundle oberdiek, subset hyperref (HO)
 (/usr/share/texlive/texmf-dist/tex/generic/oberdiek/hobsub-generic.sty
Package: hobsub-generic 2012/05/28 v1.13 Bundle oberdiek, subset generic (HO)
Package: hobsub 2012/05/28 v1.13 Construct package bundles (HO)
Package hobsub Info: Skipping package `infwarerr' (already loaded).
Package hobsub Info: Skipping package `ltxcmds' (already loaded).
Package: ifluatex 2010/03/01 v1.3 Provides the ifluatex switch (HO)
Package ifluatex Info: LuaTeX not detected.
Package hobsub Info: Skipping package `ifvtex' (already loaded).
Package: intcalc 2007/09/27 v1.1 Expandable calculations with integers (HO)
Package hobsub Info: Skipping package `ifpdf' (already loaded).
Package: etexcmds 2011/02/16 v1.5 Avoid name clashes with e-TeX commands (HO)
Package etexcmds Info: Could not find \expanded.
(etexcmds)             That can mean that you are not using pdfTeX 1.50 or
(etexcmds)             that some package has redefined \expanded.
(etexcmds)             In the latter case, load this package earlier.
Package: kvsetkeys 2012/04/25 v1.16 Key value parser (HO)
Package: kvdefinekeys 2011/04/07 v1.3 Define keys (HO)
Package: pdftexcmds 2011/11/29 v0.20 Utility functions of pdfTeX for LuaTeX (HO)
Package pdftexcmds Info: LuaTeX not detected.
Package pdftexcmds Info: \pdf@primitive is available.
Package pdftexcmds Info: \pdf@ifprimitive is available.
Package pdftexcmds Info: \pdfdraftmode found.
Package: pdfescape 2011/11/25 v1.13 Implements pdfTeX's escape features (HO)
Package: bigintcalc 2012/04/08 v1.3 Expandable calculations on big integers (HO)
Package: bitset 2011/01/30 v1.1 Handle bit-vector datatype (HO)
Package: uniquecounter 2011/01/30 v1.2 Provide unlimited unique counter (HO)
)
Package hobsub Info: Skipping package `hobsub' (already loaded).
Package: letltxmacro 2010/09/02 v1.4 Let assignment for LaTeX macros (HO)
Package: hopatch 2012/05/28 v1.2 Wrapper for package hooks (HO)
Package: xcolor-patch 2011/01/30 xcolor patch
Package: atveryend 2011/06/30 v1.8 Hooks at the very end of document (HO)
Package: atbegshi 2011/10/05 v1.16 At begin shipout hook (HO)
Package: refcount 2011/10/16 v3.4 Data extraction from label references (HO)
Package: hycolor 2011/01/30 v1.7 Color options for hyperref/bookmark (HO)
) (/usr/share/texlive/texmf-dist/tex/latex/oberdiek/auxhook.sty
Package: auxhook 2011/03/04 v1.3 Hooks for auxiliary files (HO)
) (/usr/share/texlive/texmf-dist/tex/latex/oberdiek/kvoptions.sty
Package: kvoptions 2011/06/30 v3.11 Key value format for package options (HO)
)
\@linkdim=\dimen118
\Hy@linkcounter=\count275
\Hy@pagecounter=\count276
 (/usr/share/texlive/texmf-dist/tex/latex/hyperref/pd1enc.def
File: pd1enc.def 2012/11/06 v6.83m Hyperref: PDFDocEncoding definition (HO)
)
\Hy@SavedSpaceFactor=\count277
 (/usr/share/texlive/texmf-dist/tex/latex/latexconfig/hyperref.cfg
File: hyperref.cfg 2002/06/06 v1.2 hyperref configuration of TeXLive
)
Package hyperref Info: Option `bookmarks' set `true' on input line 4319.
Package hyperref Info: Option `colorlinks' set `false' on input line 4319.
Package hyperref Info: Hyper figures OFF on input line 4443.
Package hyperref Info: Link nesting OFF on input line 4448.
Package hyperref Info: Hyper index ON on input line 4451.
Package hyperref Info: Plain pages OFF on input line 4458.
Package hyperref Info: Backreferencing OFF on input line 4463.
Package hyperref Info: Implicit mode ON; LaTeX internals redefined.
Package hyperref Info: Bookmarks ON on input line 4688.
\c@Hy@tempcnt=\count278
LaTeX Info: Redefining \url on input line 5041.
\XeTeXLinkMargin=\dimen119
\Fld@menulength=\count279
\Field@Width=\dimen120
\Fld@charsize=\dimen121
Package hyperref Info: Hyper figures OFF on input line 6295.
Package hyperref Info: Link nesting OFF on input line 6300.
Package hyperref Info: Hyper index ON on input line 6303.
Package hyperref Info: backreferencing OFF on input line 6310.
Package hyperref Info: Link coloring OFF on input line 6315.
Package hyperref Info: Link coloring with OCG OFF on input line 6320.
Package hyperref Info: PDF/A mode OFF on input line 6325.
LaTeX Info: Redefining \ref on input line 6365.
LaTeX Info: Redefining \pageref on input line 6369.
\Hy@abspage=\count280
\c@Item=\count281
\c@Hfootnote=\count282
)

Package hyperref Message: Driver (autodetected): hpdftex.

(/usr/share/texlive/texmf-dist/tex/latex/hyperref/hpdftex.def
File: hpdftex.def 2012/11/06 v6.83m Hyperref driver for pdfTeX
\Fld@listcount=\count283
\c@bookmark@seq@number=\count284
 (/usr/share/texlive/texmf-dist/tex/latex/oberdiek/rerunfilecheck.sty
Package: rerunfilecheck 2011/04/15 v1.7 Rerun checks for auxiliary files (HO)
Package uniquecounter Info: New unique counter `rerunfilecheck' on input line 282.
)
\Hy@SectionHShift=\skip88
) (/usr/share/texlive/texmf-dist/tex/latex/appendix/appendix.sty
Package: appendix 2009/09/02 v1.2b extra appendix facilities
\c@@pps=\count285
\c@@ppsavesec=\count286
\c@@ppsaveapp=\count287
) (/usr/share/texlive/texmf-dist/tex/latex/rotating/rotating.sty
Package: rotating 2009/03/28 v2.16a rotated objects in LaTeX
\c@r@tfl@t=\count288
\rotFPtop=\skip89
\rotFPbot=\skip90
\rot@float@box=\box27
\rot@mess@toks=\toks17
) (/usr/share/texlive/texmf-dist/tex/generic/ulem/ulem.sty
\UL@box=\box28
\UL@hyphenbox=\box29
\UL@skip=\skip91
\UL@hook=\toks18
\UL@height=\dimen122
\UL@pe=\count289
\UL@pixel=\dimen123
\ULC@box=\box30
Package: ulem 2012/05/18
\ULdepth=\dimen124
) (/usr/share/texlive/texmf-dist/tex/latex/tools/enumerate.sty
Package: enumerate 2015/07/23 v3.00 enumerate extensions (DPC)
\@enLab=\toks19
) (/usr/share/texlive/texmf-dist/tex/latex/comment/comment.sty
\CommentStream=\write4
 Excluding comment 'comment') (/usr/share/texlive/texmf-dist/tex/latex/amsmath/amsmath.sty
Package: amsmath 2016/03/03 v2.15a AMS math features
\@mathmargin=\skip92

For additional information on amsmath, use the `?' option.
(/usr/share/texlive/texmf-dist/tex/latex/amsmath/amstext.sty
Package: amstext 2000/06/29 v2.01 AMS text
 (/usr/share/texlive/texmf-dist/tex/latex/amsmath/amsgen.sty
File: amsgen.sty 1999/11/30 v2.0 generic functions
\@emptytoks=\toks20
\ex@=\dimen125
)) (/usr/share/texlive/texmf-dist/tex/latex/amsmath/amsbsy.sty
Package: amsbsy 1999/11/29 v1.2d Bold Symbols
\pmbraise@=\dimen126
) (/usr/share/texlive/texmf-dist/tex/latex/amsmath/amsopn.sty
Package: amsopn 1999/12/14 v2.01 operator names
)
\inf@bad=\count290
LaTeX Info: Redefining \frac on input line 199.
\uproot@=\count291
\leftroot@=\count292
LaTeX Info: Redefining \overline on input line 297.
\classnum@=\count293
\DOTSCASE@=\count294
LaTeX Info: Redefining \ldots on input line 394.
LaTeX Info: Redefining \dots on input line 397.
LaTeX Info: Redefining \cdots on input line 518.
\Mathstrutbox@=\box31
\strutbox@=\box32
\big@size=\dimen127
LaTeX Font Info:    Redeclaring font encoding OML on input line 630.
LaTeX Font Info:    Redeclaring font encoding OMS on input line 631.
\macc@depth=\count295
\c@MaxMatrixCols=\count296
\dotsspace@=\muskip11
\c@parentequation=\count297
\dspbrk@lvl=\count298
\tag@help=\toks21
\row@=\count299
\column@=\count300
\maxfields@=\count301
\andhelp@=\toks22
\eqnshift@=\dimen128
\alignsep@=\dimen129
\tagshift@=\dimen130
\tagwidth@=\dimen131
\totwidth@=\dimen132
\lineht@=\dimen133
\@envbody=\toks23
\multlinegap=\skip93
\multlinetaggap=\skip94
\mathdisplay@stack=\toks24
LaTeX Info: Redefining \[ on input line 2735.
LaTeX Info: Redefining \] on input line 2736.
) (/usr/share/texlive/texmf-dist/tex/latex/amsfonts/amssymb.sty
Package: amssymb 2013/01/14 v3.01 AMS font symbols
 (/usr/share/texlive/texmf-dist/tex/latex/amsfonts/amsfonts.sty
Package: amsfonts 2013/01/14 v3.01 Basic AMSFonts support
\symAMSa=\mathgroup4
\symAMSb=\mathgroup5
LaTeX Font Info:    Overwriting math alphabet `\mathfrak' in version `bold'
(Font)                  U/euf/m/n --> U/euf/b/n on input line 106.
)) (/usr/share/texlive/texmf-dist/tex/latex/amscls/amsthm.sty
Package: amsthm 2015/03/04 v2.20.2
\thm@style=\toks25
\thm@bodyfont=\toks26
\thm@headfont=\toks27
\thm@notefont=\toks28
\thm@headpunct=\toks29
\thm@preskip=\skip95
\thm@postskip=\skip96
\thm@headsep=\skip97
\dth@everypar=\toks30
) (/usr/share/texlive/texmf-dist/tex/latex/wasysym/wasysym.sty
Package: wasysym 2003/10/30 v2.0 Wasy-2 symbol support package
\symwasy=\mathgroup6
LaTeX Font Info:    Overwriting symbol font `wasy' in version `bold'
(Font)                  U/wasy/m/n --> U/wasy/b/n on input line 90.
) (/usr/share/texlive/texmf-dist/tex/latex/marvosym/marvosym.sty
Package: marvosym 2011/07/20 v2.2 Martin Vogel's Symbols font definitions
) (/usr/share/texlive/texmf-dist/tex/latex/base/textcomp.sty
Package: textcomp 2005/09/27 v1.99g Standard LaTeX package
Package textcomp Info: Sub-encoding information:
(textcomp)               5 = only ISO-Adobe without \textcurrency
(textcomp)               4 = 5 + \texteuro
(textcomp)               3 = 4 + \textohm
(textcomp)               2 = 3 + \textestimated + \textcurrency
(textcomp)               1 = TS1 - \textcircled - \t
(textcomp)               0 = TS1 (full)
(textcomp)             Font families with sub-encoding setting implement
(textcomp)             only a restricted character set as indicated.
(textcomp)             Family '?' is the default used for unknown fonts.
(textcomp)             See the documentation for details.
Package textcomp Info: Setting ? sub-encoding to TS1/1 on input line 79.
 (/usr/share/texlive/texmf-dist/tex/latex/base/ts1enc.def
File: ts1enc.def 2001/06/05 v3.0e (jk/car/fm) Standard LaTeX file
)
LaTeX Info: Redefining \oldstylenums on input line 334.
Package textcomp Info: Setting cmr sub-encoding to TS1/0 on input line 349.
Package textcomp Info: Setting cmss sub-encoding to TS1/0 on input line 350.
Package textcomp Info: Setting cmtt sub-encoding to TS1/0 on input line 351.
Package textcomp Info: Setting cmvtt sub-encoding to TS1/0 on input line 352.
Package textcomp Info: Setting cmbr sub-encoding to TS1/0 on input line 353.
Package textcomp Info: Setting cmtl sub-encoding to TS1/0 on input line 354.
Package textcomp Info: Setting ccr sub-encoding to TS1/0 on input line 355.
Package textcomp Info: Setting ptm sub-encoding to TS1/4 on input line 356.
Package textcomp Info: Setting pcr sub-encoding to TS1/4 on input line 357.
Package textcomp Info: Setting phv sub-encoding to TS1/4 on input line 358.
Package textcomp Info: Setting ppl sub-encoding to TS1/3 on input line 359.
Package textcomp Info: Setting pag sub-encoding to TS1/4 on input line 360.
Package textcomp Info: Setting pbk sub-encoding to TS1/4 on input line 361.
Package textcomp Info: Setting pnc sub-encoding to TS1/4 on input line 362.
Package textcomp Info: Setting pzc sub-encoding to TS1/4 on input line 363.
Package textcomp Info: Setting bch sub-encoding to TS1/4 on input line 364.
Package textcomp Info: Setting put sub-encoding to TS1/5 on input line 365.
Package textcomp Info: Setting uag sub-encoding to TS1/5 on input line 366.
Package textcomp Info: Setting ugq sub-encoding to TS1/5 on input line 367.
Package textcomp Info: Setting ul8 sub-encoding to TS1/4 on input line 368.
Package textcomp Info: Setting ul9 sub-encoding to TS1/4 on input line 369.
Package textcomp Info: Setting augie sub-encoding to TS1/5 on input line 370.
Package textcomp Info: Setting dayrom sub-encoding to TS1/3 on input line 371.
Package textcomp Info: Setting dayroms sub-encoding to TS1/3 on input line 372.
Package textcomp Info: Setting pxr sub-encoding to TS1/0 on input line 373.
Package textcomp Info: Setting pxss sub-encoding to TS1/0 on input line 374.
Package textcomp Info: Setting pxtt sub-encoding to TS1/0 on input line 375.
Package textcomp Info: Setting txr sub-encoding to TS1/0 on input line 376.
Package textcomp Info: Setting txss sub-encoding to TS1/0 on input line 377.
Package textcomp Info: Setting txtt sub-encoding to TS1/0 on input line 378.
Package textcomp Info: Setting lmr sub-encoding to TS1/0 on input line 379.
Package textcomp Info: Setting lmdh sub-encoding to TS1/0 on input line 380.
Package textcomp Info: Setting lmss sub-encoding to TS1/0 on input line 381.
Package textcomp Info: Setting lmssq sub-encoding to TS1/0 on input line 382.
Package textcomp Info: Setting lmvtt sub-encoding to TS1/0 on input line 383.
Package textcomp Info: Setting lmtt sub-encoding to TS1/0 on input line 384.
Package textcomp Info: Setting qhv sub-encoding to TS1/0 on input line 385.
Package textcomp Info: Setting qag sub-encoding to TS1/0 on input line 386.
Package textcomp Info: Setting qbk sub-encoding to TS1/0 on input line 387.
Package textcomp Info: Setting qcr sub-encoding to TS1/0 on input line 388.
Package textcomp Info: Setting qcs sub-encoding to TS1/0 on input line 389.
Package textcomp Info: Setting qpl sub-encoding to TS1/0 on input line 390.
Package textcomp Info: Setting qtm sub-encoding to TS1/0 on input line 391.
Package textcomp Info: Setting qzc sub-encoding to TS1/0 on input line 392.
Package textcomp Info: Setting qhvc sub-encoding to TS1/0 on input line 393.
Package textcomp Info: Setting futs sub-encoding to TS1/4 on input line 394.
Package textcomp Info: Setting futx sub-encoding to TS1/4 on input line 395.
Package textcomp Info: Setting futj sub-encoding to TS1/4 on input line 396.
Package textcomp Info: Setting hlh sub-encoding to TS1/3 on input line 397.
Package textcomp Info: Setting hls sub-encoding to TS1/3 on input line 398.
Package textcomp Info: Setting hlst sub-encoding to TS1/3 on input line 399.
Package textcomp Info: Setting hlct sub-encoding to TS1/5 on input line 400.
Package textcomp Info: Setting hlx sub-encoding to TS1/5 on input line 401.
Package textcomp Info: Setting hlce sub-encoding to TS1/5 on input line 402.
Package textcomp Info: Setting hlcn sub-encoding to TS1/5 on input line 403.
Package textcomp Info: Setting hlcw sub-encoding to TS1/5 on input line 404.
Package textcomp Info: Setting hlcf sub-encoding to TS1/5 on input line 405.
Package textcomp Info: Setting pplx sub-encoding to TS1/3 on input line 406.
Package textcomp Info: Setting pplj sub-encoding to TS1/3 on input line 407.
Package textcomp Info: Setting ptmx sub-encoding to TS1/4 on input line 408.
Package textcomp Info: Setting ptmj sub-encoding to TS1/4 on input line 409.
) (/usr/share/texlive/texmf-dist/tex/latex/oberdiek/epstopdf.sty
Package: epstopdf 2010/02/09 v2.5 Conversion with epstopdf on the fly (HO)
 (/usr/share/texlive/texmf-dist/tex/latex/oberdiek/epstopdf-base.sty
Package: epstopdf-base 2010/02/09 v2.5 Base part for package epstopdf
 (/usr/share/texlive/texmf-dist/tex/latex/oberdiek/grfext.sty
Package: grfext 2010/08/19 v1.1 Manage graphics extensions (HO)
)
Package grfext Info: Graphics extension search list:
(grfext)             [.png,.pdf,.jpg,.mps,.jpeg,.jbig2,.jb2,.PNG,.PDF,.JPG,.JPEG,.JBIG2,.JB2,.eps]
(grfext)             \AppendGraphicsExtensions on input line 452.
 (/usr/share/texlive/texmf-dist/tex/latex/latexconfig/epstopdf-sys.cfg
File: epstopdf-sys.cfg 2010/07/13 v1.3 Configuration of (r)epstopdf for TeX Live
)))
(/usr/share/texlive/texmf-dist/tex/latex/wrapfig/wrapfig.sty
\wrapoverhang=\dimen134
\WF@size=\dimen135
\c@WF@wrappedlines=\count302
\WF@box=\box33
\WF@everypar=\toks31
Package: wrapfig 2003/01/31  v 3.6
) (/usr/share/texlive/texmf-dist/tex/latex/epigraph/epigraph.sty
Package: epigraph 2009/09/02 v1.5c typesetting epigraphs
\beforeepigraphskip=\skip98
\afterepigraphskip=\skip99
\epigraphwidth=\skip100
\epigraphrule=\skip101
) (/usr/share/texlive/texmf-dist/tex/latex/tikz-cd/tikz-cd.sty
Package: tikz-cd 2014/10/30 v0.9e Commutative diagrams with tikz
 (/usr/share/texlive/texmf-dist/tex/latex/pgf/frontendlayer/tikz.sty (/usr/share/texlive/texmf-dist/tex/latex/pgf/basiclayer/pgf.sty (/usr/share/texlive/texmf-dist/tex/latex/pgf/utilities/pgfrcs.sty (/usr/share/texlive/texmf-dist/tex/generic/pgf/utilities/pgfutil-common.tex
\pgfutil@everybye=\toks32
\pgfutil@tempdima=\dimen136
\pgfutil@tempdimb=\dimen137
 (/usr/share/texlive/texmf-dist/tex/generic/pgf/utilities/pgfutil-common-lists.tex)) (/usr/share/texlive/texmf-dist/tex/generic/pgf/utilities/pgfutil-latex.def
\pgfutil@abb=\box34
 (/usr/share/texlive/texmf-dist/tex/latex/ms/everyshi.sty
Package: everyshi 2001/05/15 v3.00 EveryShipout Package (MS)
)) (/usr/share/texlive/texmf-dist/tex/generic/pgf/utilities/pgfrcs.code.tex
Package: pgfrcs 2015/08/07 v3.0.1a (rcs-revision 1.31)
))
Package: pgf 2015/08/07 v3.0.1a (rcs-revision 1.15)
 (/usr/share/texlive/texmf-dist/tex/latex/pgf/basiclayer/pgfcore.sty (/usr/share/texlive/texmf-dist/tex/latex/pgf/systemlayer/pgfsys.sty (/usr/share/texlive/texmf-dist/tex/generic/pgf/systemlayer/pgfsys.code.tex
Package: pgfsys 2014/07/09 v3.0.1a (rcs-revision 1.48)

(/usr/share/texlive/texmf-dist/tex/generic/pgf/utilities/pgfkeys.code.tex
\pgfkeys@pathtoks=\toks33
\pgfkeys@temptoks=\toks34
 (/usr/share/texlive/texmf-dist/tex/generic/pgf/utilities/pgfkeysfiltered.code.tex
\pgfkeys@tmptoks=\toks35
))
\pgf@x=\dimen138
\pgf@y=\dimen139
\pgf@xa=\dimen140
\pgf@ya=\dimen141
\pgf@xb=\dimen142
\pgf@yb=\dimen143
\pgf@xc=\dimen144
\pgf@yc=\dimen145
\w@pgf@writea=\write5
\r@pgf@reada=\read2
\c@pgf@counta=\count303
\c@pgf@countb=\count304
\c@pgf@countc=\count305
\c@pgf@countd=\count306
\t@pgf@toka=\toks36
\t@pgf@tokb=\toks37
\t@pgf@tokc=\toks38
 (/usr/share/texlive/texmf-dist/tex/generic/pgf/systemlayer/pgf.cfg
File: pgf.cfg 2008/05/14  (rcs-revision 1.7)
)
Driver file for pgf: pgfsys-pdftex.def
 (/usr/share/texlive/texmf-dist/tex/generic/pgf/systemlayer/pgfsys-pdftex.def
File: pgfsys-pdftex.def 2014/10/11  (rcs-revision 1.35)
 (/usr/share/texlive/texmf-dist/tex/generic/pgf/systemlayer/pgfsys-common-pdf.def
File: pgfsys-common-pdf.def 2013/10/10  (rcs-revision 1.13)
))) (/usr/share/texlive/texmf-dist/tex/generic/pgf/systemlayer/pgfsyssoftpath.code.tex
File: pgfsyssoftpath.code.tex 2013/09/09  (rcs-revision 1.9)
\pgfsyssoftpath@smallbuffer@items=\count307
\pgfsyssoftpath@bigbuffer@items=\count308
) (/usr/share/texlive/texmf-dist/tex/generic/pgf/systemlayer/pgfsysprotocol.code.tex
File: pgfsysprotocol.code.tex 2006/10/16  (rcs-revision 1.4)
)) (/usr/share/texlive/texmf-dist/tex/latex/xcolor/xcolor.sty
Package: xcolor 2007/01/21 v2.11 LaTeX color extensions (UK)
 (/usr/share/texlive/texmf-dist/tex/latex/latexconfig/color.cfg
File: color.cfg 2007/01/18 v1.5 color configuration of teTeX/TeXLive
)
Package xcolor Info: Driver file: pdftex.def on input line 225.
Package xcolor Info: Model `cmy' substituted by `cmy0' on input line 1337.
Package xcolor Info: Model `hsb' substituted by `rgb' on input line 1341.
Package xcolor Info: Model `RGB' extended on input line 1353.
Package xcolor Info: Model `HTML' substituted by `rgb' on input line 1355.
Package xcolor Info: Model `Hsb' substituted by `hsb' on input line 1356.
Package xcolor Info: Model `tHsb' substituted by `hsb' on input line 1357.
Package xcolor Info: Model `HSB' substituted by `hsb' on input line 1358.
Package xcolor Info: Model `Gray' substituted by `gray' on input line 1359.
Package xcolor Info: Model `wave' substituted by `hsb' on input line 1360.
) (/usr/share/texlive/texmf-dist/tex/generic/pgf/basiclayer/pgfcore.code.tex
Package: pgfcore 2010/04/11 v3.0.1a (rcs-revision 1.7)
 (/usr/share/texlive/texmf-dist/tex/generic/pgf/math/pgfmath.code.tex (/usr/share/texlive/texmf-dist/tex/generic/pgf/math/pgfmathcalc.code.tex (/usr/share/texlive/texmf-dist/tex/generic/pgf/math/pgfmathutil.code.tex)
(/usr/share/texlive/texmf-dist/tex/generic/pgf/math/pgfmathparser.code.tex
\pgfmath@dimen=\dimen146
\pgfmath@count=\count309
\pgfmath@box=\box35
\pgfmath@toks=\toks39
\pgfmath@stack@operand=\toks40
\pgfmath@stack@operation=\toks41
) (/usr/share/texlive/texmf-dist/tex/generic/pgf/math/pgfmathfunctions.code.tex (/usr/share/texlive/texmf-dist/tex/generic/pgf/math/pgfmathfunctions.basic.code.tex) (/usr/share/texlive/texmf-dist/tex/generic/pgf/math/pgfmathfunctions.trigonometric.code.tex) (/usr/share/texlive/texmf-dist/tex/generic/pgf/math/pgfmathfunctions.random.code.tex) (/usr/share/texlive/texmf-dist/tex/generic/pgf/math/pgfmathfunctions.comparison.code.tex) (/usr/share/texlive/texmf-dist/tex/generic/pgf/math/pgfmathfunctions.base.code.tex) (/usr/share/texlive/texmf-dist/tex/generic/pgf/math/pgfmathfunctions.round.code.tex) (/usr/share/texlive/texmf-dist/tex/generic/pgf/math/pgfmathfunctions.misc.code.tex) (/usr/share/texlive/texmf-dist/tex/generic/pgf/math/pgfmathfunctions.integerarithmetics.code.tex))) (/usr/share/texlive/texmf-dist/tex/generic/pgf/math/pgfmathfloat.code.tex
\c@pgfmathroundto@lastzeros=\count310
))
(/usr/share/texlive/texmf-dist/tex/generic/pgf/basiclayer/pgfcorepoints.code.tex
File: pgfcorepoints.code.tex 2013/10/07  (rcs-revision 1.27)
\pgf@picminx=\dimen147
\pgf@picmaxx=\dimen148
\pgf@picminy=\dimen149
\pgf@picmaxy=\dimen150
\pgf@pathminx=\dimen151
\pgf@pathmaxx=\dimen152
\pgf@pathminy=\dimen153
\pgf@pathmaxy=\dimen154
\pgf@xx=\dimen155
\pgf@xy=\dimen156
\pgf@yx=\dimen157
\pgf@yy=\dimen158
\pgf@zx=\dimen159
\pgf@zy=\dimen160
) (/usr/share/texlive/texmf-dist/tex/generic/pgf/basiclayer/pgfcorepathconstruct.code.tex
File: pgfcorepathconstruct.code.tex 2013/10/07  (rcs-revision 1.29)
\pgf@path@lastx=\dimen161
\pgf@path@lasty=\dimen162
) (/usr/share/texlive/texmf-dist/tex/generic/pgf/basiclayer/pgfcorepathusage.code.tex
File: pgfcorepathusage.code.tex 2014/11/02  (rcs-revision 1.24)
\pgf@shorten@end@additional=\dimen163
\pgf@shorten@start@additional=\dimen164
) (/usr/share/texlive/texmf-dist/tex/generic/pgf/basiclayer/pgfcorescopes.code.tex
File: pgfcorescopes.code.tex 2015/05/08  (rcs-revision 1.46)
\pgfpic=\box36
\pgf@hbox=\box37
\pgf@layerbox@main=\box38
\pgf@picture@serial@count=\count311
) (/usr/share/texlive/texmf-dist/tex/generic/pgf/basiclayer/pgfcoregraphicstate.code.tex
File: pgfcoregraphicstate.code.tex 2014/11/02  (rcs-revision 1.12)
\pgflinewidth=\dimen165
) (/usr/share/texlive/texmf-dist/tex/generic/pgf/basiclayer/pgfcoretransformations.code.tex
File: pgfcoretransformations.code.tex 2015/08/07  (rcs-revision 1.20)
\pgf@pt@x=\dimen166
\pgf@pt@y=\dimen167
\pgf@pt@temp=\dimen168
) (/usr/share/texlive/texmf-dist/tex/generic/pgf/basiclayer/pgfcorequick.code.tex
File: pgfcorequick.code.tex 2008/10/09  (rcs-revision 1.3)
) (/usr/share/texlive/texmf-dist/tex/generic/pgf/basiclayer/pgfcoreobjects.code.tex
File: pgfcoreobjects.code.tex 2006/10/11  (rcs-revision 1.2)
) (/usr/share/texlive/texmf-dist/tex/generic/pgf/basiclayer/pgfcorepathprocessing.code.tex
File: pgfcorepathprocessing.code.tex 2013/09/09  (rcs-revision 1.9)
) (/usr/share/texlive/texmf-dist/tex/generic/pgf/basiclayer/pgfcorearrows.code.tex
File: pgfcorearrows.code.tex 2015/05/14  (rcs-revision 1.43)
\pgfarrowsep=\dimen169
) (/usr/share/texlive/texmf-dist/tex/generic/pgf/basiclayer/pgfcoreshade.code.tex
File: pgfcoreshade.code.tex 2013/07/15  (rcs-revision 1.15)
\pgf@max=\dimen170
\pgf@sys@shading@range@num=\count312
)
(/usr/share/texlive/texmf-dist/tex/generic/pgf/basiclayer/pgfcoreimage.code.tex
File: pgfcoreimage.code.tex 2013/07/15  (rcs-revision 1.18)
 (/usr/share/texlive/texmf-dist/tex/generic/pgf/basiclayer/pgfcoreexternal.code.tex
File: pgfcoreexternal.code.tex 2014/07/09  (rcs-revision 1.21)
\pgfexternal@startupbox=\box39
)) (/usr/share/texlive/texmf-dist/tex/generic/pgf/basiclayer/pgfcorelayers.code.tex
File: pgfcorelayers.code.tex 2013/07/18  (rcs-revision 1.7)
) (/usr/share/texlive/texmf-dist/tex/generic/pgf/basiclayer/pgfcoretransparency.code.tex
File: pgfcoretransparency.code.tex 2013/09/30  (rcs-revision 1.5)
) (/usr/share/texlive/texmf-dist/tex/generic/pgf/basiclayer/pgfcorepatterns.code.tex
File: pgfcorepatterns.code.tex 2013/11/07  (rcs-revision 1.5)
))) (/usr/share/texlive/texmf-dist/tex/generic/pgf/modules/pgfmoduleshapes.code.tex
File: pgfmoduleshapes.code.tex 2014/03/21  (rcs-revision 1.35)
\pgfnodeparttextbox=\box40
) (/usr/share/texlive/texmf-dist/tex/generic/pgf/modules/pgfmoduleplot.code.tex
File: pgfmoduleplot.code.tex 2015/08/03  (rcs-revision 1.13)
) (/usr/share/texlive/texmf-dist/tex/latex/pgf/compatibility/pgfcomp-version-0-65.sty
Package: pgfcomp-version-0-65 2007/07/03 v3.0.1a (rcs-revision 1.7)
\pgf@nodesepstart=\dimen171
\pgf@nodesepend=\dimen172
) (/usr/share/texlive/texmf-dist/tex/latex/pgf/compatibility/pgfcomp-version-1-18.sty
Package: pgfcomp-version-1-18 2007/07/23 v3.0.1a (rcs-revision 1.1)
)) (/usr/share/texlive/texmf-dist/tex/latex/pgf/utilities/pgffor.sty (/usr/share/texlive/texmf-dist/tex/latex/pgf/utilities/pgfkeys.sty (/usr/share/texlive/texmf-dist/tex/generic/pgf/utilities/pgfkeys.code.tex))
(/usr/share/texlive/texmf-dist/tex/latex/pgf/math/pgfmath.sty (/usr/share/texlive/texmf-dist/tex/generic/pgf/math/pgfmath.code.tex)) (/usr/share/texlive/texmf-dist/tex/generic/pgf/utilities/pgffor.code.tex
Package: pgffor 2013/12/13 v3.0.1a (rcs-revision 1.25)
 (/usr/share/texlive/texmf-dist/tex/generic/pgf/math/pgfmath.code.tex)
\pgffor@iter=\dimen173
\pgffor@skip=\dimen174
\pgffor@stack=\toks42
\pgffor@toks=\toks43
)) (/usr/share/texlive/texmf-dist/tex/generic/pgf/frontendlayer/tikz/tikz.code.tex
Package: tikz 2015/08/07 v3.0.1a (rcs-revision 1.151)
 (/usr/share/texlive/texmf-dist/tex/generic/pgf/libraries/pgflibraryplothandlers.code.tex
File: pgflibraryplothandlers.code.tex 2013/08/31 v3.0.1a (rcs-revision 1.20)
\pgf@plot@mark@count=\count313
\pgfplotmarksize=\dimen175
)
\tikz@lastx=\dimen176
\tikz@lasty=\dimen177
\tikz@lastxsaved=\dimen178
\tikz@lastysaved=\dimen179
\tikzleveldistance=\dimen180
\tikzsiblingdistance=\dimen181
\tikz@figbox=\box41
\tikz@figbox@bg=\box42
\tikz@tempbox=\box43
\tikz@tempbox@bg=\box44
\tikztreelevel=\count314
\tikznumberofchildren=\count315
\tikznumberofcurrentchild=\count316
\tikz@fig@count=\count317
 (/usr/share/texlive/texmf-dist/tex/generic/pgf/modules/pgfmodulematrix.code.tex
File: pgfmodulematrix.code.tex 2013/09/17  (rcs-revision 1.8)
\pgfmatrixcurrentrow=\count318
\pgfmatrixcurrentcolumn=\count319
\pgf@matrix@numberofcolumns=\count320
)
\tikz@expandcount=\count321
 (/usr/share/texlive/texmf-dist/tex/generic/pgf/frontendlayer/tikz/libraries/tikzlibrarytopaths.code.tex
File: tikzlibrarytopaths.code.tex 2008/06/17 v3.0.1a (rcs-revision 1.2)
))) (/usr/share/texlive/texmf-dist/tex/generic/tikz-cd/tikzlibrarycd.code.tex (/usr/share/texlive/texmf-dist/tex/generic/pgf/frontendlayer/tikz/libraries/tikzlibrarymatrix.code.tex
File: tikzlibrarymatrix.code.tex 2013/07/12 v3.0.1a (rcs-revision 1.4)
) (/usr/share/texlive/texmf-dist/tex/generic/pgf/frontendlayer/tikz/libraries/tikzlibraryquotes.code.tex
File: tikzlibraryquotes.code.tex 2014/03/21 v3.0.1a (rcs-revision 1.4)
)
(/usr/share/texlive/texmf-dist/tex/generic/pgf/libraries/pgflibraryarrows.meta.code.tex
File: pgflibraryarrows.meta.code.tex 2015/05/13 v3.0.1a (rcs-revision 1.13)
\pgfarrowinset=\dimen182
\pgfarrowlength=\dimen183
\pgfarrowwidth=\dimen184
\pgfarrowlinewidth=\dimen185
))) (/usr/share/texlive/texmf-dist/tex/latex/floatrow/floatrow.sty
Package: floatrow 2008/08/02 v0.3b floatrow: float package extension
 (/usr/share/texlive/texmf-dist/tex/latex/caption/caption3.sty
Package: caption3 2016/02/04 v1.7-139 caption3 kernel (AR)
Package caption3 Info: TeX engine: e-TeX on input line 67.
\captionmargin=\dimen186
\captionmargin@=\dimen187
\captionwidth=\dimen188
\caption@tempdima=\dimen189
\caption@indent=\dimen190
\caption@parindent=\dimen191
\caption@hangindent=\dimen192
)
\c@float@type=\count322
\float@exts=\toks44
\float@box=\box45
\@floatcapt=\box46
Package floatrow Info: Modified float package code loaded on input line 455.
Package floatrow Info: Modified rotfloat package code loaded on input line 473.
\FR@everyfloat=\toks45
\flrow@foot=\insert252
\FB@wd=\dimen193
\FBo@wd=\dimen194
\FBc@wd=\dimen195
\FBo@ht=\skip102
\FBc@ht=\skip103
\FBf@ht=\skip104
\FBo@max=\skip105
\FBc@max=\skip106
\FBf@max=\skip107
\c@FBl@b=\count323
\floatbox@depth=\count324
\c@FRobj=\count325
\c@FRsobj=\count326
\Xhsize=\skip108
\sXhsize=\skip109
\Zhsize=\skip110
\sZhsize=\skip111
\flrow@rowbox=\box47
\FR@Zunitlength=\dimen196
\c@FBcnt=\count327
\FPOScnt=\count328
\LTleft=\skip112
\LTright=\skip113
\LTleft=\skip114
\LTright=\skip115
\flrow@types=\toks46
) (/usr/share/texlive/texmf-dist/tex/latex/caption/subcaption.sty
Package: subcaption 2016/02/20 v1.1-142 Sub-captions (AR)
 (/usr/share/texlive/texmf-dist/tex/latex/caption/caption.sty
Package: caption 2016/02/21 v3.3-144 Customizing captions (AR)
\c@ContinuedFloat=\count329
Package caption Info: float package is loaded.
Package caption Info: floatrow package is loaded.
Package caption Info: hyperref package is loaded.
Package caption Info: rotating package is loaded.
Package caption Info: wrapfig package is loaded.
)
\c@subfigure=\count330
\c@subtable=\count331
) (/usr/share/texlive/texmf-dist/tex/latex/thmtools/thmtools.sty
Package: thmtools 2014/04/21 v66
\thmt@toks=\toks47
\c@thmt@dummyctr=\count332
 (/usr/share/texlive/texmf-dist/tex/latex/thmtools/thm-patch.sty
Package: thm-patch 2014/04/21 v66
 (/usr/share/texlive/texmf-dist/tex/latex/thmtools/parseargs.sty
Package: parseargs 2014/04/21 v66
\@parsespec=\toks48
)) (/usr/share/texlive/texmf-dist/tex/latex/thmtools/thm-kv.sty
Package: thm-kv 2014/04/21 v66
Package thm-kv Info: Theorem names will be uppercased on input line 40.
Package thm-kv Info: kvsetkeys patch (v1.16 or later) on input line 156.
) (/usr/share/texlive/texmf-dist/tex/latex/thmtools/thm-autoref.sty
Package: thm-autoref 2014/04/21 v66
 (/usr/share/texlive/texmf-dist/tex/latex/thmtools/aliasctr.sty
Package: aliasctr 2014/04/21 v66
 (/usr/share/texlive/texmf-dist/tex/latex/carlisle/remreset.sty))) (/usr/share/texlive/texmf-dist/tex/latex/thmtools/thm-listof.sty
Package: thm-listof 2014/04/21 v66
) (/usr/share/texlive/texmf-dist/tex/latex/thmtools/thm-restate.sty
Package: thm-restate 2014/04/21 v66
) (/usr/share/texlive/texmf-dist/tex/latex/thmtools/thm-amsthm.sty
Package: thm-amsthm 2014/04/21 v66
\thmt@style@headstyle=\toks49
))
\c@theorem=\count333
\c@metaconjecture=\count334
\c@remark=\count335
\c@question=\count336

(/usr/share/texlive/texmf-dist/tex/latex/chngcntr/chngcntr.sty
Package: chngcntr 2009/09/02 v1.0a change counter resetting
)
Package biblatex Info: Trying to load language 'english'...
Package biblatex Info: ... file 'english.lbx' found.
 (/usr/share/texlive/texmf-dist/tex/latex/biblatex/lbx/english.lbx
File: english.lbx 2016/03/03 v3.3 biblatex localization (PK/JW/AB)
)
\@quotelevel=\count337
\@quotereset=\count338
 (/home/scott/Documents/thesis/thesis.aux)
\openout1 = `thesis.aux'.

LaTeX Font Info:    Checking defaults for OML/cmm/m/it on input line 123.
LaTeX Font Info:    ... okay on input line 123.
LaTeX Font Info:    Checking defaults for T1/cmr/m/n on input line 123.
LaTeX Font Info:    ... okay on input line 123.
LaTeX Font Info:    Checking defaults for OT1/cmr/m/n on input line 123.
LaTeX Font Info:    ... okay on input line 123.
LaTeX Font Info:    Checking defaults for OMS/cmsy/m/n on input line 123.
LaTeX Font Info:    ... okay on input line 123.
LaTeX Font Info:    Checking defaults for OMX/cmex/m/n on input line 123.
LaTeX Font Info:    ... okay on input line 123.
LaTeX Font Info:    Checking defaults for U/cmr/m/n on input line 123.
LaTeX Font Info:    ... okay on input line 123.
LaTeX Font Info:    Checking defaults for PD1/pdf/m/n on input line 123.
LaTeX Font Info:    ... okay on input line 123.
LaTeX Font Info:    Checking defaults for TS1/cmr/m/n on input line 123.
LaTeX Font Info:    Try loading font information for TS1+cmr on input line 123.
 (/usr/share/texlive/texmf-dist/tex/latex/base/ts1cmr.fd
File: ts1cmr.fd 2014/09/29 v2.5h Standard LaTeX font definitions
)
LaTeX Font Info:    ... okay on input line 123.
LaTeX Font Info:    Try loading font information for OT1+ptm on input line 123.
 (/usr/share/texlive/texmf-dist/tex/latex/psnfss/ot1ptm.fd
File: ot1ptm.fd 2001/06/04 font definitions for OT1/ptm.
) (/usr/share/texlive/texmf-dist/tex/context/base/supp-pdf.mkii
[Loading MPS to PDF converter (version 2006.09.02).]
\scratchcounter=\count339
\scratchdimen=\dimen197
\scratchbox=\box48
\nofMPsegments=\count340
\nofMParguments=\count341
\everyMPshowfont=\toks50
\MPscratchCnt=\count342
\MPscratchDim=\dimen198
\MPnumerator=\count343
\makeMPintoPDFobject=\count344
\everyMPtoPDFconversion=\toks51
)
*geometry* driver: auto-detecting
*geometry* detected driver: pdftex
*geometry* verbose mode - [ preamble ] result:
* driver: pdftex
* paper: letterpaper
* layout: <same size as paper>
* layoutoffset:(h,v)=(0.0pt,0.0pt)
* modes: 
* h-part:(L,W,R)=(108.405pt, 433.62001pt, 72.26999pt)
* v-part:(T,H,B)=(72.26999pt, 650.43001pt, 72.26999pt)
* \paperwidth=614.295pt
* \paperheight=794.96999pt
* \textwidth=433.62001pt
* \textheight=650.43001pt
* \oddsidemargin=36.13501pt
* \evensidemargin=36.13501pt
* \topmargin=-37.0pt
* \headheight=12.0pt
* \headsep=25.0pt
* \topskip=12.0pt
* \footskip=30.0pt
* \marginparwidth=44.0pt
* \marginparsep=10.0pt
* \columnsep=10.0pt
* \skip\footins=10.8pt plus 4.0pt minus 2.0pt
* \hoffset=0.0pt
* \voffset=0.0pt
* \mag=1000
* \@twocolumnfalse
* \@twosidefalse
* \@mparswitchfalse
* \@reversemarginfalse
* (1in=72.27pt=25.4mm, 1cm=28.453pt)

Package biblatex Info: No input encoding detected.
(biblatex)             Assuming 'ascii'.
Package biblatex Info: Automatic encoding selection.
(biblatex)             Assuming data encoding 'ascii'.
\openout3 = `thesis-blx.bib'.

Package biblatex Info: Trying to load bibliographic data...
Package biblatex Info: ... file 'thesis.bbl' found.
(/home/scott/Documents/thesis/thesis.bbl

Package biblatex Warning: BibTeX reported the following issues
(biblatex)                with 'Nielsen1924':
(biblatex)                - Invalid format of field 'month'.

)
Package biblatex Info: Reference section=0 on input line 123.
Package biblatex Info: Reference segment=0 on input line 123.
\AtBeginShipoutBox=\box49
Package hyperref Info: Link coloring OFF on input line 123.
 (/usr/share/texlive/texmf-dist/tex/latex/hyperref/nameref.sty
Package: nameref 2012/10/27 v2.43 Cross-referencing by name of section
 (/usr/share/texlive/texmf-dist/tex/generic/oberdiek/gettitlestring.sty
Package: gettitlestring 2010/12/03 v1.4 Cleanup title references (HO)
)
\c@section@level=\count345
)
LaTeX Info: Redefining \ref on input line 123.
LaTeX Info: Redefining \pageref on input line 123.
LaTeX Info: Redefining \nameref on input line 123.
 (/home/scott/Documents/thesis/thesis.out) (/home/scott/Documents/thesis/thesis.out)
\@outlinefile=\write6
\openout6 = `thesis.out'.

 ABD: EveryShipout initializing macros
Package caption Info: Begin \AtBeginDocument code.
Package caption Info: floatrow package is loaded.
Package caption Info: End \AtBeginDocument code.
 (/home/scott/Documents/thesis/titlePage.tex
LaTeX Font Info:    Font shape `OT1/ptm/bx/n' in size <12> not available
(Font)              Font shape `OT1/ptm/b/n' tried instead on input line 21.
LaTeX Font Info:    Try loading font information for TS1+ptm on input line 40.
 (/usr/share/texlive/texmf-dist/tex/latex/psnfss/ts1ptm.fd
File: ts1ptm.fd 2001/06/04 font definitions for TS1/ptm.
) [1

{/var/lib/texmf/fonts/map/pdftex/updmap/pdftex.map}]) (/home/scott/Documents/thesis/approvalPage.tex
Underfull \hbox (badness 10000) in paragraph at lines 55--58

 []


Underfull \hbox (badness 10000) in paragraph at lines 59--62

 []


Underfull \hbox (badness 10000) in paragraph at lines 63--66

 []


Underfull \hbox (badness 10000) in paragraph at lines 73--76

 []


Underfull \hbox (badness 10000) in paragraph at lines 91--94

 []

pdfTeX warning (ext4): destination with the same identifier (name{page.1}) has been already used, duplicate ignored
<to be read again> 
                   \relax 
l.136 \end{titlepage}
                      [1]) (/home/scott/Documents/thesis/dedication.texpdfTeX warning (ext4): destination with the same identifier (name{page.1}) has been already used, duplicate ignored
<to be read again> 
                   \relax 
l.19 \end{titlepage}
                     [1]) (/home/scott/Documents/thesis/acknowledgements.tex [4

]) (/home/scott/Documents/thesis/thesis.toc
LaTeX Font Info:    Try loading font information for U+msa on input line 3.
 (/usr/share/texlive/texmf-dist/tex/latex/amsfonts/umsa.fd
File: umsa.fd 2013/01/14 v3.01 AMS symbols A
)
LaTeX Font Info:    Try loading font information for U+msb on input line 3.
 (/usr/share/texlive/texmf-dist/tex/latex/amsfonts/umsb.fd
File: umsb.fd 2013/01/14 v3.01 AMS symbols B
)
LaTeX Font Info:    Try loading font information for U+wasy on input line 3.
 (/usr/share/texlive/texmf-dist/tex/latex/wasysym/uwasy.fd
File: uwasy.fd 2003/10/30 v2.0 Wasy-2 symbol font definitions
) [5


])
\tf@toc=\write7
\openout7 = `thesis.toc'.

 [6] (/home/scott/Documents/thesis/thesis.lof [7


] [8] [9] [10]
Overfull \hbox (0.18623pt too wide) in paragraph at lines 121--121
 \OT1/ptm/m/n/12 co-or-di-nates. Note the top-left three curves and the bottom-right three curves 
 []

)
\tf@lof=\write8
\openout8 = `thesis.lof'.

 [11] (/home/scott/Documents/thesis/summary.tex) [12


] (/home/scott/Documents/thesis/intro.tex
Chapter 1.
Package hyperref Info: bookmark level for unknown metaconjecture defaults to 0 on input line 28.
pdfTeX warning (ext4): destination with the same identifier (name{page.1}) has been already used, duplicate ignored
<to be read again> 
                   \relax 
l.42 
      [1


] [2]
Package hyperref Info: bookmark level for unknown question defaults to 0 on input line 75.
Package hyperref Info: bookmark level for unknown theorem defaults to 0 on input line 110.
 [3]
Overfull \hbox (1.41826pt too wide) in paragraph at lines 114--117
\OMS/cmsy/m/n/12 C\OML/cmm/m/it/12 S[]$ \OT1/ptm/m/n/12 that par-al-lels the Bir-man ex-act se-quence for the map-ping class group $[] \OML/cmm/m/it/12 S[]$\OT1/ptm/m/n/12 ,
 []

[4]) [5] (/home/scott/Documents/thesis/prelim.tex [6]
Chapter 2.
[7

]pdfTeX warning (ext4): destination with the same identifier (name{theorem.1}) has been already used, duplicate ignored
<to be read again> 
                   \relax 
l.57   A
        n edge-incidence preserving bijection between two simple, connected ...
Overfull \hbox (6.88814pt too wide) in paragraph at lines 57--59
[]\OT1/ptm/b/n/12 Theorem 2.1. []\OT1/ptm/m/it/12 An edge-incidence pre-serv-ing bi-jec-tion be-tween two sim-ple, con-nected graphs
 []

<figures/graphexamples.pdf, id=525, 355.28725pt x 137.63216pt>
File: figures/graphexamples.pdf Graphic file (type pdf)
 <use figures/graphexamples.pdf>
Package pdftex.def Info: figures/graphexamples.pdf used on input line 67.
(pdftex.def)             Requested size: 216.81pt x 83.98909pt.
 [8 </home/scott/Documents/thesis/figures/graphexamples.pdf>]
Package hyperref Info: bookmark level for unknown definition defaults to 0 on input line 84.
Package hyperref Info: bookmark level for unknown lemma defaults to 0 on input line 118.
 [9] [10] [11]pdfTeX warning (ext4): destination with the same identifier (name{theorem.5}) has been already used, duplicate ignored
<to be read again> 
                   \relax 
l.230   L
         et $T$ be a tree with group $G$ acting without inversions. If $\Gam... [12] [13] [14]
Overfull \hbox (17.91168pt too wide) in paragraph at lines 377--383
[]\OT1/ptm/m/n/12 The curve com-plex $\OMS/cmsy/m/n/12 C\OML/cmm/m/it/12 S[]$ \OT1/ptm/m/n/12 plays a large role in the proof that $[] [][] \OML/cmm/m/it/12 S[] [] [][] S[]$\OT1/ptm/m/n/12 .
 []

[15]
Package hyperref Info: bookmark level for unknown corollary defaults to 0 on input line 440.

Overfull \hbox (12.90097pt too wide) in paragraph at lines 458--460
[]\OT1/ptm/m/n/12 In par-tic-u-lar the nor-mal-izer $\OML/cmm/m/it/12 N$ \OT1/ptm/m/n/12 of $[][] \OML/cmm/m/it/12 S[]$ \OT1/ptm/m/n/12 in any group is a di-rect prod-uct $[][] \OML/cmm/m/it/12 S[] \OMS/cmsy/m/n/12 ^^B
 []

[16] [17] [18] <figures/spherestoglue.pdf, id=647, 939.50963pt x 216.82149pt>
File: figures/spherestoglue.pdf Graphic file (type pdf)
 <use figures/spherestoglue.pdf>
Package pdftex.def Info: figures/spherestoglue.pdf used on input line 624.
(pdftex.def)             Requested size: 433.62001pt x 100.06992pt.


LaTeX Warning: `!h' float specifier changed to `!ht'.

[19] <figures/samplecurves.pdf, id=660, 800.23375pt x 288.10945pt>
File: figures/samplecurves.pdf Graphic file (type pdf)
 <use figures/samplecurves.pdf>
Package pdftex.def Info: figures/samplecurves.pdf used on input line 654.
(pdftex.def)             Requested size: 303.53267pt x 109.2805pt.
 <figures/samplespheres.pdf, id=661, 372.16206pt x 258.35103pt>
File: figures/samplespheres.pdf Graphic file (type pdf)
 <use figures/samplespheres.pdf>
Package pdftex.def Info: figures/samplespheres.pdf used on input line 665.
(pdftex.def)             Requested size: 130.08733pt x 90.30594pt.
 [20 </home/scott/Documents/thesis/figures/spherestoglue.pdf> </home/scott/Documents/thesis/figures/samplecurves.pdf

pdfTeX warning: pdflatex (file /home/scott/Documents/thesis/figures/samplecurves.pdf): PDF inclusion: multiple pdfs with page group included in a single page
> </home/scott/Documents/thesis/figures/samplespheres.pdf

pdfTeX warning: pdflatex (file /home/scott/Documents/thesis/figures/samplespheres.pdf): PDF inclusion: multiple pdfs with page group included in a single page
>] <figures/spheredisk.pdf, id=675, 1625.36397pt x 629.85098pt>
File: figures/spheredisk.pdf Graphic file (type pdf)
 <use figures/spheredisk.pdf>
Package pdftex.def Info: figures/spheredisk.pdf used on input line 701.
(pdftex.def)             Requested size: 433.62001pt x 168.03416pt.
 [21 </home/scott/Documents/thesis/figures/spheredisk.pdf>]
Overfull \hbox (3.12746pt too wide) in paragraph at lines 737--739
[]\OT1/ptm/m/n/12 Permutations $\OML/cmm/m/it/12 ^^[$ \OT1/ptm/m/n/12 of $\OMS/cmsy/m/n/12 f\OML/cmm/m/it/12 a[]; [] ; a[]\OMS/cmsy/m/n/12 g$ \OT1/ptm/m/n/12 can be re-al-ized by any dif-feo-mor-phism send-ing sphere
 []

<figures/transvect.pdf, id=683, 665.72046pt x 673.67818pt>
File: figures/transvect.pdf Graphic file (type pdf)
 <use figures/transvect.pdf>
Package pdftex.def Info: figures/transvect.pdf used on input line 756.
(pdftex.def)             Requested size: 260.17465pt x 263.27824pt.


LaTeX Warning: `!h' float specifier changed to `!ht'.

[22] <figures/normalform.pdf, id=695, 489.77376pt x 291.03142pt>
File: figures/normalform.pdf Graphic file (type pdf)
 <use figures/normalform.pdf>
Package pdftex.def Info: figures/normalform.pdf used on input line 792.
(pdftex.def)             Requested size: 260.17465pt x 154.6056pt.


LaTeX Warning: `!h' float specifier changed to `!ht'.

[23 </home/scott/Documents/thesis/figures/transvect.pdf>]) (/home/scott/Documents/thesis/birman.tex [24 </home/scott/Documents/thesis/figures/normalform.pdf>]
Chapter 3.
[25

]
Package hyperref Info: bookmark level for unknown remark defaults to 0 on input line 84.
 [26]
Package hyperref Info: bookmark level for unknown example defaults to 0 on input line 183.
 <figures/graphexamples2.pdf, id=753, 167.87126pt x 192.63545pt>
File: figures/graphexamples2.pdf Graphic file (type pdf)
 <use figures/graphexamples2.pdf>
Package pdftex.def Info: figures/graphexamples2.pdf used on input line 192.
(pdftex.def)             Requested size: 65.04034pt x 74.63664pt.
 [27 </home/scott/Documents/thesis/figures/graphexamples2.pdf>] <figures/s12ands03.pdf, id=764, 779.47266pt x 611.8431pt>
File: figures/s12ands03.pdf Graphic file (type pdf)
 <use figures/s12ands03.pdf>
Package pdftex.def Info: figures/s12ands03.pdf used on input line 208.
(pdftex.def)             Requested size: 303.53267pt x 238.25374pt.
 [28 </home/scott/Documents/thesis/figures/s12ands03.pdf>]

LaTeX Warning: The counter will not be printed.
             The label is: $\cdot $ on input line 280.

[29]pdfTeX warning (ext4): destination with the same identifier (name{theorem.6}) has been already used, duplicate ignored
<to be read again> 
                   \relax 
l.339   L
         et $\Delta \subset \mathcal C S_{g,p}$ [30] [31]
Missing character: There is no  in font ptmr7t!
Missing character: There is no  in font ptmr7t!
Missing character: There is no  in font ptmr7t!
 [32] [33] <figures/corset.pdf, id=832, 742.75864pt x 348.59706pt>
File: figures/corset.pdf Graphic file (type pdf)
 <use figures/corset.pdf>
Package pdftex.def Info: figures/corset.pdf used on input line 565.
(pdftex.def)             Requested size: 303.53267pt x 142.4523pt.


LaTeX Warning: `!h' float specifier changed to `!ht'.

<figures/nests.pdf, id=834, 530.2179pt x 1056.35927pt>
File: figures/nests.pdf Graphic file (type pdf)
 <use figures/nests.pdf>
Package pdftex.def Info: figures/nests.pdf used on input line 584.
(pdftex.def)             Requested size: 216.81pt x 431.94955pt.


LaTeX Warning: `!h' float specifier changed to `!ht'.

[34] <figures/pcolorgenus.pdf, id=847, 515.7062pt x 145.82056pt>
File: figures/pcolorgenus.pdf Graphic file (type pdf)
 <use figures/pcolorgenus.pdf>
Package pdftex.def Info: figures/pcolorgenus.pdf used on input line 638.
(pdftex.def)             Requested size: 260.17465pt x 73.5687pt.
 [35 </home/scott/Documents/thesis/figures/corset.pdf>] [36 </home/scott/Documents/thesis/figures/nests.pdf>] <figures/pcolorspher.pdf, id=1054, 487.25345pt x 117.36798pt>
File: figures/pcolorspher.pdf Graphic file (type pdf)
 <use figures/pcolorspher.pdf>
Package pdftex.def Info: figures/pcolorspher.pdf used on input line 671.
(pdftex.def)             Requested size: 260.17465pt x 62.66856pt.
 <figures/pcolorsequence1.pdf, id=1058, 658.18155pt x 260.1812pt>
File: figures/pcolorsequence1.pdf Graphic file (type pdf)
 <use figures/pcolorsequence1.pdf>
Package pdftex.def Info: figures/pcolorsequence1.pdf used on input line 703.
(pdftex.def)             Requested size: 346.89732pt x 137.13312pt.
 <figures/pcolorsequence2.pdf, id=1059, 487.2062pt x 117.36798pt>
File: figures/pcolorsequence2.pdf Graphic file (type pdf)
 <use figures/pcolorsequence2.pdf>
Package pdftex.def Info: figures/pcolorsequence2.pdf used on input line 714.
(pdftex.def)             Requested size: 260.17465pt x 62.6775pt.


LaTeX Warning: `!h' float specifier changed to `!ht'.


LaTeX Warning: `!h' float specifier changed to `!ht'.

<figures/pcolorsequence3.pdf, id=1060, 844.53027pt x 402.44016pt>
File: figures/pcolorsequence3.pdf Graphic file (type pdf)
 <use figures/pcolorsequence3.pdf>
Package pdftex.def Info: figures/pcolorsequence3.pdf used on input line 725.
(pdftex.def)             Requested size: 433.62001pt x 206.6357pt.


LaTeX Warning: `!h' float specifier changed to `!ht'.

<figures/pcolorsequence4.pdf, id=1061, 1554.25713pt x 430.34831pt>
File: figures/pcolorsequence4.pdf Graphic file (type pdf)
 <use figures/pcolorsequence4.pdf>
Package pdftex.def Info: figures/pcolorsequence4.pdf used on input line 737.
(pdftex.def)             Requested size: 433.62001pt x 120.05673pt.


LaTeX Warning: `!h' float specifier changed to `!ht'.

[37 </home/scott/Documents/thesis/figures/pcolorgenus.pdf> </home/scott/Documents/thesis/figures/pcolorspher.pdf

pdfTeX warning: pdflatex (file /home/scott/Documents/thesis/figures/pcolorspher.pdf): PDF inclusion: multiple pdfs with page group included in a single page
>]

LaTeX Warning: Text page 38 contains only floats.

[38 </home/scott/Documents/thesis/figures/pcolorsequence1.pdf> </home/scott/Documents/thesis/figures/pcolorsequence2.pdf

pdfTeX warning: pdflatex (file /home/scott/Documents/thesis/figures/pcolorsequence2.pdf): PDF inclusion: multiple pdfs with page group included in a single page
> </home/scott/Documents/thesis/figures/pcolorsequence3.pdf

pdfTeX warning: pdflatex (file /home/scott/Documents/thesis/figures/pcolorsequence3.pdf): PDF inclusion: multiple pdfs with page group included in a single page
>] [39 </home/scott/Documents/thesis/figures/pcolorsequence4.pdf>] [40] [41] [42] [43]

LaTeX Warning: The counter will not be printed.
             The label is: $\cdot $ on input line 1044.

[44] [45]
Missing character: There is no  in font ptmr7t!
Missing character: There is no  in font ptmr7t!
Missing character: There is no  in font ptmr7t!
 [46] [47] <figures/ptspherenest.pdf, id=1224, 449.01477pt x 527.46413pt>
File: figures/ptspherenest.pdf Graphic file (type pdf)
 <use figures/ptspherenest.pdf>
Package pdftex.def Info: figures/ptspherenest.pdf used on input line 1253.
(pdftex.def)             Requested size: 130.08733pt x 152.8158pt.
 [48 </home/scott/Documents/thesis/figures/ptspherenest.pdf>] <figures/ptspheretransposition2.pdf, id=1235, 1881.75998pt x 1084.02513pt>
File: figures/ptspheretransposition2.pdf Graphic file (type pdf)
 <use figures/ptspheretransposition2.pdf>
Package pdftex.def Info: figures/ptspheretransposition2.pdf used on input line 1281.
(pdftex.def)             Requested size: 433.62001pt x 249.78368pt.
 <figures/ptspheretransposition.pdf, id=1237, 1367.18752pt x 1169.57521pt>
File: figures/ptspheretransposition.pdf Graphic file (type pdf)
 <use figures/ptspheretransposition.pdf>
Package pdftex.def Info: figures/ptspheretransposition.pdf used on input line 1293.
(pdftex.def)             Requested size: 433.62001pt x 370.95232pt.


LaTeX Warning: `!h' float specifier changed to `!ht'.

<figures/ptsphereinversion.pdf, id=1239, 1367.18752pt x 1169.57521pt>
File: figures/ptsphereinversion.pdf Graphic file (type pdf)
 <use figures/ptsphereinversion.pdf>
Package pdftex.def Info: figures/ptsphereinversion.pdf used on input line 1307.
(pdftex.def)             Requested size: 433.62001pt x 370.95232pt.


LaTeX Warning: `!h' float specifier changed to `!ht'.

<figures/ptsphereconj.pdf, id=1241, 1830.28445pt x 596.79541pt>
File: figures/ptsphereconj.pdf Graphic file (type pdf)
 <use figures/ptsphereconj.pdf>
Package pdftex.def Info: figures/ptsphereconj.pdf used on input line 1319.
(pdftex.def)             Requested size: 433.62001pt x 141.38524pt.


LaTeX Warning: `!h' float specifier changed to `!ht'.

[49 </home/scott/Documents/thesis/figures/ptspheretransposition2.pdf>] [50 </home/scott/Documents/thesis/figures/ptspheretransposition.pdf>] [51 </home/scott/Documents/thesis/figures/ptsphereinversion.pdf> </home/scott/Documents/thesis/figures/ptsphereconj.pdf

pdfTeX warning: pdflatex (file /home/scott/Documents/thesis/figures/ptsphereconj.pdf): PDF inclusion: multiple pdfs with page group included in a single page
>] [52]) (/home/scott/Documents/thesis/furtherout.tex [53]
Chapter 4.

Underfull \hbox (badness 10000) in paragraph at lines 38--39

 []

[54

]pdfTeX warning (ext4): destination with the same identifier (name{lemma.2}) has been already used, duplicate ignored
<to be read again> 
                   \relax 
l.78   $
        \mathcal {S}^{sep}_{n,p}$ is connected [55] <figures/sepconnect0.pdf, id=1307, 361.29973pt x 202.11572pt>
File: figures/sepconnect0.pdf Graphic file (type pdf)
 <use figures/sepconnect0.pdf>
Package pdftex.def Info: figures/sepconnect0.pdf used on input line 153.
(pdftex.def)             Requested size: 130.08733pt x 72.77084pt.
 <figures/sepconnect1.pdf, id=1308, 361.28105pt x 237.63177pt>
File: figures/sepconnect1.pdf Graphic file (type pdf)
 <use figures/sepconnect1.pdf>
Package pdftex.def Info: figures/sepconnect1.pdf used on input line 160.
(pdftex.def)             Requested size: 130.08733pt x 85.56549pt.
 <figures/sepconnect2.pdf, id=1309, 397.36241pt x 217.10646pt>
File: figures/sepconnect2.pdf Graphic file (type pdf)
 <use figures/sepconnect2.pdf>
Package pdftex.def Info: figures/sepconnect2.pdf used on input line 168.
(pdftex.def)             Requested size: 130.08733pt x 71.07555pt.

Underfull \hbox (badness 1072) in paragraph at lines 171--171
[]\OT1/ptm/m/n/10.95 (c) |The con-ju-ga-tion $\OML/cmm/m/it/10.95 b[] \OMS/cmsy/m/n/10.95 7!
 []

[56 </home/scott/Documents/thesis/figures/sepconnect0.pdf> </home/scott/Documents/thesis/figures/sepconnect1.pdf

pdfTeX warning: pdflatex (file /home/scott/Documents/thesis/figures/sepconnect1.pdf): PDF inclusion: multiple pdfs with page group included in a single page
> </home/scott/Documents/thesis/figures/sepconnect2.pdf

pdfTeX warning: pdflatex (file /home/scott/Documents/thesis/figures/sepconnect2.pdf): PDF inclusion: multiple pdfs with page group included in a single page
>]pdfTeX warning (ext4): destination with the same identifier (name{lemma.3}) has been already used, duplicate ignored
<to be read again> 
                   \relax 
l.230   \label
              {sepgenpreserved} [57]pdfTeX warning (ext4): destination with the same identifier (name{lemma.4}) has been already used, duplicate ignored
<to be read again> 
                   \relax 
l.277   \label
              {sepsharepair} <figures/sepsharepair.pdf, id=1329, 471.70628pt x 344.15002pt>
File: figures/sepsharepair.pdf Graphic file (type pdf)
 <use figures/sepsharepair.pdf>
Package pdftex.def Info: figures/sepsharepair.pdf used on input line 294.
(pdftex.def)             Requested size: 260.17465pt x 189.82397pt.
 [58 </home/scott/Documents/thesis/figures/sepsharepair.pdf>]pdfTeX warning (ext4): destination with the same identifier (name{lemma.5}) has been already used, duplicate ignored
<to be read again> 
                   \relax 
l.333   \label
              {seppairgraph} [59] <figures/bigsimplex.pdf, id=1350, 1247.89307pt x 309.16272pt>
File: figures/bigsimplex.pdf Graphic file (type pdf)
 <use figures/bigsimplex.pdf>
Package pdftex.def Info: figures/bigsimplex.pdf used on input line 427.
(pdftex.def)             Requested size: 433.62001pt x 107.42548pt.
 <figures/smallersimplex.pdf, id=1352, 1683.98349pt x 344.20103pt>
File: figures/smallersimplex.pdf Graphic file (type pdf)
 <use figures/smallersimplex.pdf>
Package pdftex.def Info: figures/smallersimplex.pdf used on input line 439.
(pdftex.def)             Requested size: 433.62001pt x 88.62881pt.
 [60] [61 </home/scott/Documents/thesis/figures/bigsimplex.pdf> </home/scott/Documents/thesis/figures/smallersimplex.pdf

pdfTeX warning: pdflatex (file /home/scott/Documents/thesis/figures/smallersimplex.pdf): PDF inclusion: multiple pdfs with page group included in a single page
>] <figures/kput0.pdf, id=1374, 542.51248pt x 306.68983pt>
File: figures/kput0.pdf Graphic file (type pdf)
 <use figures/kput0.pdf>
Package pdftex.def Info: figures/kput0.pdf used on input line 504.
(pdftex.def)             Requested size: 173.44534pt x 98.04915pt.

Underfull \hbox (badness 10000) in paragraph at lines 505--505
[]\OT1/ptm/m/n/10.95 (a) |Trans-po-si-tions move $\OML/cmm/m/it/10.95 M[]$\OT1/ptm/m/n/10.95 -
 []

<figures/kput1.pdf, id=1375, 581.05644pt x 306.68983pt>
File: figures/kput1.pdf Graphic file (type pdf)
 <use figures/kput1.pdf>
Package pdftex.def Info: figures/kput1.pdf used on input line 510.
(pdftex.def)             Requested size: 173.44534pt x 91.54436pt.
 [62 </home/scott/Documents/thesis/figures/kput0.pdf> </home/scott/Documents/thesis/figures/kput1.pdf

pdfTeX warning: pdflatex (file /home/scott/Documents/thesis/figures/kput1.pdf): PDF inclusion: multiple pdfs with page group included in a single page
>] <figures/kput2.pdf, id=1386, 400.14597pt x 291.59906pt>
File: figures/kput2.pdf Graphic file (type pdf)
 <use figures/kput2.pdf>
Package pdftex.def Info: figures/kput2.pdf used on input line 567.
(pdftex.def)             Requested size: 130.08733pt x 94.79971pt.
 <figures/kput3.pdf, id=1387, 436.51208pt x 327.47444pt>
File: figures/kput3.pdf Graphic file (type pdf)
 <use figures/kput3.pdf>
Package pdftex.def Info: figures/kput3.pdf used on input line 573.
(pdftex.def)             Requested size: 130.08733pt x 97.59349pt.
 <figures/kput4.pdf, id=1388, 400.8884pt x 327.80766pt>
File: figures/kput4.pdf Graphic file (type pdf)
 <use figures/kput4.pdf>
Package pdftex.def Info: figures/kput4.pdf used on input line 580.
(pdftex.def)             Requested size: 130.08733pt x 106.37115pt.
pdfTeX warning (ext4): destination with the same identifier (name{lemma.7}) has been already used, duplicate ignored
<to be read again> 
                   \relax 
l.592 L
       et $n\geq 3$ and $\phi \in \aaut{ \left ( \mathcal S^{sep,k}_{n} \rig... [63 </home/scott/Documents/thesis/figures/kput2.pdf> </home/scott/Documents/thesis/figures/kput3.pdf

pdfTeX warning: pdflatex (file /home/scott/Documents/thesis/figures/kput3.pdf): PDF inclusion: multiple pdfs with page group included in a single page
> </home/scott/Documents/thesis/figures/kput4.pdf

pdfTeX warning: pdflatex (file /home/scott/Documents/thesis/figures/kput4.pdf): PDF inclusion: multiple pdfs with page group included in a single page
>]pdfTeX warning (ext4): destination with the same identifier (name{definition.8}) has been already used, duplicate ignored
<to be read again> 
                   \relax 
l.637   I
         f $x$ is an $M_{k,1}$-bounding sphere engulfed by $M_{k+1,1}$-bound...pdfTeX warning (ext4): destination with the same identifier (name{lemma.9}) has been already used, duplicate ignored
<to be read again> 
                   \relax 
l.665   L
         et $\phi \in \aaut \mathcal S^{sep,k}_{n}$. [64] [65]pdfTeX warning (ext4): destination with the same identifier (name{definition.10}) has been already used, duplicate ignored
<to be read again> 
                   \relax 
l.726 D
       efine an $M_{k-1,1}$-sharing pair [66]pdfTeX warning (ext4): destination with the same identifier (name{lemma.12}) has been already used, duplicate ignored
<to be read again> 
                   \relax 
l.796   S
         haring pairs are characteristic.\\
Overfull \hbox (0.15675pt too wide) in paragraph at lines 804--812
[]\OT1/ptm/m/n/12 Let $\OML/cmm/m/it/12 y; x[]; v[]; w[]; x[]; v[]; w[]$ \OT1/ptm/m/n/12 be as in Def-i-ni-tion []4.10[]. By Lemma []4.7[] $\OML/cmm/m/it/12 ^^^\OT1/cmr/m/n/12 (\OML/cmm/m/it/12 x[]\OT1/cmr/m/n/12 )\OML/cmm/m/it/12 ; [] ; ^^^\OT1/cmr/m/n/12 (\OML/cmm/m/it/12 x[]\OT1/cmr/m/n/12 )$
 []

<figures/ksharingnotpent.pdf, id=1436, 1696.14561pt x 327.16599pt>
File: figures/ksharingnotpent.pdf Graphic file (type pdf)
 <use figures/ksharingnotpent.pdf>
Package pdftex.def Info: figures/ksharingnotpent.pdf used on input line 824.
(pdftex.def)             Requested size: 433.62001pt x 83.63838pt.


LaTeX Warning: `!h' float specifier changed to `!ht'.

pdfTeX warning (ext4): destination with the same identifier (name{lemma.13}) has been already used, duplicate ignored
<to be read again> 
                   \relax 
l.843   S
         haring triples are characteristic.\\ [67]
Overfull \hbox (17.54819pt too wide) in paragraph at lines 867--892
\OT1/ptm/m/n/12 bounding sphere shared by $\OMS/cmsy/m/n/12 f\OML/cmm/m/it/12 ^^^\OT1/cmr/m/n/12 (\OML/cmm/m/it/12 x[]\OT1/cmr/m/n/12 )\OML/cmm/m/it/12 ; ^^^\OT1/cmr/m/n/12 (\OML/cmm/m/it/12 x[]\OT1/cmr/m/n/12 )\OMS/cmsy/m/n/12 g$ \OT1/ptm/m/n/12 and that en-gulfs $\OML/cmm/m/it/12 z[]$\OT1/ptm/m/n/12 . But then $\OML/cmm/m/it/12 ^^^\OT1/cmr/m/n/12 (\OML/cmm/m/it/12 x[]\OT1/cmr/m/n/12 )\OML/cmm/m/it/12 ; ^^^\OT1/cmr/m/n/12 (\OML/cmm/m/it/12 x[]\OT1/cmr/m/n/12 )\OML/cmm/m/it/12 ; ^^^\OT1/cmr/m/n/12 (\OML/cmm/m/it/12 x[]\OT1/cmr/m/n/12 )$
 []

[68 </home/scott/Documents/thesis/figures/ksharingnotpent.pdf>]pdfTeX warning (ext4): destination with the same identifier (name{lemma.14}) has been already used, duplicate ignored
<to be read again> 
                   \relax 
l.914   T
         he sharing pair graph $\mathcal P_x$ is connected for $n\geq 3k$ an... <figures/ksharepairgraph0.pdf, id=1457, 706.0159pt x 345.23383pt>
File: figures/ksharepairgraph0.pdf Graphic file (type pdf)
 <use figures/ksharepairgraph0.pdf>
Package pdftex.def Info: figures/ksharepairgraph0.pdf used on input line 954.
(pdftex.def)             Requested size: 216.81pt x 106.01521pt.
 [69] <figures/ksharepairgraph1.pdf, id=1464, 867.31787pt x 381.36882pt>
File: figures/ksharepairgraph1.pdf Graphic file (type pdf)
 <use figures/ksharepairgraph1.pdf>
Package pdftex.def Info: figures/ksharepairgraph1.pdf used on input line 982.
(pdftex.def)             Requested size: 260.17465pt x 114.39989pt.
 [70 </home/scott/Documents/thesis/figures/ksharepairgraph0.pdf>] [71 </home/scott/Documents/thesis/figures/ksharepairgraph1.pdf>]pdfTeX warning (ext4): destination with the same identifier (name{definition.16}) has been already used, duplicate ignored
<to be read again> 
                   \relax 
l.1104 I
        f $F_n$ can be expressed as the internal free product of subgroups $...

LaTeX Warning: The counter will not be printed.
             The label is: $\cdot $ on input line 1114.

[72]pdfTeX warning (ext4): destination with the same identifier (name{lemma.19}) has been already used, duplicate ignored
<to be read again> 
                   \relax 
l.1151 A
        utomorphisms of $\sfn$ preserve the cardinality of sets of spheres. [73]
Underfull \hbox (badness 10000) in paragraph at lines 1170--1171

 []

[74]pdfTeX warning (ext4): destination with the same identifier (name{lemma.21}) has been already used, duplicate ignored
<to be read again> 
                   \relax 
l.1204 T
        he link of a genus $k$ bounding $m$-tuple of $\coc n$ is isomorphic ...
Underfull \hbox (badness 10000) in paragraph at lines 1219--1220

 []

[75] <figures/spheresagain.pdf, id=1534, 500.54726pt x 145.20074pt>
File: figures/spheresagain.pdf Graphic file (type pdf)
 <use figures/spheresagain.pdf>
Package pdftex.def Info: figures/spheresagain.pdf used on input line 1240.
(pdftex.def)             Requested size: 433.62001pt x 125.78966pt.
 [76 </home/scott/Documents/thesis/figures/spheresagain.pdf>]
Overfull \hbox (51.04277pt too wide) in paragraph at lines 1261--1263
[]\OT1/ptm/m/n/12 By Case 1 we have that $\OMS/cmsy/m/n/12 f\OML/cmm/m/it/12 ^^^\OT1/cmr/m/n/12 (\OML/cmm/m/it/12 x[]\OT1/cmr/m/n/12 )\OML/cmm/m/it/12 ; [] ; ^^^\OT1/cmr/m/n/12 (\OML/cmm/m/it/12 x[]\OT1/cmr/m/n/12 )\OMS/cmsy/m/n/12 g$ \OT1/ptm/m/n/12 is a genus 0 bound-ing $\OT1/cmr/m/n/12 4$\OT1/ptm/m/n/12 -tuple and $\OMS/cmsy/m/n/12 f\OML/cmm/m/it/12 ^^^\OT1/cmr/m/n/12 (\OML/cmm/m/it/12 x\OT1/cmr/m/n/12 )\OML/cmm/m/it/12 ; ^^^\OT1/cmr/m/n/12 (\OML/cmm/m/it/12 x[]\OT1/cmr/m/n/12 )\OML/cmm/m/it/12 ; ^^^\OT1/cmr/m/n/12 (\OML/cmm/m/it/12 x[]\OT1/cmr/m/n/12 )\OMS/cmsy/m/n/12 g$
 []

[77]pdfTeX warning (ext4): destination with the same identifier (name{lemma.24}) has been already used, duplicate ignored
<to be read again> 
                   \relax 
l.1369 \begin{lemma} A
                      utomorphisms of the free factor complex preserve the r... [78] [79]) (/home/scott/Documents/thesis/strongsep.tex [80]
Chapter 5.
pdfTeX warning (ext4): destination with the same identifier (name{theorem.1}) has been already used, duplicate ignored
<to be read again> 
                   \relax 
l.33   \label
             {thm:bowditch}pdfTeX warning (ext4): destination with the same identifier (name{theorem.2}) has been already used, duplicate ignored
<to be read again> 
                   \relax 
l.46   \label
             {thm:css} [81

] [82]pdfTeX warning (ext4): destination with the same identifier (name{lemma.3}) has been already used, duplicate ignored
<to be read again> 
                   \relax 
l.96   \label
             {thm:cssgraphs}pdfTeX warning (ext4): destination with the same identifier (name{lemma.5}) has been already used, duplicate ignored
<to be read again> 
                   \relax 
l.122   \label
              {thm:csstype} <figures/cssmaxsimp4.pdf, id=1620, 828.68666pt x 229.92558pt>
File: figures/cssmaxsimp4.pdf Graphic file (type pdf)
 <use figures/cssmaxsimp4.pdf>
Package pdftex.def Info: figures/cssmaxsimp4.pdf used on input line 138.
(pdftex.def)             Requested size: 260.17465pt x 72.18837pt.


LaTeX Warning: `!h' float specifier changed to `!ht'.

<figures/cssmaxsimp1.pdf, id=1623, 1596.91087pt x 414.86842pt>
File: figures/cssmaxsimp1.pdf Graphic file (type pdf)
 <use figures/cssmaxsimp1.pdf>
Package pdftex.def Info: figures/cssmaxsimp1.pdf used on input line 153.
(pdftex.def)             Requested size: 433.62001pt x 112.649pt.


LaTeX Warning: `!h' float specifier changed to `!ht'.

[83] <figures/cssmaxsimp2.pdf, id=1634, 1212.79895pt x 414.86848pt>
File: figures/cssmaxsimp2.pdf Graphic file (type pdf)
 <use figures/cssmaxsimp2.pdf>
Package pdftex.def Info: figures/cssmaxsimp2.pdf used on input line 172.
(pdftex.def)             Requested size: 346.89732pt x 118.66287pt.


LaTeX Warning: `!h' float specifier changed to `!ht'.

[84 </home/scott/Documents/thesis/figures/cssmaxsimp4.pdf> </home/scott/Documents/thesis/figures/cssmaxsimp1.pdf

pdfTeX warning: pdflatex (file /home/scott/Documents/thesis/figures/cssmaxsimp1.pdf): PDF inclusion: multiple pdfs with page group included in a single page
>] <figures/cssmaxsimp3.pdf, id=1644, 828.68666pt x 229.92558pt>
File: figures/cssmaxsimp3.pdf Graphic file (type pdf)
 <use figures/cssmaxsimp3.pdf>
Package pdftex.def Info: figures/cssmaxsimp3.pdf used on input line 192.
(pdftex.def)             Requested size: 260.17465pt x 72.18837pt.
 <figures/cssmaxsimp5.pdf, id=1647, 927.59561pt x 316.53691pt>
File: figures/cssmaxsimp5.pdf Graphic file (type pdf)
 <use figures/cssmaxsimp5.pdf>
Package pdftex.def Info: figures/cssmaxsimp5.pdf used on input line 209.
(pdftex.def)             Requested size: 260.17465pt x 88.78429pt.


LaTeX Warning: `!h' float specifier changed to `!ht'.

[85 </home/scott/Documents/thesis/figures/cssmaxsimp2.pdf> </home/scott/Documents/thesis/figures/cssmaxsimp3.pdf

pdfTeX warning: pdflatex (file /home/scott/Documents/thesis/figures/cssmaxsimp3.pdf): PDF inclusion: multiple pdfs with page group included in a single page
>] [86 </home/scott/Documents/thesis/figures/cssmaxsimp5.pdf>] [87]pdfTeX warning (ext4): destination with the same identifier (name{theorem.7}) has been already used, duplicate ignored
<to be read again> 
                   \relax 
l.300   \label
              {thm:sepcurvecomplex} [88] [89]pdfTeX warning (ext4): destination with the same identifier (name{lemma.12}) has been already used, duplicate ignored
<to be read again> 
                   \relax 
l.405   \label
              {lem:csstoass} [90]pdfTeX warning (ext4): destination with the same identifier (name{lemma.13}) has been already used, duplicate ignored
<to be read again> 
                   \relax 
l.432   $
         \mathcal A^{ssep}  S_{g,p}$ is uniquely colorable for $g\geq 3$ or ... <figures/strongbraid1.pdf, id=1712, 970.72592pt x 202.75461pt>
File: figures/strongbraid1.pdf Graphic file (type pdf)
 <use figures/strongbraid1.pdf>
Package pdftex.def Info: figures/strongbraid1.pdf used on input line 463.
(pdftex.def)             Requested size: 433.62001pt x 90.56737pt.


LaTeX Warning: `!h' float specifier changed to `!ht'.

[91] <figures/strongnest.pdf, id=1721, 800.20526pt x 288.08205pt>
File: figures/strongnest.pdf Graphic file (type pdf)
 <use figures/strongnest.pdf>
Package pdftex.def Info: figures/strongnest.pdf used on input line 487.
(pdftex.def)             Requested size: 216.81pt x 78.05133pt.
 <figures/strongtwists.pdf, id=1724, 800.20538pt x 288.10379pt>
File: figures/strongtwists.pdf Graphic file (type pdf)
 <use figures/strongtwists.pdf>
Package pdftex.def Info: figures/strongtwists.pdf used on input line 500.
(pdftex.def)             Requested size: 216.81pt x 78.05722pt.


LaTeX Warning: `!h' float specifier changed to `!ht'.

<figures/strongtwist.pdf, id=1727, 243.67735pt x 630.33527pt>
File: figures/strongtwist.pdf Graphic file (type pdf)
 <use figures/strongtwist.pdf>
Package pdftex.def Info: figures/strongtwist.pdf used on input line 514.
(pdftex.def)             Requested size: 86.72267pt x 224.33324pt.
 <figures/strongtwist2.pdf, id=1728, 243.67735pt x 758.37263pt>
File: figures/strongtwist2.pdf Graphic file (type pdf)
 <use figures/strongtwist2.pdf>
Package pdftex.def Info: figures/strongtwist2.pdf used on input line 514.
(pdftex.def)             Requested size: 86.72267pt x 269.90111pt.


LaTeX Warning: `!h' float specifier changed to `!ht'.

<figures/strongdehn.pdf, id=1729, 1611.10881pt x 886.56807pt>
File: figures/strongdehn.pdf Graphic file (type pdf)
 <use figures/strongdehn.pdf>
Package pdftex.def Info: figures/strongdehn.pdf used on input line 525.
(pdftex.def)             Requested size: 433.62001pt x 238.60548pt.


LaTeX Warning: `!h' float specifier changed to `!ht'.

[92 </home/scott/Documents/thesis/figures/strongbraid1.pdf> </home/scott/Documents/thesis/figures/strongnest.pdf

pdfTeX warning: pdflatex (file /home/scott/Documents/thesis/figures/strongnest.pdf): PDF inclusion: multiple pdfs with page group included in a single page
>] [93 </home/scott/Documents/thesis/figures/strongtwists.pdf> </home/scott/Documents/thesis/figures/strongtwist.pdf

pdfTeX warning: pdflatex (file /home/scott/Documents/thesis/figures/strongtwist.pdf): PDF inclusion: multiple pdfs with page group included in a single page
> </home/scott/Documents/thesis/figures/strongtwist2.pdf

pdfTeX warning: pdflatex (file /home/scott/Documents/thesis/figures/strongtwist2.pdf): PDF inclusion: multiple pdfs with page group included in a single page
>] [94 </home/scott/Documents/thesis/figures/strongdehn.pdf>] [95]pdfTeX warning (ext4): destination with the same identifier (name{lemma.15}) has been already used, duplicate ignored
<to be read again> 
                   \relax 
l.614   L
         et $z$ be a curve bounding a 2-punctured disk in $S_{g,p}$. <figures/handlecompliment.pdf, id=1827, 603.23262pt x 288.10954pt>
File: figures/handlecompliment.pdf Graphic file (type pdf)
 <use figures/handlecompliment.pdf>
Package pdftex.def Info: figures/handlecompliment.pdf used on input line 636.
(pdftex.def)             Requested size: 216.81pt x 103.55229pt.
 <figures/handlecompliments1b.pdf, id=1828, 603.2325pt x 288.27524pt>
File: figures/handlecompliments1b.pdf Graphic file (type pdf)
 <use figures/handlecompliments1b.pdf>
Package pdftex.def Info: figures/handlecompliments1b.pdf used on input line 643.
(pdftex.def)             Requested size: 216.81pt x 103.61185pt.
 [96 </home/scott/Documents/thesis/figures/handlecompliment.pdf> </home/scott/Documents/thesis/figures/handlecompliments1b.pdf

pdfTeX warning: pdflatex (file /home/scott/Documents/thesis/figures/handlecompliments1b.pdf): PDF inclusion: multiple pdfs with page group included in a single page
>] <figures/handlecompliment2.pdf, id=1842, 1086.04794pt x 289.66495pt>
File: figures/handlecompliment2.pdf Graphic file (type pdf)
 <use figures/handlecompliment2.pdf>
Package pdftex.def Info: figures/handlecompliment2.pdf used on input line 679.
(pdftex.def)             Requested size: 346.89732pt x 92.5223pt.
 <figures/handlecompliment3.pdf, id=1845, 516.99661pt x 915.60446pt>
File: figures/handlecompliment3.pdf Graphic file (type pdf)
 <use figures/handlecompliment3.pdf>
Package pdftex.def Info: figures/handlecompliment3.pdf used on input line 700.
(pdftex.def)             Requested size: 173.44534pt x 307.16599pt.


LaTeX Warning: `!h' float specifier changed to `!ht'.

[97 </home/scott/Documents/thesis/figures/handlecompliment2.pdf>] <figures/handlecompliment4.pdf, id=1856, 1000.69336pt x 517.26642pt>
File: figures/handlecompliment4.pdf Graphic file (type pdf)
 <use figures/handlecompliment4.pdf>
Package pdftex.def Info: figures/handlecompliment4.pdf used on input line 724.
(pdftex.def)             Requested size: 433.62001pt x 224.14085pt.


LaTeX Warning: `!h' float specifier changed to `!ht'.

<figures/handlecompliment4b.pdf, id=1857, 2865.44624pt x 1074.41672pt>
File: figures/handlecompliment4b.pdf Graphic file (type pdf)
 <use figures/handlecompliment4b.pdf>
Package pdftex.def Info: figures/handlecompliment4b.pdf used on input line 731.
(pdftex.def)             Requested size: 433.62001pt x 162.58185pt.


LaTeX Warning: `!h' float specifier changed to `!ht'.

[98 </home/scott/Documents/thesis/figures/handlecompliment3.pdf>] [99 </home/scott/Documents/thesis/figures/handlecompliment4.pdf> </home/scott/Documents/thesis/figures/handlecompliment4b.pdf

pdfTeX warning: pdflatex (file /home/scott/Documents/thesis/figures/handlecompliment4b.pdf): PDF inclusion: multiple pdfs with page group included in a single page
>] [100]pdfTeX warning (ext4): destination with the same identifier (name{lemma.17}) has been already used, duplicate ignored
<to be read again> 
                   \relax 
l.811   $
         \css S_{1,4}$ has no cycles smaller than octagons.

LaTeX Warning: The counter will not be printed.
             The label is: $\cdot $ on input line 825.

[101]pdfTeX warning (ext4): destination with the same identifier (name{lemma.19}) has been already used, duplicate ignored
<to be read again> 
                   \relax 
l.853   U
         p to relabeling the points, the point configuration $P(\mathcal O)$...
Overfull \hbox (22.11807pt too wide) in paragraph at lines 859--861
[]\OT1/ptm/m/n/12 Fix min-i-mally in-ter-sect-ing rep-re-sen-ta-tives of the ho-mo-topy classes of oc-tagon $\OT1/cmr/m/n/12 (\OML/cmm/m/it/12 x[]; y[]\OT1/cmr/m/n/12 )[]$\OT1/ptm/m/n/12 . 
 []

<figures/outofx0.pdf, id=1896, 344.47194pt x 288.05609pt>
File: figures/outofx0.pdf Graphic file (type pdf)
 <use figures/outofx0.pdf>
Package pdftex.def Info: figures/outofx0.pdf used on input line 884.
(pdftex.def)             Requested size: 130.08733pt x 108.78116pt.
 [102 </home/scott/Documents/thesis/figures/outofx0.pdf>] <figures/standardoctagon.pdf, id=1908, 1084.24371pt x 914.01663pt>
File: figures/standardoctagon.pdf Graphic file (type pdf)
 <use figures/standardoctagon.pdf>
Package pdftex.def Info: figures/standardoctagon.pdf used on input line 931.
(pdftex.def)             Requested size: 260.17465pt x 219.32663pt.
Package hyperref Info: bookmark level for unknown conjecture defaults to 0 on input line 939.
 [103 </home/scott/Documents/thesis/figures/standardoctagon.pdf>]pdfTeX warning (ext4): destination with the same identifier (name{lemma.21}) has been already used, duplicate ignored
<to be read again> 
                   \relax 
l.946   I
         f Conjecture \ref{conjoct} is true then automorphisms of $\css S_{1... [104]
Overfull \hbox (1.39885pt too wide) in paragraph at lines 991--999
\OT1/ptm/m/n/12 is an oc-tagon so by Lemma []5.19[], it must be that the point con-fig-u-ra-tions are equal $\OML/cmm/m/it/12 P\OT1/cmr/m/n/12 (\OML/cmm/m/it/12 x[]\OT1/cmr/m/n/12 ) =
 []

pdfTeX warning (ext4): destination with the same identifier (name{definition.22}) has been already used, duplicate ignored
<to be read again> 
                   \relax 
l.1018   L
          et $z$ be a 2-punctured disk. [105]
Package hyperref Info: bookmark level for unknown proposition defaults to 0 on input line 1059.
 [106] <figures/s14compute.pdf, id=1961, 316.50847pt x 103.80605pt>
File: figures/s14compute.pdf Graphic file (type pdf)
 <use figures/s14compute.pdf>
Package pdftex.def Info: figures/s14compute.pdf used on input line 1116.
(pdftex.def)             Requested size: 173.44534pt x 56.886pt.
 [107 </home/scott/Documents/thesis/figures/s14compute.pdf>] <figures/oct/oneedge.pdf, id=1979, 685.72948pt x 162.92645pt>
File: figures/oct/oneedge.pdf Graphic file (type pdf)
 <use figures/oct/oneedge.pdf>
Package pdftex.def Info: figures/oct/oneedge.pdf used on input line 1157.
(pdftex.def)             Requested size: 433.62001pt x 103.02705pt.
 <figures/oct/octstandard1.pdf, id=1980, 1044.58322pt x 518.70203pt>
File: figures/oct/octstandard1.pdf Graphic file (type pdf)
 <use figures/oct/octstandard1.pdf>
Package pdftex.def Info: figures/oct/octstandard1.pdf used on input line 1166.
(pdftex.def)             Requested size: 433.62001pt x 215.32065pt.


LaTeX Warning: `!h' float specifier changed to `!ht'.

<figures/oct/oct0303.pdf, id=1981, 1044.58322pt x 518.70203pt>
File: figures/oct/oct0303.pdf Graphic file (type pdf)
 <use figures/oct/oct0303.pdf>
Package pdftex.def Info: figures/oct/oct0303.pdf used on input line 1172.
(pdftex.def)             Requested size: 433.62001pt x 215.32065pt.


LaTeX Warning: `!h' float specifier changed to `!ht'.

<figures/oct/oct3322.pdf, id=1982, 1044.23119pt x 518.93398pt>
File: figures/oct/oct3322.pdf Graphic file (type pdf)
 <use figures/oct/oct3322.pdf>
Package pdftex.def Info: figures/oct/oct3322.pdf used on input line 1178.
(pdftex.def)             Requested size: 433.62001pt x 215.48819pt.


LaTeX Warning: `!h' float specifier changed to `!ht'.


Overfull \hbox (6.53761pt too wide) in paragraph at lines 1185--1194
\OT1/ptm/m/n/12 dard graph al-go-rithms we com-pute 5255 oc-tagons based at the curve (1,0,1,0,2,2,0,2,2,1,2,1).
 []

[108 </home/scott/Documents/thesis/figures/oct/oneedge.pdf>]) [109 </home/scott/Documents/thesis/figures/oct/octstandard1.pdf> </home/scott/Documents/thesis/figures/oct/oct0303.pdf

pdfTeX warning: pdflatex (file /home/scott/Documents/thesis/figures/oct/oct0303.pdf): PDF inclusion: multiple pdfs with page group included in a single page
>] [110 </home/scott/Documents/thesis/figures/oct/oct3322.pdf>]
LaTeX Font Info:    Try loading font information for OT1+pcr on input line 250.
 (/usr/share/texlive/texmf-dist/tex/latex/psnfss/ot1pcr.fd
File: ot1pcr.fd 2001/06/04 font definitions for OT1/pcr.
)
Overfull \hbox (28.10214pt too wide) in paragraph at lines 250--250
\OT1/ptm/m/n/12 meta-con-jec-ture of Ivanov,'' \OT1/ptm/m/it/12 ArXiv e-prints\OT1/ptm/m/n/12 , Oct. 2017. arXiv: []$\OT1/pcr/m/n/12 1710 . 08929$ [math.GT][]\OT1/ptm/m/n/12 . 
 []

[111

]
Overfull \hbox (0.44894pt too wide) in paragraph at lines 250--250
[]\OT1/ptm/m/n/12 F. Luo, ``Au-to-mor-phisms of the com-plex of curves,'' \OT1/ptm/m/it/12 Topol-ogy\OT1/ptm/m/n/12 , vol. 39, no. 2, pp. 283{
 []

[112] [113] [114]
Package atveryend Info: Empty hook `BeforeClearDocument' on input line 263.
Package atveryend Info: Empty hook `AfterLastShipout' on input line 263.
 (/home/scott/Documents/thesis/thesis.aux)
Package atveryend Info: Executing hook `AtVeryEndDocument' on input line 263.
Package atveryend Info: Executing hook `AtEndAfterFileList' on input line 263.
Package rerunfilecheck Info: File `thesis.out' has not changed.
(rerunfilecheck)             Checksum: 4535F7EE5E9C1A21D4B01090BF51D64C;2281.
Package logreq Info: Writing requests to 'thesis.run.xml'.
\openout1 = `thesis.run.xml'.

 )
(\end occurred when \iftrue on line 123 was incomplete) 
Here is how much of TeX's memory you used:
 28787 strings out of 493029
 538809 string characters out of 6136234
 688888 words of memory out of 5000000
 31222 multiletter control sequences out of 15000+600000
 21699 words of font info for 62 fonts, out of 8000000 for 9000
 1141 hyphenation exceptions out of 8191
 61i,15n,84p,879b,1118s stack positions out of 5000i,500n,10000p,200000b,80000s
{/usr/share/texlive/texmf-dist/fonts/enc/dvips/base/8r.enc}</usr/share/texlive/texmf-dist/fonts/type1/public/amsfonts/cm/cmex10.pfb></usr/share/texlive/texmf-dist/fonts/type1/public/amsfonts/cm/cmmi10.pfb></usr/share/texlive/texmf-dist/fonts/type1/public/amsfonts/cm/cmmi12.pfb></usr/share/texlive/texmf-dist/fonts/type1/public/amsfonts/cm/cmmi6.pfb></usr/share/texlive/texmf-dist/fonts/type1/public/amsfonts/cm/cmmi8.pfb></usr/share/texlive/texmf-dist/fonts/type1/public/amsfonts/cm/cmr12.pfb></usr/share/texlive/texmf-dist/fonts/type1/public/amsfonts/cm/cmr6.pfb></usr/share/texlive/texmf-dist/fonts/type1/public/amsfonts/cm/cmr8.pfb></usr/share/texlive/texmf-dist/fonts/type1/public/amsfonts/cm/cmsy10.pfb></usr/share/texlive/texmf-dist/fonts/type1/public/amsfonts/cm/cmsy6.pfb></usr/share/texlive/texmf-dist/fonts/type1/public/amsfonts/cm/cmsy8.pfb></usr/share/texlive/texmf-dist/fonts/type1/public/amsfonts/symbols/msam10.pfb></usr/share/te
xlive/texmf-dist/fonts/type1/public/amsfonts/symbols/msbm10.pfb></usr/share/texlive/texmf-dist/fonts/type1/urw/courier/ucrr8a.pfb></usr/share/texlive/texmf-dist/fonts/type1/urw/times/utmb8a.pfb></usr/share/texlive/texmf-dist/fonts/type1/urw/times/utmr8a.pfb></usr/share/texlive/texmf-dist/fonts/type1/urw/times/utmri8a.pfb>
Output written on /home/scott/Documents/thesis/thesis.pdf (126 pages, 1368170 bytes).
PDF statistics:
 4981 PDF objects out of 5155 (max. 8388607)
 3695 compressed objects within 37 object streams
 520 named destinations out of 1000 (max. 500000)
 590 words of extra memory for PDF output out of 10000 (max. 10000000)

