\BOOKMARK [0][-]{titlePage.0}{Title Page}{}% 1
\BOOKMARK [0][-]{Doc-Start}{Acknowledgments}{}% 2
\BOOKMARK [0][-]{TOC.0}{Table of Contents}{}% 3
\BOOKMARK [0][-]{chapter*.1}{List of Figures}{}% 4
\BOOKMARK [0][-]{chapter*.2}{Summary}{}% 5
\BOOKMARK [0][-]{chapter.1}{Introduction}{}% 6
\BOOKMARK [1][-]{section.1.1}{Ivanov's Metaconjecture and Free Group Automorphisms}{chapter.1}% 7
\BOOKMARK [1][-]{section.1.2}{Outline of Results}{chapter.1}% 8
\BOOKMARK [2][-]{subsection.1.2.1}{Birman Point Pushing}{section.1.2}% 9
\BOOKMARK [2][-]{subsection.1.2.2}{Further Out}{section.1.2}% 10
\BOOKMARK [2][-]{subsection.1.2.3}{Strongly Separating Curves}{section.1.2}% 11
\BOOKMARK [0][-]{chapter.2}{Preliminaries}{}% 12
\BOOKMARK [1][-]{section.2.1}{Combinatorial Models}{chapter.2}% 13
\BOOKMARK [2][-]{subsection.2.1.1}{Graphs and Simplicial Complexes}{section.2.1}% 14
\BOOKMARK [2][-]{subsection.2.1.2}{Putman's Lemma}{section.2.1}% 15
\BOOKMARK [2][-]{subsection.2.1.3}{Bass-Serre Theory}{section.2.1}% 16
\BOOKMARK [1][-]{section.2.2}{Surface Models}{chapter.2}% 17
\BOOKMARK [2][-]{subsection.2.2.1}{The Curve Complex}{section.2.2}% 18
\BOOKMARK [2][-]{subsection.2.2.2}{The Birman Exact Sequence}{section.2.2}% 19
\BOOKMARK [2][-]{subsection.2.2.3}{Mapping class group are only trivial normal subgroups.}{section.2.2}% 20
\BOOKMARK [1][-]{section.2.3}{Free Group Automorphism Models}{chapter.2}% 21
\BOOKMARK [0][-]{chapter.3}{Birman Point Pushing}{}% 22
\BOOKMARK [1][-]{section.3.1}{Curves and Punctures}{chapter.3}% 23
\BOOKMARK [1][-]{section.3.2}{Spheres and Punctures}{chapter.3}% 24
\BOOKMARK [0][-]{chapter.4}{Further Out}{}% 25
\BOOKMARK [1][-]{section.4.1}{Complex of Separating Spheres}{chapter.4}% 26
\BOOKMARK [1][-]{section.4.2}{Complexes of High Genus Separating Spheres}{chapter.4}% 27
\BOOKMARK [1][-]{section.4.3}{The Free Factor Complex}{chapter.4}% 28
\BOOKMARK [0][-]{chapter.5}{Complex of Strongly Separating Curves}{}% 29
\BOOKMARK [1][-]{section.5.1}{Point-Forgetting Projection}{chapter.5}% 30
\BOOKMARK [1][-]{section.5.2}{The Low Complexity Cases}{chapter.5}% 31
\BOOKMARK [1][-]{section.5.3}{The Four Punctured Torus}{chapter.5}% 32
\BOOKMARK [1][-]{section.5.4}{Computational Evidence}{chapter.5}% 33
\BOOKMARK [0][-]{chapter*.58}{References}{}% 34
