This is pdfTeX, Version 3.1415926-2.3-1.40.12 (MiKTeX 2.9) (preloaded format=pdflatex 2011.11.10)  12 APR 2012 03:03
entering extended mode
**C:/Users/Scott/Documents/School/Wavelettes/SoundCompression/APresentation/Pre
sentation.tex

(C:/Users/Scott/Documents/School/Wavelettes/SoundCompression/APresentation/Pres
entation.tex
LaTeX2e <2011/06/27>
Babel <v3.8m> and hyphenation patterns for english, afrikaans, ancientgreek, ar
abic, armenian, assamese, basque, bengali, bokmal, bulgarian, catalan, coptic, 
croatian, czech, danish, dutch, esperanto, estonian, farsi, finnish, french, ga
lician, german, german-x-2009-06-19, greek, gujarati, hindi, hungarian, iceland
ic, indonesian, interlingua, irish, italian, kannada, kurmanji, lao, latin, lat
vian, lithuanian, malayalam, marathi, mongolian, mongolianlmc, monogreek, ngerm
an, ngerman-x-2009-06-19, nynorsk, oriya, panjabi, pinyin, polish, portuguese, 
romanian, russian, sanskrit, serbian, slovak, slovenian, spanish, swedish, swis
sgerman, tamil, telugu, turkish, turkmen, ukenglish, ukrainian, uppersorbian, u
senglishmax, welsh, loaded.
("C:\Program Files (x86)\MiKTeX 2.9\tex\latex\beamer\beamer.cls"
("C:\Program Files (x86)\MiKTeX 2.9\tex\latex\beamer\beamerbasercs.sty"
Package: beamerbasercs 2012/03/29 (rcs-revision d945f8a06d90)
)
Document Class: beamer 2011/09/12 development version 3.16 A class for typesett
ing presentations (rcs-revision 70f9d8411e54)
("C:\Program Files (x86)\MiKTeX 2.9\tex\latex\beamer\beamerbasemodes.sty"
Package: beamerbasemodes 2010/05/01 (rcs-revision efa082c6111d)
\beamer@tempbox=\box26
\beamer@tempcount=\count79
\c@beamerpauses=\count80

("C:\Program Files (x86)\MiKTeX 2.9\tex\latex\beamer\beamerbasedecode.sty"
Package: beamerbasedecode 2010/05/01 (rcs-revision efa082c6111d)
\beamer@slideinframe=\count81
\beamer@minimum=\count82
)
\beamer@commentbox=\box27
\beamer@modecount=\count83
)
("C:\Program Files (x86)\MiKTeX 2.9\tex\generic\oberdiek\ifpdf.sty"
Package: ifpdf 2011/01/30 v2.3 Provides the ifpdf switch (HO)
Package ifpdf Info: pdfTeX in PDF mode is detected.
)
\headheight=\dimen102
\headdp=\dimen103
\footheight=\dimen104
\sidebarheight=\dimen105
\beamer@tempdim=\dimen106
\beamer@finalheight=\dimen107
\beamer@animht=\dimen108
\beamer@animdp=\dimen109
\beamer@animwd=\dimen110
\beamer@leftmargin=\dimen111
\beamer@rightmargin=\dimen112
\beamer@leftsidebar=\dimen113
\beamer@rightsidebar=\dimen114
\beamer@boxsize=\dimen115
\beamer@vboxoffset=\dimen116
\beamer@descdefault=\dimen117
\beamer@descriptionwidth=\dimen118
\beamer@lastskip=\skip41
\beamer@areabox=\box28
\beamer@animcurrent=\box29
\beamer@animshowbox=\box30
\beamer@sectionbox=\box31
\beamer@logobox=\box32
\beamer@linebox=\box33
\beamer@sectioncount=\count84
\beamer@subsubsectionmax=\count85
\beamer@subsectionmax=\count86
\beamer@sectionmax=\count87
\beamer@totalheads=\count88
\beamer@headcounter=\count89
\beamer@partstartpage=\count90
\beamer@sectionstartpage=\count91
\beamer@subsectionstartpage=\count92
\beamer@animationtempa=\count93
\beamer@animationtempb=\count94
\beamer@xpos=\count95
\beamer@ypos=\count96
\beamer@showpartnumber=\count97
\beamer@currentsubsection=\count98
\beamer@coveringdepth=\count99
\beamer@sectionadjust=\count100
\beamer@tocsectionnumber=\count101

("C:\Program Files (x86)\MiKTeX 2.9\tex\latex\beamer\beamerbaseoptions.sty"
Package: beamerbaseoptions 2010/04/27 (rcs-revision 982469101dd6)

("C:\Program Files (x86)\MiKTeX 2.9\tex\latex\graphics\keyval.sty"
Package: keyval 1999/03/16 v1.13 key=value parser (DPC)
\KV@toks@=\toks14
))
\beamer@paperwidth=\skip42
\beamer@paperheight=\skip43

("C:\Program Files (x86)\MiKTeX 2.9\tex\latex\geometry\geometry.sty"
Package: geometry 2010/09/12 v5.6 Page Geometry

("C:\Program Files (x86)\MiKTeX 2.9\tex\generic\oberdiek\ifvtex.sty"
Package: ifvtex 2010/03/01 v1.5 Switches for detecting VTeX and its modes (HO)
Package ifvtex Info: VTeX not detected.
)
("C:\Program Files (x86)\MiKTeX 2.9\tex\generic\ifxetex\ifxetex.sty"
Package: ifxetex 2010/09/12 v0.6 Provides ifxetex conditional
)
\Gm@cnth=\count102
\Gm@cntv=\count103
\c@Gm@tempcnt=\count104
\Gm@bindingoffset=\dimen119
\Gm@wd@mp=\dimen120
\Gm@odd@mp=\dimen121
\Gm@even@mp=\dimen122
\Gm@layoutwidth=\dimen123
\Gm@layoutheight=\dimen124
\Gm@layouthoffset=\dimen125
\Gm@layoutvoffset=\dimen126
\Gm@dimlist=\toks15

("C:\Program Files (x86)\MiKTeX 2.9\tex\latex\geometry\geometry.cfg"))
("C:\Program Files (x86)\MiKTeX 2.9\tex\latex\base\size10.clo"
File: size10.clo 2007/10/19 v1.4h Standard LaTeX file (size option)
)
("C:\Program Files (x86)\MiKTeX 2.9\tex\latex\pgf\basiclayer\pgfcore.sty"
("C:\Program Files (x86)\MiKTeX 2.9\tex\latex\graphics\graphicx.sty"
Package: graphicx 1999/02/16 v1.0f Enhanced LaTeX Graphics (DPC,SPQR)

("C:\Program Files (x86)\MiKTeX 2.9\tex\latex\graphics\graphics.sty"
Package: graphics 2009/02/05 v1.0o Standard LaTeX Graphics (DPC,SPQR)

("C:\Program Files (x86)\MiKTeX 2.9\tex\latex\graphics\trig.sty"
Package: trig 1999/03/16 v1.09 sin cos tan (DPC)
)
("C:\Program Files (x86)\MiKTeX 2.9\tex\latex\00miktex\graphics.cfg"
File: graphics.cfg 2007/01/18 v1.5 graphics configuration of teTeX/TeXLive
)
Package graphics Info: Driver file: pdftex.def on input line 91.

("C:\Program Files (x86)\MiKTeX 2.9\tex\latex\pdftex-def\pdftex.def"
File: pdftex.def 2011/05/27 v0.06d Graphics/color for pdfTeX

("C:\Program Files (x86)\MiKTeX 2.9\tex\generic\oberdiek\infwarerr.sty"
Package: infwarerr 2010/04/08 v1.3 Providing info/warning/message (HO)
)
("C:\Program Files (x86)\MiKTeX 2.9\tex\generic\oberdiek\ltxcmds.sty"
Package: ltxcmds 2011/04/18 v1.20 LaTeX kernel commands for general use (HO)
)
\Gread@gobject=\count105
))
\Gin@req@height=\dimen127
\Gin@req@width=\dimen128
)
("C:\Program Files (x86)\MiKTeX 2.9\tex\latex\pgf\systemlayer\pgfsys.sty"
("C:\Program Files (x86)\MiKTeX 2.9\tex\latex\pgf\utilities\pgfrcs.sty"
("C:\Program Files (x86)\MiKTeX 2.9\tex\generic\pgf\utilities\pgfutil-common.te
x"
\pgfutil@everybye=\toks16
)
("C:\Program Files (x86)\MiKTeX 2.9\tex\generic\pgf\utilities\pgfutil-latex.def
"
\pgfutil@abb=\box34
 ("C:\Program Files (x86)\MiKTeX 2.9\tex\latex\ms\everyshi.sty"
Package: everyshi 2001/05/15 v3.00 EveryShipout Package (MS)
))
("C:\Program Files (x86)\MiKTeX 2.9\tex\generic\pgf\utilities\pgfrcs.code.tex"
Package: pgfrcs 2010/10/25 v2.10 (rcs-revision 1.24)
))
("C:\Program Files (x86)\MiKTeX 2.9\tex\generic\pgf\systemlayer\pgfsys.code.tex
"
Package: pgfsys 2010/06/30 v2.10 (rcs-revision 1.37)
 ("C:\Program Files (x86)\MiKTeX 2.9\tex\generic\pgf\utilities\pgfkeys.code.tex
"
\pgfkeys@pathtoks=\toks17
\pgfkeys@temptoks=\toks18

("C:\Program Files (x86)\MiKTeX 2.9\tex\generic\pgf\utilities\pgfkeysfiltered.c
ode.tex"
\pgfkeys@tmptoks=\toks19
))
\pgf@x=\dimen129
\pgf@y=\dimen130
\pgf@xa=\dimen131
\pgf@ya=\dimen132
\pgf@xb=\dimen133
\pgf@yb=\dimen134
\pgf@xc=\dimen135
\pgf@yc=\dimen136
\w@pgf@writea=\write3
\r@pgf@reada=\read1
\c@pgf@counta=\count106
\c@pgf@countb=\count107
\c@pgf@countc=\count108
\c@pgf@countd=\count109

("C:\Program Files (x86)\MiKTeX 2.9\tex\generic\pgf\systemlayer\pgf.cfg"
File: pgf.cfg 2008/05/14  (rcs-revision 1.7)
)
Package pgfsys Info: Driver file for pgf: pgfsys-pdftex.def on input line 900.

("C:\Program Files (x86)\MiKTeX 2.9\tex\generic\pgf\systemlayer\pgfsys-pdftex.d
ef"
File: pgfsys-pdftex.def 2009/05/22  (rcs-revision 1.26)

("C:\Program Files (x86)\MiKTeX 2.9\tex\generic\pgf\systemlayer\pgfsys-common-p
df.def"
File: pgfsys-common-pdf.def 2008/05/19  (rcs-revision 1.10)
)))
("C:\Program Files (x86)\MiKTeX 2.9\tex\generic\pgf\systemlayer\pgfsyssoftpath.
code.tex"
File: pgfsyssoftpath.code.tex 2008/07/18  (rcs-revision 1.7)
\pgfsyssoftpath@smallbuffer@items=\count110
\pgfsyssoftpath@bigbuffer@items=\count111
)
("C:\Program Files (x86)\MiKTeX 2.9\tex\generic\pgf\systemlayer\pgfsysprotocol.
code.tex"
File: pgfsysprotocol.code.tex 2006/10/16  (rcs-revision 1.4)
)) ("C:\Program Files (x86)\MiKTeX 2.9\tex\latex\xcolor\xcolor.sty"
Package: xcolor 2007/01/21 v2.11 LaTeX color extensions (UK)

("C:\Program Files (x86)\MiKTeX 2.9\tex\latex\00miktex\color.cfg"
File: color.cfg 2007/01/18 v1.5 color configuration of teTeX/TeXLive
)
Package xcolor Info: Driver file: pdftex.def on input line 225.
Package xcolor Info: Model `cmy' substituted by `cmy0' on input line 1337.
Package xcolor Info: Model `hsb' substituted by `rgb' on input line 1341.
Package xcolor Info: Model `RGB' extended on input line 1353.
Package xcolor Info: Model `HTML' substituted by `rgb' on input line 1355.
Package xcolor Info: Model `Hsb' substituted by `hsb' on input line 1356.
Package xcolor Info: Model `tHsb' substituted by `hsb' on input line 1357.
Package xcolor Info: Model `HSB' substituted by `hsb' on input line 1358.
Package xcolor Info: Model `Gray' substituted by `gray' on input line 1359.
Package xcolor Info: Model `wave' substituted by `hsb' on input line 1360.
)
("C:\Program Files (x86)\MiKTeX 2.9\tex\generic\pgf\basiclayer\pgfcore.code.tex
"
Package: pgfcore 2010/04/11 v2.10 (rcs-revision 1.7)
 ("C:\Program Files (x86)\MiKTeX 2.9\tex\generic\pgf\math\pgfmath.code.tex"
("C:\Program Files (x86)\MiKTeX 2.9\tex\generic\pgf\math\pgfmathcalc.code.tex"
("C:\Program Files (x86)\MiKTeX 2.9\tex\generic\pgf\math\pgfmathutil.code.tex")
("C:\Program Files (x86)\MiKTeX 2.9\tex\generic\pgf\math\pgfmathparser.code.tex
"
\pgfmath@dimen=\dimen137
\pgfmath@count=\count112
\pgfmath@box=\box35
\pgfmath@toks=\toks20
\pgfmath@stack@operand=\toks21
\pgfmath@stack@operation=\toks22
)
("C:\Program Files (x86)\MiKTeX 2.9\tex\generic\pgf\math\pgfmathfunctions.code.
tex"
("C:\Program Files (x86)\MiKTeX 2.9\tex\generic\pgf\math\pgfmathfunctions.basic
.code.tex")
("C:\Program Files (x86)\MiKTeX 2.9\tex\generic\pgf\math\pgfmathfunctions.trigo
nometric.code.tex")
("C:\Program Files (x86)\MiKTeX 2.9\tex\generic\pgf\math\pgfmathfunctions.rando
m.code.tex")
("C:\Program Files (x86)\MiKTeX 2.9\tex\generic\pgf\math\pgfmathfunctions.compa
rison.code.tex")
("C:\Program Files (x86)\MiKTeX 2.9\tex\generic\pgf\math\pgfmathfunctions.base.
code.tex")
("C:\Program Files (x86)\MiKTeX 2.9\tex\generic\pgf\math\pgfmathfunctions.round
.code.tex")
("C:\Program Files (x86)\MiKTeX 2.9\tex\generic\pgf\math\pgfmathfunctions.misc.
code.tex")))
("C:\Program Files (x86)\MiKTeX 2.9\tex\generic\pgf\math\pgfmathfloat.code.tex"
\c@pgfmathroundto@lastzeros=\count113
))
("C:\Program Files (x86)\MiKTeX 2.9\tex\generic\pgf\basiclayer\pgfcorepoints.co
de.tex"
File: pgfcorepoints.code.tex 2010/04/09  (rcs-revision 1.20)
\pgf@picminx=\dimen138
\pgf@picmaxx=\dimen139
\pgf@picminy=\dimen140
\pgf@picmaxy=\dimen141
\pgf@pathminx=\dimen142
\pgf@pathmaxx=\dimen143
\pgf@pathminy=\dimen144
\pgf@pathmaxy=\dimen145
\pgf@xx=\dimen146
\pgf@xy=\dimen147
\pgf@yx=\dimen148
\pgf@yy=\dimen149
\pgf@zx=\dimen150
\pgf@zy=\dimen151
)
("C:\Program Files (x86)\MiKTeX 2.9\tex\generic\pgf\basiclayer\pgfcorepathconst
ruct.code.tex"
File: pgfcorepathconstruct.code.tex 2010/08/03  (rcs-revision 1.24)
\pgf@path@lastx=\dimen152
\pgf@path@lasty=\dimen153
)
("C:\Program Files (x86)\MiKTeX 2.9\tex\generic\pgf\basiclayer\pgfcorepathusage
.code.tex"
File: pgfcorepathusage.code.tex 2008/04/22  (rcs-revision 1.12)
\pgf@shorten@end@additional=\dimen154
\pgf@shorten@start@additional=\dimen155
)
("C:\Program Files (x86)\MiKTeX 2.9\tex\generic\pgf\basiclayer\pgfcorescopes.co
de.tex"
File: pgfcorescopes.code.tex 2010/09/08  (rcs-revision 1.34)
\pgfpic=\box36
\pgf@hbox=\box37
\pgf@layerbox@main=\box38
\pgf@picture@serial@count=\count114
)
("C:\Program Files (x86)\MiKTeX 2.9\tex\generic\pgf\basiclayer\pgfcoregraphicst
ate.code.tex"
File: pgfcoregraphicstate.code.tex 2008/04/22  (rcs-revision 1.9)
\pgflinewidth=\dimen156
)
("C:\Program Files (x86)\MiKTeX 2.9\tex\generic\pgf\basiclayer\pgfcoretransform
ations.code.tex"
File: pgfcoretransformations.code.tex 2009/06/10  (rcs-revision 1.11)
\pgf@pt@x=\dimen157
\pgf@pt@y=\dimen158
\pgf@pt@temp=\dimen159
)
("C:\Program Files (x86)\MiKTeX 2.9\tex\generic\pgf\basiclayer\pgfcorequick.cod
e.tex"
File: pgfcorequick.code.tex 2008/10/09  (rcs-revision 1.3)
)
("C:\Program Files (x86)\MiKTeX 2.9\tex\generic\pgf\basiclayer\pgfcoreobjects.c
ode.tex"
File: pgfcoreobjects.code.tex 2006/10/11  (rcs-revision 1.2)
)
("C:\Program Files (x86)\MiKTeX 2.9\tex\generic\pgf\basiclayer\pgfcorepathproce
ssing.code.tex"
File: pgfcorepathprocessing.code.tex 2008/10/09  (rcs-revision 1.8)
)
("C:\Program Files (x86)\MiKTeX 2.9\tex\generic\pgf\basiclayer\pgfcorearrows.co
de.tex"
File: pgfcorearrows.code.tex 2008/04/23  (rcs-revision 1.11)
)
("C:\Program Files (x86)\MiKTeX 2.9\tex\generic\pgf\basiclayer\pgfcoreshade.cod
e.tex"
File: pgfcoreshade.code.tex 2008/11/23  (rcs-revision 1.13)
\pgf@max=\dimen160
\pgf@sys@shading@range@num=\count115
)
("C:\Program Files (x86)\MiKTeX 2.9\tex\generic\pgf\basiclayer\pgfcoreimage.cod
e.tex"
File: pgfcoreimage.code.tex 2010/03/25  (rcs-revision 1.16)

("C:\Program Files (x86)\MiKTeX 2.9\tex\generic\pgf\basiclayer\pgfcoreexternal.
code.tex"
File: pgfcoreexternal.code.tex 2010/09/01  (rcs-revision 1.17)
\pgfexternal@startupbox=\box39
))
("C:\Program Files (x86)\MiKTeX 2.9\tex\generic\pgf\basiclayer\pgfcorelayers.co
de.tex"
File: pgfcorelayers.code.tex 2010/08/27  (rcs-revision 1.2)
)
("C:\Program Files (x86)\MiKTeX 2.9\tex\generic\pgf\basiclayer\pgfcoretranspare
ncy.code.tex"
File: pgfcoretransparency.code.tex 2008/01/17  (rcs-revision 1.2)
)
("C:\Program Files (x86)\MiKTeX 2.9\tex\generic\pgf\basiclayer\pgfcorepatterns.
code.tex"
File: pgfcorepatterns.code.tex 2009/07/02  (rcs-revision 1.3)
)))
("C:\Program Files (x86)\MiKTeX 2.9\tex\latex\pgf\utilities\xxcolor.sty"
Package: xxcolor 2003/10/24 ver 0.1
\XC@nummixins=\count116
\XC@countmixins=\count117
)
("C:\Program Files (x86)\MiKTeX 2.9\tex\latex\hyperref\hyperref.sty"
Package: hyperref 2012/02/06 v6.82o Hypertext links for LaTeX

("C:\Program Files (x86)\MiKTeX 2.9\tex\generic\oberdiek\hobsub-hyperref.sty"
Package: hobsub-hyperref 2011/04/23 v1.4 Bundle oberdiek, subset hyperref (HO)

("C:\Program Files (x86)\MiKTeX 2.9\tex\generic\oberdiek\hobsub-generic.sty"
Package: hobsub-generic 2011/04/23 v1.4 Bundle oberdiek, subset generic (HO)
Package: hobsub 2011/04/23 v1.4 Subsetting bundle oberdiek (HO)
Package hobsub Info: Skipping package `infwarerr' (already loaded).
Package hobsub Info: Skipping package `ltxcmds' (already loaded).
Package: ifluatex 2010/03/01 v1.3 Provides the ifluatex switch (HO)
Package ifluatex Info: LuaTeX not detected.
Package hobsub Info: Skipping package `ifvtex' (already loaded).
Package: intcalc 2007/09/27 v1.1 Expandable integer calculations (HO)
Package hobsub Info: Skipping package `ifpdf' (already loaded).
Package: etexcmds 2011/02/16 v1.5 Prefix for e-TeX command names (HO)
Package etexcmds Info: Could not find \expanded.
(etexcmds)             That can mean that you are not using pdfTeX 1.50 or
(etexcmds)             that some package has redefined \expanded.
(etexcmds)             In the latter case, load this package earlier.
Package: kvsetkeys 2011/04/07 v1.13 Key value parser (HO)
Package: kvdefinekeys 2011/04/07 v1.3 Defining keys (HO)
Package: pdftexcmds 2011/04/22 v0.16 Utilities of pdfTeX for LuaTeX (HO)
Package pdftexcmds Info: LuaTeX not detected.
Package pdftexcmds Info: \pdf@primitive is available.
Package pdftexcmds Info: \pdf@ifprimitive is available.
Package pdftexcmds Info: \pdfdraftmode found.
Package: pdfescape 2011/04/04 v1.12 Provides string conversions (HO)
Package: bigintcalc 2011/01/30 v1.2 Expandable big integer calculations (HO)
Package: bitset 2011/01/30 v1.1 Data type bit set (HO)
Package: uniquecounter 2011/01/30 v1.2 Provides unlimited unique counter (HO)
)
Package hobsub Info: Skipping package `hobsub' (already loaded).
Package: letltxmacro 2010/09/02 v1.4 Let assignment for LaTeX macros (HO)
Package: hopatch 2011/01/30 v1.0 Wrapper for package hooks (HO)
Package: xcolor-patch 2011/01/30 xcolor patch
Package: atveryend 2011/04/23 v1.7 Hooks at very end of document (HO)
Package: atbegshi 2011/01/30 v1.15 At begin shipout hook (HO)
Package: refcount 2010/12/01 v3.2 Data extraction from references (HO)
Package: hycolor 2011/01/30 v1.7 Color options of hyperref/bookmark (HO)
)
("C:\Program Files (x86)\MiKTeX 2.9\tex\latex\oberdiek\kvoptions.sty"
Package: kvoptions 2010/12/23 v3.10 Keyval support for LaTeX options (HO)
)
\@linkdim=\dimen161
\Hy@linkcounter=\count118
\Hy@pagecounter=\count119

("C:\Program Files (x86)\MiKTeX 2.9\tex\latex\hyperref\pd1enc.def"
File: pd1enc.def 2012/02/06 v6.82o Hyperref: PDFDocEncoding definition (HO)
)
\Hy@SavedSpaceFactor=\count120

("C:\Program Files (x86)\MiKTeX 2.9\tex\latex\00miktex\hyperref.cfg"
File: hyperref.cfg 2002/06/06 v1.2 hyperref configuration of TeXLive
)
Package hyperref Info: Option `bookmarks' set `true' on input line 3925.
Package hyperref Info: Option `bookmarksopen' set `true' on input line 3925.
Package hyperref Info: Option `implicit' set `false' on input line 3925.
Package hyperref Info: Hyper figures OFF on input line 4046.
Package hyperref Info: Link nesting OFF on input line 4051.
Package hyperref Info: Hyper index ON on input line 4054.
Package hyperref Info: Plain pages OFF on input line 4061.
Package hyperref Info: Backreferencing OFF on input line 4066.
Package hyperref Info: Implicit mode OFF; no redefinition of LaTeX internals.
Package hyperref Info: Bookmarks ON on input line 4284.
\c@Hy@tempcnt=\count121

("C:\Program Files (x86)\MiKTeX 2.9\tex\latex\ltxmisc\url.sty"
\Urlmuskip=\muskip10
Package: url 2006/04/12  ver 3.3  Verb mode for urls, etc.
)
LaTeX Info: Redefining \url on input line 4637.
\Fld@menulength=\count122
\Field@Width=\dimen162
\Fld@charsize=\dimen163
Package hyperref Info: Hyper figures OFF on input line 5757.
Package hyperref Info: Link nesting OFF on input line 5762.
Package hyperref Info: Hyper index ON on input line 5765.
Package hyperref Info: backreferencing OFF on input line 5772.
Package hyperref Info: Link coloring OFF on input line 5777.
Package hyperref Info: Link coloring with OCG OFF on input line 5782.
Package hyperref Info: PDF/A mode OFF on input line 5787.
LaTeX Info: Redefining \ref on input line 5827.
LaTeX Info: Redefining \pageref on input line 5831.
\Hy@abspage=\count123


Package hyperref Message: Stopped early.

)

Package hyperref Message: Driver (autodetected): hpdftex.

("C:\Program Files (x86)\MiKTeX 2.9\tex\latex\hyperref\hpdftex.def"
File: hpdftex.def 2012/02/06 v6.82o Hyperref driver for pdfTeX
\Fld@listcount=\count124
\c@bookmark@seq@number=\count125

("C:\Program Files (x86)\MiKTeX 2.9\tex\latex\oberdiek\rerunfilecheck.sty"
Package: rerunfilecheck 2011/04/15 v1.7 Rerun checks for auxiliary files (HO)
Package uniquecounter Info: New unique counter `rerunfilecheck' on input line 2
82.
))
("C:\Program Files (x86)\MiKTeX 2.9\tex\latex\beamer\beamerbaserequires.sty"
Package: beamerbaserequires 2010/05/01  (rcs-revision efa082c6111d)

("C:\Program Files (x86)\MiKTeX 2.9\tex\latex\beamer\beamerbasecompatibility.st
y"
Package: beamerbasecompatibility 2011/09/24  (rcs-revision 17e820568435)
) ("C:\Program Files (x86)\MiKTeX 2.9\tex\latex\beamer\beamerbasefont.sty"
Package: beamerbasefont 2010/10/26  (rcs-revision f39336aafb3c)

("C:\Program Files (x86)\MiKTeX 2.9\tex\latex\amsfonts\amssymb.sty"
Package: amssymb 2009/06/22 v3.00

("C:\Program Files (x86)\MiKTeX 2.9\tex\latex\amsfonts\amsfonts.sty"
Package: amsfonts 2009/06/22 v3.00 Basic AMSFonts support
\@emptytoks=\toks23
\symAMSa=\mathgroup4
\symAMSb=\mathgroup5
LaTeX Font Info:    Overwriting math alphabet `\mathfrak' in version `bold'
(Font)                  U/euf/m/n --> U/euf/b/n on input line 96.
)))
("C:\Program Files (x86)\MiKTeX 2.9\tex\latex\beamer\beamerbasetranslator.sty"
Package: beamerbasetranslator 2010/06/11  (rcs-revision 85fd1cc7fc42)

("C:\Program Files (x86)\MiKTeX 2.9\tex\latex\beamer\translator\translator.sty"
Package: translator 2010/06/12 ver 1.10

("C:\Program Files (x86)\MiKTeX 2.9\tex\latex\beamer\translator\translator-lang
uage-mappings.tex")))
("C:\Program Files (x86)\MiKTeX 2.9\tex\latex\beamer\beamerbasemisc.sty"
Package: beamerbasemisc 2012/02/24  (rcs-revision 2ff5461be705)
)
("C:\Program Files (x86)\MiKTeX 2.9\tex\latex\beamer\beamerbasetwoscreens.sty"
Package: beamerbasetwoscreens 2010/05/01  (rcs-revision efa082c6111d)
) ("C:\Program Files (x86)\MiKTeX 2.9\tex\latex\beamer\beamerbaseoverlay.sty"
Package: beamerbaseoverlay 2012/02/22  (rcs-revision 1e3e174835fb)
\beamer@argscount=\count126
\beamer@lastskipcover=\skip44
\beamer@trivlistdepth=\count127
)
("C:\Program Files (x86)\MiKTeX 2.9\tex\latex\beamer\beamerbasetitle.sty"
Package: beamerbasetitle 2010/09/21  (rcs-revision f0446ed0b6ae)
)
("C:\Program Files (x86)\MiKTeX 2.9\tex\latex\beamer\beamerbasesection.sty"
Package: beamerbasesection 2012/02/22  (rcs-revision 9a2581f9efb6)
\c@lecture=\count128
\c@part=\count129
\c@section=\count130
\c@subsection=\count131
\c@subsubsection=\count132
)
("C:\Program Files (x86)\MiKTeX 2.9\tex\latex\beamer\beamerbaseframe.sty"
Package: beamerbaseframe 2011/09/12  (rcs-revision 70f9d8411e54)
\beamer@framebox=\box40
\beamer@frametitlebox=\box41
\beamer@zoombox=\box42
\beamer@zoomcount=\count133
\beamer@zoomframecount=\count134
\beamer@frametextheight=\dimen164
\c@subsectionslide=\count135
\beamer@frametopskip=\skip45
\beamer@framebottomskip=\skip46
\beamer@frametopskipautobreak=\skip47
\beamer@framebottomskipautobreak=\skip48
\beamer@envbody=\toks24
\c@framenumber=\count136
)
("C:\Program Files (x86)\MiKTeX 2.9\tex\latex\beamer\beamerbaseverbatim.sty"
Package: beamerbaseverbatim 2011/09/12  (rcs-revision 70f9d8411e54)
\beamer@verbatimfileout=\write4
)
("C:\Program Files (x86)\MiKTeX 2.9\tex\latex\beamer\beamerbaseframesize.sty"
Package: beamerbaseframesize 2011/09/12  (rcs-revision 70f9d8411e54)
\beamer@splitbox=\box43
\beamer@autobreakcount=\count137
\beamer@autobreaklastheight=\dimen165
\beamer@frametitletoks=\toks25
\beamer@framesubtitletoks=\toks26
)
("C:\Program Files (x86)\MiKTeX 2.9\tex\latex\beamer\beamerbaseframecomponents.
sty"
Package: beamerbaseframecomponents 2012/03/07  (rcs-revision 9f094699ce15)
\beamer@footins=\box44
) ("C:\Program Files (x86)\MiKTeX 2.9\tex\latex\beamer\beamerbasecolor.sty"
Package: beamerbasecolor 2010/06/06  (rcs-revision d1a9b48be06d)
) ("C:\Program Files (x86)\MiKTeX 2.9\tex\latex\beamer\beamerbasenotes.sty"
Package: beamerbasenotes 2010/05/01  (rcs-revision efa082c6111d)
\beamer@frameboxcopy=\box45
)
("C:\Program Files (x86)\MiKTeX 2.9\tex\latex\beamer\beamerbasetoc.sty"
Package: beamerbasetoc 2012/02/28  (rcs-revision 138681b92320)
)
("C:\Program Files (x86)\MiKTeX 2.9\tex\latex\beamer\beamerbasetemplates.sty"
Package: beamerbasetemplates 2010/05/01  (rcs-revision efa082c6111d)
\beamer@sbttoks=\toks27

("C:\Program Files (x86)\MiKTeX 2.9\tex\latex\beamer\beamerbaseauxtemplates.sty
"
Package: beamerbaseauxtemplates 2012/03/13  (rcs-revision e172a8ead951)
 ("C:\Program Files (x86)\MiKTeX 2.9\tex\latex\beamer\beamerbaseboxes.sty"
Package: beamerbaseboxes 2010/05/01  (rcs-revision efa082c6111d)
\bmb@box=\box46
\bmb@colorbox=\box47
\bmb@boxshadow=\box48
\bmb@boxshadowball=\box49
\bmb@boxshadowballlarge=\box50
\bmb@temp=\dimen166
\bmb@dima=\dimen167
\bmb@dimb=\dimen168
\bmb@prevheight=\dimen169
)
\beamer@blockheadheight=\dimen170
))
("C:\Program Files (x86)\MiKTeX 2.9\tex\latex\beamer\beamerbaselocalstructure.s
ty"
Package: beamerbaselocalstructure 2012/03/11  (rcs-revision 96ee3b332f84)
 ("C:\Program Files (x86)\MiKTeX 2.9\tex\latex\tools\enumerate.sty"
Package: enumerate 1999/03/05 v3.00 enumerate extensions (DPC)
\@enLab=\toks28
)
\c@figure=\count138
\c@table=\count139
\abovecaptionskip=\skip49
\belowcaptionskip=\skip50
)
("C:\Program Files (x86)\MiKTeX 2.9\tex\latex\beamer\beamerbasenavigation.sty"
Package: beamerbasenavigation 2012/03/10  (rcs-revision 0064b7fe9b39)
\beamer@section@min@dim=\dimen171
) ("C:\Program Files (x86)\MiKTeX 2.9\tex\latex\beamer\beamerbasetheorems.sty"
Package: beamerbasetheorems 2010/06/06  (rcs-revision 7e7cc5e53e9d)

("C:\Program Files (x86)\MiKTeX 2.9\tex\latex\ams\math\amsmath.sty"
Package: amsmath 2000/07/18 v2.13 AMS math features
\@mathmargin=\skip51

For additional information on amsmath, use the `?' option.
("C:\Program Files (x86)\MiKTeX 2.9\tex\latex\ams\math\amstext.sty"
Package: amstext 2000/06/29 v2.01

("C:\Program Files (x86)\MiKTeX 2.9\tex\latex\ams\math\amsgen.sty"
File: amsgen.sty 1999/11/30 v2.0
\@emptytoks=\toks29
\ex@=\dimen172
))
("C:\Program Files (x86)\MiKTeX 2.9\tex\latex\ams\math\amsbsy.sty"
Package: amsbsy 1999/11/29 v1.2d
\pmbraise@=\dimen173
)
("C:\Program Files (x86)\MiKTeX 2.9\tex\latex\ams\math\amsopn.sty"
Package: amsopn 1999/12/14 v2.01 operator names
)
\inf@bad=\count140
LaTeX Info: Redefining \frac on input line 211.
\uproot@=\count141
\leftroot@=\count142
LaTeX Info: Redefining \overline on input line 307.
\classnum@=\count143
\DOTSCASE@=\count144
LaTeX Info: Redefining \ldots on input line 379.
LaTeX Info: Redefining \dots on input line 382.
LaTeX Info: Redefining \cdots on input line 467.
\Mathstrutbox@=\box51
\strutbox@=\box52
\big@size=\dimen174
LaTeX Font Info:    Redeclaring font encoding OML on input line 567.
LaTeX Font Info:    Redeclaring font encoding OMS on input line 568.
\macc@depth=\count145
\c@MaxMatrixCols=\count146
\dotsspace@=\muskip11
\c@parentequation=\count147
\dspbrk@lvl=\count148
\tag@help=\toks30
\row@=\count149
\column@=\count150
\maxfields@=\count151
\andhelp@=\toks31
\eqnshift@=\dimen175
\alignsep@=\dimen176
\tagshift@=\dimen177
\tagwidth@=\dimen178
\totwidth@=\dimen179
\lineht@=\dimen180
\@envbody=\toks32
\multlinegap=\skip52
\multlinetaggap=\skip53
\mathdisplay@stack=\toks33
LaTeX Info: Redefining \[ on input line 2666.
LaTeX Info: Redefining \] on input line 2667.
)
("C:\Program Files (x86)\MiKTeX 2.9\tex\latex\ams\classes\amsthm.sty"
Package: amsthm 2004/08/06 v2.20
\thm@style=\toks34
\thm@bodyfont=\toks35
\thm@headfont=\toks36
\thm@notefont=\toks37
\thm@headpunct=\toks38
\thm@preskip=\skip54
\thm@postskip=\skip55
\thm@headsep=\skip56
\dth@everypar=\toks39
)
\c@theorem=\count152
)
("C:\Program Files (x86)\MiKTeX 2.9\tex\latex\beamer\beamerbasethemes.sty"
Package: beamerbasethemes 2010/05/01  (rcs-revision efa082c6111d)
))
("C:\Program Files (x86)\MiKTeX 2.9\tex\latex\beamer\themes\theme\beamerthemede
fault.sty"
Package: beamerthemedefault 2010/06/17  (rcs-revision d02a7cf4d8ae)

("C:\Program Files (x86)\MiKTeX 2.9\tex\latex\beamer\themes\font\beamerfontthem
edefault.sty"
Package: beamerfontthemedefault 2010/06/17  (rcs-revision d02a7cf4d8ae)
)
("C:\Program Files (x86)\MiKTeX 2.9\tex\latex\beamer\themes\color\beamercolorth
emedefault.sty"
Package: beamercolorthemedefault 2010/06/17  (rcs-revision d02a7cf4d8ae)
)
("C:\Program Files (x86)\MiKTeX 2.9\tex\latex\beamer\themes\inner\beamerinnerth
emedefault.sty"
Package: beamerinnerthemedefault 2012/03/13  (rcs-revision e172a8ead951)
\beamer@dima=\dimen181
\beamer@dimb=\dimen182
)
("C:\Program Files (x86)\MiKTeX 2.9\tex\latex\beamer\themes\outer\beamerouterth
emedefault.sty"
Package: beamerouterthemedefault 2010/06/17  (rcs-revision d02a7cf4d8ae)
)))
("C:\Program Files (x86)\MiKTeX 2.9\tex\latex\base\latexsym.sty"
Package: latexsym 1998/08/17 v2.2e Standard LaTeX package (lasy symbols)
\symlasy=\mathgroup6
LaTeX Font Info:    Overwriting symbol font `lasy' in version `bold'
(Font)                  U/lasy/m/n --> U/lasy/b/n on input line 47.
)
("C:\Program Files (x86)\MiKTeX 2.9\tex\latex\tools\verbatim.sty"
Package: verbatim 2003/08/22 v1.5q LaTeX2e package for verbatim enhancements
\every@verbatim=\toks40
\verbatim@line=\toks41
\verbatim@in@stream=\read2
)
("C:\Program Files (x86)\MiKTeX 2.9\tex\latex\algorithms\algorithm.sty"
Package: algorithm 2009/08/24 v0.1 Document Style `algorithm' - floating enviro
nment

("C:\Program Files (x86)\MiKTeX 2.9\tex\latex\float\float.sty"
Package: float 2001/11/08 v1.3d Float enhancements (AL)
\c@float@type=\count153
\float@exts=\toks42
\float@box=\box53
\@float@everytoks=\toks43
\@floatcapt=\box54
)
("C:\Program Files (x86)\MiKTeX 2.9\tex\latex\base\ifthen.sty"
Package: ifthen 2001/05/26 v1.1c Standard LaTeX ifthen package (DPC)
)
\@float@every@algorithm=\toks44
\c@algorithm=\count154
)
("C:\Program Files (x86)\MiKTeX 2.9\tex\latex\algorithms\algorithmic.sty"
Package: algorithmic 2009/08/24 v0.1 Document Style `algorithmic'
\c@ALC@unique=\count155
\c@ALC@line=\count156
\c@ALC@rem=\count157
\c@ALC@depth=\count158
\ALC@tlm=\skip57
\algorithmicindent=\skip58
)
("C:\Program Files (x86)\MiKTeX 2.9\tex\latex\graphics\epsfig.sty"
Package: epsfig 1999/02/16 v1.7a (e)psfig emulation (SPQR)
\epsfxsize=\dimen183
\epsfysize=\dimen184
)
("C:\Program Files (x86)\MiKTeX 2.9\tex\latex\synttree\synttree.sty"
\MTr@level=\count159
\MTr@numchildren=\count160
\MTr@maxlevel=\count161
\MTr@mybranchmult=\count162
\MTr@labelbox=\box55
\MTr@treebox=\box56
\MTr@treev=\count163
\MTr@treew=\count164
\MTr@treeheight=\count165
\MTr@treedepth=\count166
\MTr@branchmult=\count167
\MTr@labeldepth=\count168
\MTr@labelheight=\count169
\MTr@labelhalfwidth=\count170
\MTr@morex=\count171
\MTr@parenty=\count172
\MTr@picwidth=\count173
\MTr@picheight=\count174
\MTr@templength=\skip59
\MTr@loopcnta=\count175
\MTr@tempcnta=\count176
\MTr@tempcntb=\count177
\MTr@tempcntc=\count178
\MTr@branchheight=\count179
\MTr@trianglemultright=\count180
\MTr@trianglemultleft=\count181
\MTr@lineoffset=\count182
\MTr@minheight=\skip60
\MTr@childsidesep=\count183
\MTr@childattachsep=\count184
)
("C:\Program Files (x86)\MiKTeX 2.9\tex\latex\ulsy\ulsy.sty")
("C:\Program Files (x86)\MiKTeX 2.9\tex\latex\tools\multicol.sty"
Package: multicol 2011/06/27 v1.7a multicolumn formatting (FMi)
\c@tracingmulticols=\count185
\mult@box=\box57
\multicol@leftmargin=\dimen185
\c@unbalance=\count186
\c@collectmore=\count187
\doublecol@number=\count188
\multicoltolerance=\count189
\multicolpretolerance=\count190
\full@width=\dimen186
\page@free=\dimen187
\premulticols=\dimen188
\postmulticols=\dimen189
\multicolsep=\skip61
\multicolbaselineskip=\skip62
\partial@page=\box58
\last@line=\box59
\mult@rightbox=\box60
\mult@grightbox=\box61
\mult@gfirstbox=\box62
\mult@firstbox=\box63
\@tempa=\box64
\@tempa=\box65
\@tempa=\box66
\@tempa=\box67
\@tempa=\box68
\@tempa=\box69
\@tempa=\box70
\@tempa=\box71
\@tempa=\box72
\@tempa=\box73
\@tempa=\box74
\@tempa=\box75
\@tempa=\box76
\@tempa=\box77
\@tempa=\box78
\@tempa=\box79
\@tempa=\box80
\c@columnbadness=\count191
\c@finalcolumnbadness=\count192
\last@try=\dimen190
\multicolovershoot=\dimen191
\multicolundershoot=\dimen192
\mult@nat@firstbox=\box81
\colbreak@box=\box82
\multicol@sort@counter=\count193
)
("C:\Program Files (x86)\MiKTeX 2.9\tex\generic\babel\babel.sty"
Package: babel 2008/07/08 v3.8m The Babel package

*************************************
* Local config file bblopts.cfg used
*
("C:\Program Files (x86)\MiKTeX 2.9\tex\latex\00miktex\bblopts.cfg"
File: bblopts.cfg 2006/07/31 v1.0 MiKTeX 'babel' configuration
)
("C:\Program Files (x86)\MiKTeX 2.9\tex\generic\babel\english.ldf"
Language: english 2005/03/30 v3.3o English support from the babel system

("C:\Program Files (x86)\MiKTeX 2.9\tex\generic\babel\babel.def"
File: babel.def 2008/07/08 v3.8m Babel common definitions
LaTeX Info: Redefining \textlatin on input line 82.
\babel@savecnt=\count194
\U@D=\dimen193
)
\l@canadian = a dialect from \language\l@american 
\l@australian = a dialect from \language\l@british 
\l@newzealand = a dialect from \language\l@british 
))
("C:\Program Files (x86)\MiKTeX 2.9\tex\latex\media9\media9.sty"
("C:\Program Files (x86)\MiKTeX 2.9\tex\latex\l3kernel\expl3.sty"
("C:\Program Files (x86)\MiKTeX 2.9\tex\latex\l3kernel\l3names.sty"
("C:\Program Files (x86)\MiKTeX 2.9\tex\latex\l3kernel\l3bootstrap.sty"
Package: l3bootstrap 2011/12/29 v3110 L3 Experimental bootstrap code
)
Package: l3names 2011/12/30 v3113 L3 Experimental namespace for primitives
)
("C:\Program Files (x86)\MiKTeX 2.9\tex\latex\misc\etex.sty"
Package: etex 1998/03/26 v2.0 eTeX basic definition package (PEB)
\et@xins=\count195
)
Package: expl3 2012/02/26 v3471 L3 Experimental code bundle wrapper

("C:\Program Files (x86)\MiKTeX 2.9\tex\latex\l3kernel\l3basics.sty"
Package: l3basics 2012/02/26 v3460 L3 Experimental basic definitions
)
("C:\Program Files (x86)\MiKTeX 2.9\tex\latex\l3kernel\l3expan.sty"
Package: l3expan 2012/02/26 v3460 L3 Experimental argument expansion
)
("C:\Program Files (x86)\MiKTeX 2.9\tex\latex\l3kernel\l3tl.sty"
Package: l3tl 2012/02/26 v3460 L3 Experimental token lists
)
("C:\Program Files (x86)\MiKTeX 2.9\tex\latex\l3kernel\l3seq.sty"
Package: l3seq 2012/01/09 v3158 L3 Experimental sequences and stacks
)
("C:\Program Files (x86)\MiKTeX 2.9\tex\latex\l3kernel\l3int.sty"
Package: l3int 2012/02/26 v3460 L3 Experimental integers
\c_max_int=\count196
\l_tmpa_int=\count197
\l_tmpb_int=\count198
\l_tmpc_int=\count199
\g_tmpa_int=\count200
\g_tmpb_int=\count201
)
("C:\Program Files (x86)\MiKTeX 2.9\tex\latex\l3kernel\l3quark.sty"
Package: l3quark 2012/02/12 v3384 L3 Experimental quarks
)
("C:\Program Files (x86)\MiKTeX 2.9\tex\latex\l3kernel\l3prg.sty"
Package: l3prg 2012/02/26 v3464 L3 Experimental control structures
Normal \count register pool exhausted, switching to extended pool.
\g_prg_map_int=\count277
)
("C:\Program Files (x86)\MiKTeX 2.9\tex\latex\l3kernel\l3clist.sty"
Package: l3clist 2012/02/26 v3460 L3 Experimental comma separated lists
)
("C:\Program Files (x86)\MiKTeX 2.9\tex\latex\l3kernel\l3token.sty"
Package: l3token 2012/02/26 v3460 L3 Experimental token manipulation
)
("C:\Program Files (x86)\MiKTeX 2.9\tex\latex\l3kernel\l3prop.sty"
Package: l3prop 2012/02/26 v3460 L3 Experimental property lists
)
("C:\Program Files (x86)\MiKTeX 2.9\tex\latex\l3kernel\l3msg.sty"
Package: l3msg 2012/02/26 v3470 L3 Experimental messages
)
("C:\Program Files (x86)\MiKTeX 2.9\tex\latex\l3kernel\l3file.sty"
Package: l3file 2012/02/26 v3464 L3 Experimental file and I/O operations
\l_iow_stream_int=\count278
\l_iow_line_length_int=\count279
\l_iow_target_length_int=\count280
\l_iow_current_line_int=\count281
\l_iow_current_word_int=\count282
\l_iow_current_indentation_int=\count283
)
("C:\Program Files (x86)\MiKTeX 2.9\tex\latex\l3kernel\l3skip.sty"
Package: l3skip 2012/02/26 v3460 L3 Experimental dimensions and skips
\l_tmpa_dim=\dimen194
\l_tmpb_dim=\dimen195
\l_tmpc_dim=\dimen196
\g_tmpa_dim=\dimen197
\g_tmpb_dim=\dimen198
\l_tmpa_skip=\skip63
\l_tmpb_skip=\skip64
\l_tmpc_skip=\skip65
\g_tmpa_skip=\skip66
\g_tmpb_skip=\skip67
)
("C:\Program Files (x86)\MiKTeX 2.9\tex\latex\l3kernel\l3keys.sty"
Package: l3keys 2011/12/22 v3086 L3 Experimental key-value interfaces
\g_keyval_level_int=\count284
\l_keys_choice_int=\count285
)
("C:\Program Files (x86)\MiKTeX 2.9\tex\latex\l3kernel\l3fp.sty"
Package: l3fp 2012/02/06 v3315 L3 Experimental floating-point operations
\c_one_million=\count286
\c_one_hundred_million=\count287
\c_five_hundred_million=\count288
\c_one_thousand_million=\count289
\c_fp_pi_by_four_decimal_int=\count290
\c_fp_pi_by_four_extended_int=\count291
\c_fp_pi_decimal_int=\count292
\c_fp_pi_extended_int=\count293
\c_fp_two_pi_decimal_int=\count294
\c_fp_two_pi_extended_int=\count295
\l_fp_count_int=\count296
\l_fp_div_offset_int=\count297
\l_fp_exp_integer_int=\count298
\l_fp_exp_decimal_int=\count299
\l_fp_exp_extended_int=\count300
\l_fp_exp_exponent_int=\count301
\l_fp_input_a_sign_int=\count302
\l_fp_input_a_integer_int=\count303
\l_fp_input_a_decimal_int=\count304
\l_fp_input_a_exponent_int=\count305
\l_fp_input_b_sign_int=\count306
\l_fp_input_b_integer_int=\count307
\l_fp_input_b_decimal_int=\count308
\l_fp_input_b_exponent_int=\count309
\l_fp_input_a_extended_int=\count310
\l_fp_input_b_extended_int=\count311
\l_fp_mul_a_i_int=\count312
\l_fp_mul_a_ii_int=\count313
\l_fp_mul_a_iii_int=\count314
\l_fp_mul_a_iv_int=\count315
\l_fp_mul_a_v_int=\count316
\l_fp_mul_a_vi_int=\count317
\l_fp_mul_b_i_int=\count318
\l_fp_mul_b_ii_int=\count319
\l_fp_mul_b_iii_int=\count320
\l_fp_mul_b_iv_int=\count321
\l_fp_mul_b_v_int=\count322
\l_fp_mul_b_vi_int=\count323
\l_fp_mul_output_int=\count324
\l_fp_output_sign_int=\count325
\l_fp_output_integer_int=\count326
\l_fp_output_decimal_int=\count327
\l_fp_output_exponent_int=\count328
\l_fp_output_extended_int=\count329
\l_fp_round_position_int=\count330
\l_fp_round_target_int=\count331
\l_fp_split_sign_int=\count332
\l_fp_internal_int=\count333
\l_fp_trig_octant_int=\count334
\l_fp_trig_sign_int=\count335
\l_fp_trig_decimal_int=\count336
\l_fp_trig_extended_int=\count337
\l_fp_internal_dim=\dimen199
\l_fp_internal_skip=\skip68
)
("C:\Program Files (x86)\MiKTeX 2.9\tex\latex\l3kernel\l3box.sty"
Package: l3box 2012/02/18 v3432 L3 Experimental boxes
\l_tmpb_box=\box83
\l_box_top_dim=\dimen200
\l_box_bottom_dim=\dimen201
Normal \dimen register pool exhausted, switching to extended pool.
\l_box_left_dim=\dimen256
\l_box_right_dim=\dimen257
\l_box_top_new_dim=\dimen258
\l_box_bottom_new_dim=\dimen259
\l_box_left_new_dim=\dimen260
\l_box_right_new_dim=\dimen261
\l_box_internal_box=\box84
)
("C:\Program Files (x86)\MiKTeX 2.9\tex\latex\l3kernel\l3coffins.sty"
Package: l3coffins 2012/02/26 v3460 L3 Experimental coffin code layer
\l_coffin_internal_box=\box85
\l_coffin_internal_dim=\dimen262
\l_coffin_offset_x_dim=\dimen263
\l_coffin_offset_y_dim=\dimen264
\l_coffin_x_dim=\dimen265
\l_coffin_y_dim=\dimen266
\l_coffin_x_prime_dim=\dimen267
\l_coffin_y_prime_dim=\dimen268
\l_coffin_Depth_dim=\dimen269
\l_coffin_Height_dim=\dimen270
\l_coffin_TotalHeight_dim=\dimen271
\l_coffin_Width_dim=\dimen272
\c_empty_coffin=\box86
\l_coffin_aligned_coffin=\box87
\l_coffin_aligned_internal_coffin=\box88
\l_coffin_bounding_shift_dim=\dimen273
\l_coffin_left_corner_dim=\dimen274
\l_coffin_right_corner_dim=\dimen275
\l_coffin_bottom_corner_dim=\dimen276
\l_coffin_top_corner_dim=\dimen277
\l_coffin_scaled_total_height_dim=\dimen278
\l_coffin_scaled_width_dim=\dimen279
\l_coffin_display_coffin=\box89
\l_coffin_display_coord_coffin=\box90
\l_coffin_display_pole_coffin=\box91
\l_coffin_display_offset_dim=\dimen280
\l_coffin_display_x_dim=\dimen281
\l_coffin_display_y_dim=\dimen282
)
("C:\Program Files (x86)\MiKTeX 2.9\tex\latex\l3kernel\l3color.sty"
Package: l3color 2011/09/07 v2776 L3 Experimental colour support
)
("C:\Program Files (x86)\MiKTeX 2.9\tex\latex\l3kernel\l3luatex.sty"
Package: l3luatex 2012/02/09 v3355 L3 Experimental LuaTeX-specific functions
\g_cctab_allocate_int=\count338
\g_cctab_stack_int=\count339
))
("C:\Program Files (x86)\MiKTeX 2.9\tex\latex\l3packages\xparse\xparse.sty"
Package: xparse 2012/02/26 v3471 L3 Experimental document command parser
\l_xparse_current_arg_int=\count340
\l_xparse_m_args_int=\count341
\l_xparse_mandatory_args_int=\count342
\l_xparse_processor_int=\count343
\l_xparse_v_nesting_int=\count344
)
("C:\Program Files (x86)\MiKTeX 2.9\tex\latex\l3packages\l3keys2e\l3keys2e.sty"
Package: l3keys2e 2012/02/26 v3471 LaTeX2e option processing using LaTeX3 keys
)
Package: media9 2012/04/03 v0.3 acrobat-9 compatible media
\l_mix_poster_box=\box92
\g_mix_wd_dim=\dimen283
\g_mix_ht_dim=\dimen284
\g_mix_dp_dim=\dimen285
\g_mix_rmcnt_int=\count345
\l_mix_viewcnt_int=\count346
\g_mix_resizeflag_int=\count347
\l_mix_lineno_int=\count348
.................................................
. LaTeX info: "xparse/define-command"
. 
. Defining document command \addmediapath with arg. spec. 'm' on line 871.
.................................................
.................................................
. LaTeX info: "xparse/define-command"
. 
. Defining document command \includemedia with arg. spec. 'omm' on line 1048.
.................................................
) ("C:\Program Files (x86)\MiKTeX 2.9\tex\latex\oberdiek\epstopdf.sty"
Package: epstopdf 2010/02/09 v2.5 Conversion with epstopdf on the fly (HO)

("C:\Program Files (x86)\MiKTeX 2.9\tex\latex\oberdiek\epstopdf-base.sty"
Package: epstopdf-base 2010/02/09 v2.5 Base part for package epstopdf

("C:\Program Files (x86)\MiKTeX 2.9\tex\latex\oberdiek\grfext.sty"
Package: grfext 2010/08/19 v1.1 Managing graphics extensions (HO)
)
Package grfext Info: Graphics extension search list:
(grfext)             [.png,.pdf,.jpg,.mps,.jpeg,.jbig2,.jb2,.PNG,.PDF,.JPG,.JPE
G,.JBIG2,.JB2,.eps]
(grfext)             \AppendGraphicsExtensions on input line 452.
))
("C:\Program Files (x86)\MiKTeX 2.9\tex\latex\bezos\accents.sty"
Package: accents 2006/05/12 v1.3 Math Accent Tools
\cc@skew=\dimen286
\cc@wd=\dimen287
\cc@code=\count349
\cc@group=\count350
\cc@skewchar=\count351
)
("C:\Program Files (x86)\MiKTeX 2.9\tex\latex\psnfss\times.sty"
Package: times 2005/04/12 PSNFSS-v9.2a (SPQR) 
)
("C:\Program Files (x86)\MiKTeX 2.9\tex\latex\base\fontenc.sty"
Package: fontenc 2005/09/27 v1.99g Standard LaTeX package

("C:\Program Files (x86)\MiKTeX 2.9\tex\latex\base\t1enc.def"
File: t1enc.def 2005/09/27 v1.99g Standard LaTeX file
LaTeX Font Info:    Redeclaring font encoding T1 on input line 43.
))
("C:\Program Files (x86)\MiKTeX 2.9\tex\latex\beamer\multimedia\multimedia.sty"
Package: multimedia 2004/04/10 ver 0.01
\mm@movie=\count352
)
("C:\Program Files (x86)\MiKTeX 2.9\tex\latex\beamer\themes\theme\beamerthemeWa
rsaw.sty"
Package: beamerthemeWarsaw 2010/06/17  (rcs-revision d02a7cf4d8ae)

("C:\Program Files (x86)\MiKTeX 2.9\tex\latex\beamer\themes\inner\beamerinnerth
emerounded.sty"
Package: beamerinnerthemerounded 2010/06/17  (rcs-revision d02a7cf4d8ae)
)
("C:\Program Files (x86)\MiKTeX 2.9\tex\latex\beamer\themes\outer\beamerouterth
emeshadow.sty"
Package: beamerouterthemeshadow 2010/06/17  (rcs-revision d02a7cf4d8ae)

("C:\Program Files (x86)\MiKTeX 2.9\tex\latex\beamer\themes\outer\beamerouterth
emesplit.sty"
Package: beamerouterthemesplit 2010/06/17  (rcs-revision d02a7cf4d8ae)
))
("C:\Program Files (x86)\MiKTeX 2.9\tex\latex\beamer\themes\color\beamercolorth
emeorchid.sty"
Package: beamercolorthemeorchid 2010/06/17  (rcs-revision d02a7cf4d8ae)
)
("C:\Program Files (x86)\MiKTeX 2.9\tex\latex\beamer\themes\color\beamercolorth
emewhale.sty"
Package: beamercolorthemewhale 2010/06/17  (rcs-revision d02a7cf4d8ae)
))
\c@conjecture=\count353
\c@proposition=\count354
\c@remark=\count355

(C:\Users\Scott\Documents\School\Wavelettes\SoundCompression\APresentation\Pres
entation.aux)
LaTeX Font Info:    Checking defaults for OML/cmm/m/it on input line 64.
LaTeX Font Info:    ... okay on input line 64.
LaTeX Font Info:    Checking defaults for T1/cmr/m/n on input line 64.
LaTeX Font Info:    ... okay on input line 64.
LaTeX Font Info:    Checking defaults for OT1/cmr/m/n on input line 64.
LaTeX Font Info:    ... okay on input line 64.
LaTeX Font Info:    Checking defaults for OMS/cmsy/m/n on input line 64.
LaTeX Font Info:    ... okay on input line 64.
LaTeX Font Info:    Checking defaults for OMX/cmex/m/n on input line 64.
LaTeX Font Info:    ... okay on input line 64.
LaTeX Font Info:    Checking defaults for U/cmr/m/n on input line 64.
LaTeX Font Info:    ... okay on input line 64.
LaTeX Font Info:    Checking defaults for PD1/pdf/m/n on input line 64.
LaTeX Font Info:    ... okay on input line 64.
LaTeX Font Info:    Try loading font information for T1+phv on input line 64.
 ("C:\Program Files (x86)\MiKTeX 2.9\tex\latex\psnfss\t1phv.fd"
File: t1phv.fd 2001/06/04 scalable font definitions for T1/phv.
)
*geometry* driver: auto-detecting
*geometry* detected driver: pdftex
*geometry* verbose mode - [ preamble ] result:
* driver: pdftex
* paper: custom
* layout: <same size as paper>
* layoutoffset:(h,v)=(0.0pt,0.0pt)
* modes: includehead includefoot 
* h-part:(L,W,R)=(28.45274pt, 307.28987pt, 28.45274pt)
* v-part:(T,H,B)=(0.0pt, 273.14662pt, 0.0pt)
* \paperwidth=364.19536pt
* \paperheight=273.14662pt
* \textwidth=307.28987pt
* \textheight=244.6939pt
* \oddsidemargin=-43.81725pt
* \evensidemargin=-43.81725pt
* \topmargin=-72.26999pt
* \headheight=14.22636pt
* \headsep=0.0pt
* \topskip=10.0pt
* \footskip=14.22636pt
* \marginparwidth=3.0pt
* \marginparsep=11.0pt
* \columnsep=10.0pt
* \skip\footins=9.0pt plus 4.0pt minus 2.0pt
* \hoffset=0.0pt
* \voffset=0.0pt
* \mag=1000
* \@twocolumnfalse
* \@twosidefalse
* \@mparswitchfalse
* \@reversemarginfalse
* (1in=72.27pt=25.4mm, 1cm=28.453pt)

("C:\Program Files (x86)\MiKTeX 2.9\tex\context\base\supp-pdf.mkii"
[Loading MPS to PDF converter (version 2006.09.02).]
\scratchcounter=\count356
\scratchdimen=\dimen288
\scratchbox=\box93
\nofMPsegments=\count357
\nofMParguments=\count358
\everyMPshowfont=\toks45
\MPscratchCnt=\count359
\MPscratchDim=\dimen289
\MPnumerator=\count360
\makeMPintoPDFobject=\count361
\everyMPtoPDFconversion=\toks46
) ABD: EveryShipout initializing macros
\AtBeginShipoutBox=\box94
Package hyperref Info: Link coloring OFF on input line 64.

("C:\Program Files (x86)\MiKTeX 2.9\tex\latex\hyperref\nameref.sty"
Package: nameref 2010/04/30 v2.40 Cross-referencing by name of section

("C:\Program Files (x86)\MiKTeX 2.9\tex\generic\oberdiek\gettitlestring.sty"
Package: gettitlestring 2010/12/03 v1.4 Cleanup title references (HO)
)
\c@section@level=\count362
)
LaTeX Info: Redefining \ref on input line 64.
LaTeX Info: Redefining \pageref on input line 64.
LaTeX Info: Redefining \nameref on input line 64.

(C:\Users\Scott\Documents\School\Wavelettes\SoundCompression\APresentation\Pres
entation.out)
(C:\Users\Scott\Documents\School\Wavelettes\SoundCompression\APresentation\Pres
entation.out)
\@outlinefile=\write5
LaTeX Font Info:    Overwriting symbol font `operators' in version `normal'
(Font)                  OT1/cmr/m/n --> OT1/cmss/m/n on input line 64.
LaTeX Font Info:    Overwriting symbol font `operators' in version `bold'
(Font)                  OT1/cmr/bx/n --> OT1/cmss/bx/n on input line 64.
\symnumbers=\mathgroup7
\sympureletters=\mathgroup8
LaTeX Font Info:    Overwriting math alphabet `\mathrm' in version `normal'
(Font)                  OT1/cmss/m/n --> T1/ptm/m/n on input line 64.
LaTeX Font Info:    Redeclaring math alphabet \mathbf on input line 64.
LaTeX Font Info:    Overwriting math alphabet `\mathbf' in version `normal'
(Font)                  OT1/cmr/bx/n --> T1/phv/bx/n on input line 64.
LaTeX Font Info:    Overwriting math alphabet `\mathbf' in version `bold'
(Font)                  OT1/cmr/bx/n --> T1/phv/bx/n on input line 64.
LaTeX Font Info:    Redeclaring math alphabet \mathsf on input line 64.
LaTeX Font Info:    Overwriting math alphabet `\mathsf' in version `normal'
(Font)                  OT1/cmss/m/n --> T1/phv/m/n on input line 64.
LaTeX Font Info:    Overwriting math alphabet `\mathsf' in version `bold'
(Font)                  OT1/cmss/bx/n --> T1/phv/m/n on input line 64.
LaTeX Font Info:    Redeclaring math alphabet \mathit on input line 64.
LaTeX Font Info:    Overwriting math alphabet `\mathit' in version `normal'
(Font)                  OT1/cmr/m/it --> T1/phv/m/it on input line 64.
LaTeX Font Info:    Overwriting math alphabet `\mathit' in version `bold'
(Font)                  OT1/cmr/bx/it --> T1/phv/m/it on input line 64.
LaTeX Font Info:    Redeclaring math alphabet \mathtt on input line 64.
LaTeX Font Info:    Overwriting math alphabet `\mathtt' in version `normal'
(Font)                  OT1/cmtt/m/n --> T1/pcr/m/n on input line 64.
LaTeX Font Info:    Overwriting math alphabet `\mathtt' in version `bold'
(Font)                  OT1/cmtt/m/n --> T1/pcr/m/n on input line 64.
LaTeX Font Info:    Overwriting symbol font `numbers' in version `bold'
(Font)                  T1/phv/m/n --> T1/phv/bx/n on input line 64.
LaTeX Font Info:    Overwriting symbol font `pureletters' in version `bold'
(Font)                  T1/phv/m/it --> T1/phv/bx/it on input line 64.
LaTeX Font Info:    Overwriting math alphabet `\mathrm' in version `bold'
(Font)                  OT1/cmss/bx/n --> T1/ptm/bx/n on input line 64.
LaTeX Font Info:    Overwriting math alphabet `\mathbf' in version `bold'
(Font)                  T1/phv/bx/n --> T1/phv/bx/n on input line 64.
LaTeX Font Info:    Overwriting math alphabet `\mathsf' in version `bold'
(Font)                  T1/phv/m/n --> T1/phv/bx/n on input line 64.
LaTeX Font Info:    Overwriting math alphabet `\mathit' in version `bold'
(Font)                  T1/phv/m/it --> T1/phv/bx/it on input line 64.
LaTeX Font Info:    Overwriting math alphabet `\mathtt' in version `bold'
(Font)                  T1/pcr/m/n --> T1/pcr/bx/n on input line 64.

("C:\Program Files (x86)\MiKTeX 2.9\tex\latex\beamer\translator\dicts\translato
r-basic-dictionary\translator-basic-dictionary-English.dict"
Dictionary: translator-basic-dictionary, Language: English 
)
("C:\Program Files (x86)\MiKTeX 2.9\tex\latex\beamer\translator\dicts\translato
r-bibliography-dictionary\translator-bibliography-dictionary-English.dict"
Dictionary: translator-bibliography-dictionary, Language: English 
)
("C:\Program Files (x86)\MiKTeX 2.9\tex\latex\beamer\translator\dicts\translato
r-environment-dictionary\translator-environment-dictionary-English.dict"
Dictionary: translator-environment-dictionary, Language: English 
)
("C:\Program Files (x86)\MiKTeX 2.9\tex\latex\beamer\translator\dicts\translato
r-months-dictionary\translator-months-dictionary-English.dict"
Dictionary: translator-months-dictionary, Language: English 
)
("C:\Program Files (x86)\MiKTeX 2.9\tex\latex\beamer\translator\dicts\translato
r-numbers-dictionary\translator-numbers-dictionary-English.dict"
Dictionary: translator-numbers-dictionary, Language: English 
)
("C:\Program Files (x86)\MiKTeX 2.9\tex\latex\beamer\translator\dicts\translato
r-theorem-dictionary\translator-theorem-dictionary-English.dict"
Dictionary: translator-theorem-dictionary, Language: English 
)
LaTeX Info: Redefining \includegraphics on input line 64.

(C:\Users\Scott\Documents\School\Wavelettes\SoundCompression\APresentation\Pres
entation.nav) [1

{C:/Users/Scott/AppData/Local/MiKTeX/2.9/pdftex/config/pdftex.map}]
LaTeX Font Info:    Try loading font information for U+msa on input line 86.
 ("C:\Program Files (x86)\MiKTeX 2.9\tex\latex\amsfonts\umsa.fd"
File: umsa.fd 2009/06/22 v3.00 AMS symbols A
)
LaTeX Font Info:    Try loading font information for U+msb on input line 86.

("C:\Program Files (x86)\MiKTeX 2.9\tex\latex\amsfonts\umsb.fd"
File: umsb.fd 2009/06/22 v3.00 AMS symbols B
)
LaTeX Font Info:    Try loading font information for U+lasy on input line 86.

("C:\Program Files (x86)\MiKTeX 2.9\tex\latex\base\ulasy.fd"
File: ulasy.fd 1998/08/17 v2.2e LaTeX symbol font definitions
)
LaTeX Font Info:    Font shape `T1/phv/m/it' in size <10> not available
(Font)              Font shape `T1/phv/m/sl' tried instead on input line 86.
LaTeX Font Info:    Font shape `T1/phv/m/it' in size <7> not available
(Font)              Font shape `T1/phv/m/sl' tried instead on input line 86.
LaTeX Font Info:    Font shape `T1/phv/m/it' in size <5> not available
(Font)              Font shape `T1/phv/m/sl' tried instead on input line 86.
 [2

] [3

] [4

]
[5

] [6

] [7

] [8

] [9

] [10

] [11

] [12

]
Package epstopdf Info: Source file: <figure1.eps>
(epstopdf)                    date: 2012-04-12 01:38:42
(epstopdf)                    size: 97540 bytes
(epstopdf)             Output file: <figure1-eps-converted-to.pdf>
(epstopdf)                    date: 2012-04-12 01:43:28
(epstopdf)                    size: 59254 bytes
(epstopdf)             Command: <epstopdf --outfile=figure1-eps-converted-to.pd
f figure1.eps>
(epstopdf)             \includegraphics on input line 156.
Package epstopdf Info: Output file is already uptodate.

<figure1-eps-converted-to.pdf, id=351, 418.56375pt x 314.17375pt>
File: figure1-eps-converted-to.pdf Graphic file (type pdf)

<use figure1-eps-converted-to.pdf>
Package pdftex.def Info: figure1-eps-converted-to.pdf used on input line 156.
(pdftex.def)             Requested size: 303.24976pt x 227.62204pt.
\g_ior_internal_ior=\read3
<<APlayer.swf>>
Overfull \hbox (47.85963pt too wide) in paragraph at lines 156--156
[][][][][][]  
 []

[13

 <C:/Users/Scott/Documents/School/Wavelettes/SoundCompression/APresentation/fig
ure1-eps-converted-to.pdf>] [14

]
Package epstopdf Info: Source file: <Fourier.eps>
(epstopdf)                    date: 2012-04-12 01:42:14
(epstopdf)                    size: 83701 bytes
(epstopdf)             Output file: <Fourier-eps-converted-to.pdf>
(epstopdf)                    date: 2012-04-12 01:43:30
(epstopdf)                    size: 34116 bytes
(epstopdf)             Command: <epstopdf --outfile=Fourier-eps-converted-to.pd
f Fourier.eps>
(epstopdf)             \includegraphics on input line 169.
Package epstopdf Info: Output file is already uptodate.

<Fourier-eps-converted-to.pdf, id=419, 418.56375pt x 314.17375pt>
File: Fourier-eps-converted-to.pdf Graphic file (type pdf)

<use Fourier-eps-converted-to.pdf>
Package pdftex.def Info: Fourier-eps-converted-to.pdf used on input line 169.
(pdftex.def)             Requested size: 303.24976pt x 227.62204pt.
LaTeX Font Info:    Font shape `T1/phv/m/it' in size <14.4> not available
(Font)              Font shape `T1/phv/m/sl' tried instead on input line 169.
 [15

 <C:/Users/Scott/Documents/School/Wavelettes/SoundCompression/APresentation/Fou
rier-eps-converted-to.pdf>]
Package epstopdf Info: Source file: <90four.eps>
(epstopdf)                    date: 2012-04-12 01:39:47
(epstopdf)                    size: 75914 bytes
(epstopdf)             Output file: <90four-eps-converted-to.pdf>
(epstopdf)                    date: 2012-04-12 01:43:31
(epstopdf)                    size: 27758 bytes
(epstopdf)             Command: <epstopdf --outfile=90four-eps-converted-to.pdf
 90four.eps>
(epstopdf)             \includegraphics on input line 174.
Package epstopdf Info: Output file is already uptodate.

<90four-eps-converted-to.pdf, id=450, 418.56375pt x 314.17375pt>
File: 90four-eps-converted-to.pdf Graphic file (type pdf)

<use 90four-eps-converted-to.pdf>
Package pdftex.def Info: 90four-eps-converted-to.pdf used on input line 174.
(pdftex.def)             Requested size: 303.24976pt x 227.62204pt.
 [16

 <C:/Users/Scott/Documents/School/Wavelettes/SoundCompression/APresentation/90f
our-eps-converted-to.pdf>]
Package epstopdf Info: Source file: <90fourRec.eps>
(epstopdf)                    date: 2012-04-12 01:40:40
(epstopdf)                    size: 187159 bytes
(epstopdf)             Output file: <90fourRec-eps-converted-to.pdf>
(epstopdf)                    date: 2012-04-12 01:44:11
(epstopdf)                    size: 115169 bytes
(epstopdf)             Command: <epstopdf --outfile=90fourRec-eps-converted-to.
pdf 90fourRec.eps>
(epstopdf)             \includegraphics on input line 180.
Package epstopdf Info: Output file is already uptodate.

<90fourRec-eps-converted-to.pdf, id=481, 418.56375pt x 314.17375pt>
File: 90fourRec-eps-converted-to.pdf Graphic file (type pdf)

<use 90fourRec-eps-converted-to.pdf>
Package pdftex.def Info: 90fourRec-eps-converted-to.pdf used on input line 180.

(pdftex.def)             Requested size: 284.30023pt x 213.39566pt.

Overfull \hbox (2.96024pt too wide) in paragraph at lines 180--180
[][][][]  
 []

[17

 <C:/Users/Scott/Documents/School/Wavelettes/SoundCompression/APresentation/90f
ourRec-eps-converted-to.pdf>]
Package epstopdf Info: Source file: <95four.eps>
(epstopdf)                    date: 2012-04-12 01:41:16
(epstopdf)                    size: 70766 bytes
(epstopdf)             Output file: <95four-eps-converted-to.pdf>
(epstopdf)                    date: 2012-04-12 01:44:12
(epstopdf)                    size: 24173 bytes
(epstopdf)             Command: <epstopdf --outfile=95four-eps-converted-to.pdf
 95four.eps>
(epstopdf)             \includegraphics on input line 186.
Package epstopdf Info: Output file is already uptodate.

<95four-eps-converted-to.pdf, id=512, 418.56375pt x 314.17375pt>
File: 95four-eps-converted-to.pdf Graphic file (type pdf)

<use 95four-eps-converted-to.pdf>
Package pdftex.def Info: 95four-eps-converted-to.pdf used on input line 186.
(pdftex.def)             Requested size: 303.24976pt x 227.62204pt.
 [18

 <C:/Users/Scott/Documents/School/Wavelettes/SoundCompression/APresentation/95f
our-eps-converted-to.pdf>]
Package epstopdf Info: Source file: <95fourRec.eps>
(epstopdf)                    date: 2012-04-12 01:41:24
(epstopdf)                    size: 187061 bytes
(epstopdf)             Output file: <95fourRec-eps-converted-to.pdf>
(epstopdf)                    date: 2012-04-12 01:44:14
(epstopdf)                    size: 115066 bytes
(epstopdf)             Command: <epstopdf --outfile=95fourRec-eps-converted-to.
pdf 95fourRec.eps>
(epstopdf)             \includegraphics on input line 192.
Package epstopdf Info: Output file is already uptodate.

<95fourRec-eps-converted-to.pdf, id=543, 418.56375pt x 314.17375pt>
File: 95fourRec-eps-converted-to.pdf Graphic file (type pdf)

<use 95fourRec-eps-converted-to.pdf>
Package pdftex.def Info: 95fourRec-eps-converted-to.pdf used on input line 192.

(pdftex.def)             Requested size: 284.30023pt x 213.39566pt.

Overfull \hbox (2.96024pt too wide) in paragraph at lines 192--192
[][][][]  
 []

[19

 <C:/Users/Scott/Documents/School/Wavelettes/SoundCompression/APresentation/95f
ourRec-eps-converted-to.pdf>] [20

]<<StrobeMediaPlayback.swf>><<walkenclip.mp4>> [21

] [22

] [23

] [24

]
Package epstopdf Info: Source file: <mexhats.eps>
(epstopdf)                    date: 2012-04-12 01:34:46
(epstopdf)                    size: 78400 bytes
(epstopdf)             Output file: <mexhats-eps-converted-to.pdf>
(epstopdf)                    date: 2012-04-12 01:36:08
(epstopdf)                    size: 39488 bytes
(epstopdf)             Command: <epstopdf --outfile=mexhats-eps-converted-to.pd
f mexhats.eps>
(epstopdf)             \includegraphics on input line 262.
Package epstopdf Info: Output file is already uptodate.

<mexhats-eps-converted-to.pdf, id=718, 418.56375pt x 314.17375pt>
File: mexhats-eps-converted-to.pdf Graphic file (type pdf)

<use mexhats-eps-converted-to.pdf>
Package pdftex.def Info: mexhats-eps-converted-to.pdf used on input line 262.
(pdftex.def)             Requested size: 303.24976pt x 227.62204pt.
 [25

 <C:/Users/Scott/Documents/School/Wavelettes/SoundCompression/APresentation/mex
hats-eps-converted-to.pdf>]
Package epstopdf Info: Source file: <mexhatFour.eps>
(epstopdf)                    date: 2012-04-12 01:35:06
(epstopdf)                    size: 27415 bytes
(epstopdf)             Output file: <mexhatFour-eps-converted-to.pdf>
(epstopdf)                    date: 2012-04-12 01:36:10
(epstopdf)                    size: 5664 bytes
(epstopdf)             Command: <epstopdf --outfile=mexhatFour-eps-converted-to
.pdf mexhatFour.eps>
(epstopdf)             \includegraphics on input line 267.
Package epstopdf Info: Output file is already uptodate.

<mexhatFour-eps-converted-to.pdf, id=750, 418.56375pt x 314.17375pt>
File: mexhatFour-eps-converted-to.pdf Graphic file (type pdf)

<use mexhatFour-eps-converted-to.pdf>
Package pdftex.def Info: mexhatFour-eps-converted-to.pdf used on input line 267
.
(pdftex.def)             Requested size: 303.24976pt x 227.62204pt.
 [26

 <C:/Users/Scott/Documents/School/Wavelettes/SoundCompression/APresentation/mex
hatFour-eps-converted-to.pdf>]
<D4.jpg, id=781, 925.4575pt x 597.23125pt>
File: D4.jpg Graphic file (type jpg)
 <use D4.jpg>
Package pdftex.def Info: D4.jpg used on input line 271.
(pdftex.def)             Requested size: 352.72249pt x 227.62204pt.

Overfull \hbox (45.43262pt too wide) in paragraph at lines 271--271
[][]  
 []

[27

 <C:/Users/Scott/Documents/School/Wavelettes/SoundCompression/APresentation/D4.
jpg>] <D4Spec.jpg, id=808, 925.4575pt x 597.23125pt>
File: D4Spec.jpg Graphic file (type jpg)
 <use D4Spec.jpg>
Package pdftex.def Info: D4Spec.jpg used on input line 275.
(pdftex.def)             Requested size: 352.72249pt x 227.62204pt.

Overfull \hbox (45.43262pt too wide) in paragraph at lines 275--275
[][]  
 []

[28

 <C:/Users/Scott/Documents/School/Wavelettes/SoundCompression/APresentation/D4S
pec.jpg>] <D12.jpg, id=835, 925.4575pt x 597.23125pt>
File: D12.jpg Graphic file (type jpg)
 <use D12.jpg>
Package pdftex.def Info: D12.jpg used on input line 279.
(pdftex.def)             Requested size: 352.72249pt x 227.62204pt.

Overfull \hbox (45.43262pt too wide) in paragraph at lines 279--279
[][]  
 []

[29

 <C:/Users/Scott/Documents/School/Wavelettes/SoundCompression/APresentation/D12
.jpg>] <D12Spec.jpg, id=862, 925.4575pt x 597.23125pt>
File: D12Spec.jpg Graphic file (type jpg)
 <use D12Spec.jpg>
Package pdftex.def Info: D12Spec.jpg used on input line 283.
(pdftex.def)             Requested size: 352.72249pt x 227.62204pt.

Overfull \hbox (45.43262pt too wide) in paragraph at lines 283--283
[][]  
 []

[30

 <C:/Users/Scott/Documents/School/Wavelettes/SoundCompression/APresentation/D12
Spec.jpg>] [31

] [32

] [33

] [34

] [35

] [36

]
<d4Pair.jpg, id=1046, 460.119pt x 278.84175pt>
File: d4Pair.jpg Graphic file (type jpg)
 <use d4Pair.jpg>
Package pdftex.def Info: d4Pair.jpg used on input line 328.
(pdftex.def)             Requested size: 305.18895pt x 184.9429pt.
 [37

 <C:/Users/Scott/Documents/School/Wavelettes/SoundCompression/APresentation/d4P
air.jpg>]
<stage0.jpg, id=1074, 855.195pt x 597.23125pt>
File: stage0.jpg Graphic file (type jpg)
 <use stage0.jpg>
Package pdftex.def Info: stage0.jpg used on input line 333.
(pdftex.def)             Requested size: 285.19044pt x 199.16928pt.
 [38

 <C:/Users/Scott/Documents/School/Wavelettes/SoundCompression/APresentation/sta
ge0.jpg>]
<stage1.jpg, id=1101, 855.195pt x 597.23125pt>
File: stage1.jpg Graphic file (type jpg)
 <use stage1.jpg>
Package pdftex.def Info: stage1.jpg used on input line 338.
(pdftex.def)             Requested size: 285.19044pt x 199.16928pt.
 [39

 <C:/Users/Scott/Documents/School/Wavelettes/SoundCompression/APresentation/sta
ge1.jpg>]
<stage2.jpg, id=1128, 855.195pt x 597.23125pt>
File: stage2.jpg Graphic file (type jpg)
 <use stage2.jpg>
Package pdftex.def Info: stage2.jpg used on input line 343.
(pdftex.def)             Requested size: 285.19044pt x 199.16928pt.
 [40

 <C:/Users/Scott/Documents/School/Wavelettes/SoundCompression/APresentation/sta
ge2.jpg>]
<stage3.jpg, id=1155, 855.195pt x 597.23125pt>
File: stage3.jpg Graphic file (type jpg)
 <use stage3.jpg>
Package pdftex.def Info: stage3.jpg used on input line 348.
(pdftex.def)             Requested size: 285.19044pt x 199.16928pt.
 [41

 <C:/Users/Scott/Documents/School/Wavelettes/SoundCompression/APresentation/sta
ge3.jpg>]
<stage4.jpg, id=1182, 855.195pt x 597.23125pt>
File: stage4.jpg Graphic file (type jpg)
 <use stage4.jpg>
Package pdftex.def Info: stage4.jpg used on input line 353.
(pdftex.def)             Requested size: 285.19044pt x 199.16928pt.
 [42

 <C:/Users/Scott/Documents/School/Wavelettes/SoundCompression/APresentation/sta
ge4.jpg>]
<stage4p9.jpg, id=1209, 855.195pt x 597.23125pt>
File: stage4p9.jpg Graphic file (type jpg)
 <use stage4p9.jpg>
Package pdftex.def Info: stage4p9.jpg used on input line 358.
(pdftex.def)             Requested size: 285.19044pt x 199.16928pt.
 [43

 <C:/Users/Scott/Documents/School/Wavelettes/SoundCompression/APresentation/sta
ge4p9.jpg>] <reConstructp9.jpg, id=1237, 855.195pt x 597.23125pt>
File: reConstructp9.jpg Graphic file (type jpg)

<use reConstructp9.jpg>
Package pdftex.def Info: reConstructp9.jpg used on input line 364.
(pdftex.def)             Requested size: 285.19044pt x 199.16928pt.

Overfull \hbox (3.85045pt too wide) in paragraph at lines 364--364
[][][][]  
 []

[44

 <C:/Users/Scott/Documents/School/Wavelettes/SoundCompression/APresentation/reC
onstructp9.jpg>] <stage4p95.jpg, id=1265, 855.195pt x 597.23125pt>
File: stage4p95.jpg Graphic file (type jpg)

<use stage4p95.jpg>
Package pdftex.def Info: stage4p95.jpg used on input line 369.
(pdftex.def)             Requested size: 285.19044pt x 199.16928pt.
 [45

 <C:/Users/Scott/Documents/School/Wavelettes/SoundCompression/APresentation/sta
ge4p95.jpg>]
<reConstructp95.jpg, id=1292, 855.195pt x 597.23125pt>
File: reConstructp95.jpg Graphic file (type jpg)

<use reConstructp95.jpg>
Package pdftex.def Info: reConstructp95.jpg used on input line 375.
(pdftex.def)             Requested size: 285.19044pt x 199.16928pt.

Overfull \hbox (3.85045pt too wide) in paragraph at lines 375--375
[][][][]  
 []

[46

 <C:/Users/Scott/Documents/School/Wavelettes/SoundCompression/APresentation/reC
onstructp95.jpg>] [47

]
Package epstopdf Info: Source file: <error.eps>
(epstopdf)                    date: 2012-04-09 05:49:54
(epstopdf)                    size: 17287 bytes
(epstopdf)             Output file: <error-eps-converted-to.pdf>
(epstopdf)                    date: 2012-04-09 05:55:03
(epstopdf)                    size: 6312 bytes
(epstopdf)             Command: <epstopdf --outfile=error-eps-converted-to.pdf 
error.eps>
(epstopdf)             \includegraphics on input line 389.
Package epstopdf Info: Output file is already uptodate.

<error-eps-converted-to.pdf, id=1351, 495.8525pt x 341.275pt>
File: error-eps-converted-to.pdf Graphic file (type pdf)

<use error-eps-converted-to.pdf>
Package pdftex.def Info: error-eps-converted-to.pdf used on input line 389.
(pdftex.def)             Requested size: 289.38782pt x 199.16928pt.
 [48

 <C:/Users/Scott/Documents/School/Wavelettes/SoundCompression/APresentation/err
or-eps-converted-to.pdf>]
<icenterlogo2.jpg, id=1381, 260.975pt x 76.285pt>
File: icenterlogo2.jpg Graphic file (type jpg)
 <use icenterlogo2.jpg>
Package pdftex.def Info: icenterlogo2.jpg used on input line 397.
(pdftex.def)             Requested size: 194.68346pt x 56.9055pt.

[49

 <C:/Users/Scott/Documents/School/Wavelettes/SoundCompression/APresentation/ice
nterlogo2.jpg>]
\tf@nav=\write6
\tf@toc=\write7
\tf@snm=\write8
Package atveryend Info: Empty hook `BeforeClearDocument' on input line 399.
Package atveryend Info: Empty hook `AfterLastShipout' on input line 399.

(C:\Users\Scott\Documents\School\Wavelettes\SoundCompression\APresentation\Pres
entation.aux)
Package atveryend Info: Executing hook `AtVeryEndDocument' on input line 399.
Package atveryend Info: Executing hook `AtEndAfterFileList' on input line 399.
Package rerunfilecheck Info: File `Presentation.out' has not changed.
(rerunfilecheck)             Checksum: D41D8CD98F00B204E9800998ECF8427E;0.
 ) 
Here is how much of TeX's memory you used:
 22422 strings out of 494045
 422096 string characters out of 3145968
 490721 words of memory out of 3000000
 25043 multiletter control sequences out of 15000+200000
 33126 words of font info for 52 fonts, out of 3000000 for 9000
 715 hyphenation exceptions out of 8191
 49i,16n,59p,476b,860s stack positions out of 5000i,500n,10000p,200000b,50000s
{C:/Program Files (x86)/MiKTeX 2.9/fonts/enc/dvips/fontname/8r.enc}<C:/Progra
m Files (x86)/MiKTeX 2.9/fonts/type1/public/amsfonts/cm/cmex10.pfb><C:/Program 
Files (x86)/MiKTeX 2.9/fonts/type1/public/amsfonts/cm/cmmi10.pfb><C:/Program Fi
les (x86)/MiKTeX 2.9/fonts/type1/public/amsfonts/cm/cmmi7.pfb><C:/Program Files
 (x86)/MiKTeX 2.9/fonts/type1/public/amsfonts/cm/cmss10.pfb><C:/Program Files (
x86)/MiKTeX 2.9/fonts/type1/public/amsfonts/cm/cmss12.pfb><C:/Program Files (x8
6)/MiKTeX 2.9/fonts/type1/public/amsfonts/cm/cmss8.pfb><C:/Program Files (x86)/
MiKTeX 2.9/fonts/type1/public/amsfonts/cm/cmsy10.pfb><C:/Program Files (x86)/Mi
KTeX 2.9/fonts/type1/public/amsfonts/cm/cmsy7.pfb><C:/Program Files (x86)/MiKTe
X 2.9/fonts/type1/public/amsfonts/symbols/msbm10.pfb><C:/Program Files (x86)/Mi
KTeX 2.9/fonts/type1/public/amsfonts/symbols/msbm7.pfb><C:/Program Files (x86)/
MiKTeX 2.9/fonts/type1/urw/helvetic/uhvr8a.pfb><C:/Program Files (x86)/MiKTeX 2
.9/fonts/type1/urw/helvetic/uhvro8a.pfb>
Output written on Presentation.pdf (49 pages, 2299695 bytes).
PDF statistics:
 1471 PDF objects out of 1728 (max. 8388607)
 99 named destinations out of 1000 (max. 500000)
 267 words of extra memory for PDF output out of 10000 (max. 10000000)

