This is pdfTeX, Version 3.1415926-2.3-1.40.12 (MiKTeX 2.9) (preloaded format=pdflatex 2011.11.10)  23 MAY 2012 12:03
entering extended mode
**C:/Users/Scott/Documents/School/Wavelettes/Thesis/Thesis.tex
(C:/Users/Scott/Documents/School/Wavelettes/Thesis/Thesis.tex
LaTeX2e <2011/06/27>
Babel <v3.8m> and hyphenation patterns for english, afrikaans, ancientgreek, ar
abic, armenian, assamese, basque, bengali, bokmal, bulgarian, catalan, coptic, 
croatian, czech, danish, dutch, esperanto, estonian, farsi, finnish, french, ga
lician, german, german-x-2009-06-19, greek, gujarati, hindi, hungarian, iceland
ic, indonesian, interlingua, irish, italian, kannada, kurmanji, lao, latin, lat
vian, lithuanian, malayalam, marathi, mongolian, mongolianlmc, monogreek, ngerm
an, ngerman-x-2009-06-19, nynorsk, oriya, panjabi, pinyin, polish, portuguese, 
romanian, russian, sanskrit, serbian, slovak, slovenian, spanish, swedish, swis
sgerman, tamil, telugu, turkish, turkmen, ukenglish, ukrainian, uppersorbian, u
senglishmax, welsh, loaded.
("C:\Program Files (x86)\MiKTeX 2.9\tex\latex\base\report.cls"
Document Class: report 2007/10/19 v1.4h Standard LaTeX document class
("C:\Program Files (x86)\MiKTeX 2.9\tex\latex\base\size10.clo"
File: size10.clo 2007/10/19 v1.4h Standard LaTeX file (size option)
)
\c@part=\count79
\c@chapter=\count80
\c@section=\count81
\c@subsection=\count82
\c@subsubsection=\count83
\c@paragraph=\count84
\c@subparagraph=\count85
\c@figure=\count86
\c@table=\count87
\abovecaptionskip=\skip41
\belowcaptionskip=\skip42
\bibindent=\dimen102
)
("C:\Program Files (x86)\MiKTeX 2.9\tex\latex\amsfonts\amssymb.sty"
Package: amssymb 2009/06/22 v3.00

("C:\Program Files (x86)\MiKTeX 2.9\tex\latex\amsfonts\amsfonts.sty"
Package: amsfonts 2009/06/22 v3.00 Basic AMSFonts support
\@emptytoks=\toks14
\symAMSa=\mathgroup4
\symAMSb=\mathgroup5
LaTeX Font Info:    Overwriting math alphabet `\mathfrak' in version `bold'
(Font)                  U/euf/m/n --> U/euf/b/n on input line 96.
))
("C:\Program Files (x86)\MiKTeX 2.9\tex\latex\ams\classes\amsthm.sty"
Package: amsthm 2004/08/06 v2.20
\thm@style=\toks15
\thm@bodyfont=\toks16
\thm@headfont=\toks17
\thm@notefont=\toks18
\thm@headpunct=\toks19
\thm@preskip=\skip43
\thm@postskip=\skip44
\thm@headsep=\skip45
\dth@everypar=\toks20
)
("C:\Program Files (x86)\MiKTeX 2.9\tex\latex\base\latexsym.sty"
Package: latexsym 1998/08/17 v2.2e Standard LaTeX package (lasy symbols)
\symlasy=\mathgroup6
LaTeX Font Info:    Overwriting symbol font `lasy' in version `bold'
(Font)                  U/lasy/m/n --> U/lasy/b/n on input line 47.
)
("C:\Program Files (x86)\MiKTeX 2.9\tex\latex\ams\math\amsmath.sty"
Package: amsmath 2000/07/18 v2.13 AMS math features
\@mathmargin=\skip46

For additional information on amsmath, use the `?' option.
("C:\Program Files (x86)\MiKTeX 2.9\tex\latex\ams\math\amstext.sty"
Package: amstext 2000/06/29 v2.01

("C:\Program Files (x86)\MiKTeX 2.9\tex\latex\ams\math\amsgen.sty"
File: amsgen.sty 1999/11/30 v2.0
\@emptytoks=\toks21
\ex@=\dimen103
))
("C:\Program Files (x86)\MiKTeX 2.9\tex\latex\ams\math\amsbsy.sty"
Package: amsbsy 1999/11/29 v1.2d
\pmbraise@=\dimen104
)
("C:\Program Files (x86)\MiKTeX 2.9\tex\latex\ams\math\amsopn.sty"
Package: amsopn 1999/12/14 v2.01 operator names
)
\inf@bad=\count88
LaTeX Info: Redefining \frac on input line 211.
\uproot@=\count89
\leftroot@=\count90
LaTeX Info: Redefining \overline on input line 307.
\classnum@=\count91
\DOTSCASE@=\count92
LaTeX Info: Redefining \ldots on input line 379.
LaTeX Info: Redefining \dots on input line 382.
LaTeX Info: Redefining \cdots on input line 467.
\Mathstrutbox@=\box26
\strutbox@=\box27
\big@size=\dimen105
LaTeX Font Info:    Redeclaring font encoding OML on input line 567.
LaTeX Font Info:    Redeclaring font encoding OMS on input line 568.
\macc@depth=\count93
\c@MaxMatrixCols=\count94
\dotsspace@=\muskip10
\c@parentequation=\count95
\dspbrk@lvl=\count96
\tag@help=\toks22
\row@=\count97
\column@=\count98
\maxfields@=\count99
\andhelp@=\toks23
\eqnshift@=\dimen106
\alignsep@=\dimen107
\tagshift@=\dimen108
\tagwidth@=\dimen109
\totwidth@=\dimen110
\lineht@=\dimen111
\@envbody=\toks24
\multlinegap=\skip47
\multlinetaggap=\skip48
\mathdisplay@stack=\toks25
LaTeX Info: Redefining \[ on input line 2666.
LaTeX Info: Redefining \] on input line 2667.
)
("C:\Program Files (x86)\MiKTeX 2.9\tex\latex\tools\verbatim.sty"
Package: verbatim 2003/08/22 v1.5q LaTeX2e package for verbatim enhancements
\every@verbatim=\toks26
\verbatim@line=\toks27
\verbatim@in@stream=\read1
)
("C:\Program Files (x86)\MiKTeX 2.9\tex\latex\graphics\graphicx.sty"
Package: graphicx 1999/02/16 v1.0f Enhanced LaTeX Graphics (DPC,SPQR)

("C:\Program Files (x86)\MiKTeX 2.9\tex\latex\graphics\keyval.sty"
Package: keyval 1999/03/16 v1.13 key=value parser (DPC)
\KV@toks@=\toks28
)
("C:\Program Files (x86)\MiKTeX 2.9\tex\latex\graphics\graphics.sty"
Package: graphics 2009/02/05 v1.0o Standard LaTeX Graphics (DPC,SPQR)

("C:\Program Files (x86)\MiKTeX 2.9\tex\latex\graphics\trig.sty"
Package: trig 1999/03/16 v1.09 sin cos tan (DPC)
)
("C:\Program Files (x86)\MiKTeX 2.9\tex\latex\00miktex\graphics.cfg"
File: graphics.cfg 2007/01/18 v1.5 graphics configuration of teTeX/TeXLive
)
Package graphics Info: Driver file: pdftex.def on input line 91.

("C:\Program Files (x86)\MiKTeX 2.9\tex\latex\pdftex-def\pdftex.def"
File: pdftex.def 2011/05/27 v0.06d Graphics/color for pdfTeX

("C:\Program Files (x86)\MiKTeX 2.9\tex\generic\oberdiek\infwarerr.sty"
Package: infwarerr 2010/04/08 v1.3 Providing info/warning/message (HO)
)
("C:\Program Files (x86)\MiKTeX 2.9\tex\generic\oberdiek\ltxcmds.sty"
Package: ltxcmds 2011/04/18 v1.20 LaTeX kernel commands for general use (HO)
)
\Gread@gobject=\count100
))
\Gin@req@height=\dimen112
\Gin@req@width=\dimen113
)
("C:\Program Files (x86)\MiKTeX 2.9\tex\latex\xcolor\xcolor.sty"
Package: xcolor 2007/01/21 v2.11 LaTeX color extensions (UK)

("C:\Program Files (x86)\MiKTeX 2.9\tex\latex\00miktex\color.cfg"
File: color.cfg 2007/01/18 v1.5 color configuration of teTeX/TeXLive
)
Package xcolor Info: Driver file: pdftex.def on input line 225.
Package xcolor Info: Model `cmy' substituted by `cmy0' on input line 1337.
Package xcolor Info: Model `hsb' substituted by `rgb' on input line 1341.
Package xcolor Info: Model `RGB' extended on input line 1353.
Package xcolor Info: Model `HTML' substituted by `rgb' on input line 1355.
Package xcolor Info: Model `Hsb' substituted by `hsb' on input line 1356.
Package xcolor Info: Model `tHsb' substituted by `hsb' on input line 1357.
Package xcolor Info: Model `HSB' substituted by `hsb' on input line 1358.
Package xcolor Info: Model `Gray' substituted by `gray' on input line 1359.
Package xcolor Info: Model `wave' substituted by `hsb' on input line 1360.
)
("C:\Program Files (x86)\MiKTeX 2.9\tex\latex\graphics\epsfig.sty"
Package: epsfig 1999/02/16 v1.7a (e)psfig emulation (SPQR)
\epsfxsize=\dimen114
\epsfysize=\dimen115
)
("C:\Program Files (x86)\MiKTeX 2.9\tex\latex\oberdiek\epstopdf.sty"
Package: epstopdf 2010/02/09 v2.5 Conversion with epstopdf on the fly (HO)

("C:\Program Files (x86)\MiKTeX 2.9\tex\latex\oberdiek\epstopdf-base.sty"
Package: epstopdf-base 2010/02/09 v2.5 Base part for package epstopdf

("C:\Program Files (x86)\MiKTeX 2.9\tex\latex\oberdiek\grfext.sty"
Package: grfext 2010/08/19 v1.1 Managing graphics extensions (HO)

("C:\Program Files (x86)\MiKTeX 2.9\tex\generic\oberdiek\kvdefinekeys.sty"
Package: kvdefinekeys 2011/04/07 v1.3 Defining keys (HO)
))
("C:\Program Files (x86)\MiKTeX 2.9\tex\latex\oberdiek\kvoptions.sty"
Package: kvoptions 2010/12/23 v3.10 Keyval support for LaTeX options (HO)

("C:\Program Files (x86)\MiKTeX 2.9\tex\generic\oberdiek\kvsetkeys.sty"
Package: kvsetkeys 2011/04/07 v1.13 Key value parser (HO)

("C:\Program Files (x86)\MiKTeX 2.9\tex\generic\oberdiek\etexcmds.sty"
Package: etexcmds 2011/02/16 v1.5 Prefix for e-TeX command names (HO)

("C:\Program Files (x86)\MiKTeX 2.9\tex\generic\oberdiek\ifluatex.sty"
Package: ifluatex 2010/03/01 v1.3 Provides the ifluatex switch (HO)
Package ifluatex Info: LuaTeX not detected.
)
Package etexcmds Info: Could not find \expanded.
(etexcmds)             That can mean that you are not using pdfTeX 1.50 or
(etexcmds)             that some package has redefined \expanded.
(etexcmds)             In the latter case, load this package earlier.
)))
("C:\Program Files (x86)\MiKTeX 2.9\tex\generic\oberdiek\pdftexcmds.sty"
Package: pdftexcmds 2011/04/22 v0.16 Utilities of pdfTeX for LuaTeX (HO)

("C:\Program Files (x86)\MiKTeX 2.9\tex\generic\oberdiek\ifpdf.sty"
Package: ifpdf 2011/01/30 v2.3 Provides the ifpdf switch (HO)
Package ifpdf Info: pdfTeX in PDF mode is detected.
)
Package pdftexcmds Info: LuaTeX not detected.
Package pdftexcmds Info: \pdf@primitive is available.
Package pdftexcmds Info: \pdf@ifprimitive is available.
Package pdftexcmds Info: \pdfdraftmode found.
)
Package grfext Info: Graphics extension search list:
(grfext)             [.png,.pdf,.jpg,.mps,.jpeg,.jbig2,.jb2,.PNG,.PDF,.JPG,.JPE
G,.JBIG2,.JB2,.eps]
(grfext)             \AppendGraphicsExtensions on input line 452.
))
("C:\Program Files (x86)\MiKTeX 2.9\tex\latex\tools\multicol.sty"
Package: multicol 2011/06/27 v1.7a multicolumn formatting (FMi)
\c@tracingmulticols=\count101
\mult@box=\box28
\multicol@leftmargin=\dimen116
\c@unbalance=\count102
\c@collectmore=\count103
\doublecol@number=\count104
\multicoltolerance=\count105
\multicolpretolerance=\count106
\full@width=\dimen117
\page@free=\dimen118
\premulticols=\dimen119
\postmulticols=\dimen120
\multicolsep=\skip49
\multicolbaselineskip=\skip50
\partial@page=\box29
\last@line=\box30
\mult@rightbox=\box31
\mult@grightbox=\box32
\mult@gfirstbox=\box33
\mult@firstbox=\box34
\@tempa=\box35
\@tempa=\box36
\@tempa=\box37
\@tempa=\box38
\@tempa=\box39
\@tempa=\box40
\@tempa=\box41
\@tempa=\box42
\@tempa=\box43
\@tempa=\box44
\@tempa=\box45
\@tempa=\box46
\@tempa=\box47
\@tempa=\box48
\@tempa=\box49
\@tempa=\box50
\@tempa=\box51
\c@columnbadness=\count107
\c@finalcolumnbadness=\count108
\last@try=\dimen121
\multicolovershoot=\dimen122
\multicolundershoot=\dimen123
\mult@nat@firstbox=\box52
\colbreak@box=\box53
\multicol@sort@counter=\count109
)
("C:\Program Files (x86)\MiKTeX 2.9\tex\latex\tools\enumerate.sty"
Package: enumerate 1999/03/05 v3.00 enumerate extensions (DPC)
\@enLab=\toks29
)
("C:\Program Files (x86)\MiKTeX 2.9\tex\latex\ulsy\ulsy.sty")
("C:\Program Files (x86)\MiKTeX 2.9\tex\generic\babel\babel.sty"
Package: babel 2008/07/08 v3.8m The Babel package

*************************************
* Local config file bblopts.cfg used
*
("C:\Program Files (x86)\MiKTeX 2.9\tex\latex\00miktex\bblopts.cfg"
File: bblopts.cfg 2006/07/31 v1.0 MiKTeX 'babel' configuration
)
("C:\Program Files (x86)\MiKTeX 2.9\tex\generic\babel\english.ldf"
Language: english 2005/03/30 v3.3o English support from the babel system

("C:\Program Files (x86)\MiKTeX 2.9\tex\generic\babel\babel.def"
File: babel.def 2008/07/08 v3.8m Babel common definitions
\babel@savecnt=\count110
\U@D=\dimen124
)
\l@canadian = a dialect from \language\l@american 
\l@australian = a dialect from \language\l@british 
\l@newzealand = a dialect from \language\l@british 
))
("C:\Program Files (x86)\MiKTeX 2.9\tex\latex\media9\media9.sty"
("C:\Program Files (x86)\MiKTeX 2.9\tex\latex\l3kernel\expl3.sty"
("C:\Program Files (x86)\MiKTeX 2.9\tex\latex\l3kernel\l3names.sty"
("C:\Program Files (x86)\MiKTeX 2.9\tex\latex\l3kernel\l3bootstrap.sty"
Package: l3bootstrap 2011/12/29 v3110 L3 Experimental bootstrap code
)
Package: l3names 2012/03/04 v3494 L3 Experimental namespace for primitives
)
("C:\Program Files (x86)\MiKTeX 2.9\tex\latex\misc\etex.sty"
Package: etex 1998/03/26 v2.0 eTeX basic definition package (PEB)
\et@xins=\count111
)
Package: expl3 2012/04/23 v3570 L3 Experimental code bundle wrapper

("C:\Program Files (x86)\MiKTeX 2.9\tex\latex\l3kernel\l3basics.sty"
Package: l3basics 2012/03/04 v3491 L3 Experimental basic definitions
)
("C:\Program Files (x86)\MiKTeX 2.9\tex\latex\l3kernel\l3expan.sty"
Package: l3expan 2012/02/26 v3460 L3 Experimental argument expansion
)
("C:\Program Files (x86)\MiKTeX 2.9\tex\latex\l3kernel\l3tl.sty"
Package: l3tl 2012/03/04 v3490 L3 Experimental token lists
)
("C:\Program Files (x86)\MiKTeX 2.9\tex\latex\l3kernel\l3seq.sty"
Package: l3seq 2012/03/04 v3490 L3 Experimental sequences and stacks
)
("C:\Program Files (x86)\MiKTeX 2.9\tex\latex\l3kernel\l3int.sty"
Package: l3int 2012/03/04 v3490 L3 Experimental integers
\c_max_int=\count112
\l_tmpa_int=\count113
\l_tmpb_int=\count114
\l_tmpc_int=\count115
\g_tmpa_int=\count116
\g_tmpb_int=\count117
)
("C:\Program Files (x86)\MiKTeX 2.9\tex\latex\l3kernel\l3quark.sty"
Package: l3quark 2012/02/12 v3384 L3 Experimental quarks
)
("C:\Program Files (x86)\MiKTeX 2.9\tex\latex\l3kernel\l3prg.sty"
Package: l3prg 2012/03/04 v3490 L3 Experimental control structures
\g_prg_map_int=\count118
)
("C:\Program Files (x86)\MiKTeX 2.9\tex\latex\l3kernel\l3clist.sty"
Package: l3clist 2012/03/04 v3490 L3 Experimental comma separated lists
)
("C:\Program Files (x86)\MiKTeX 2.9\tex\latex\l3kernel\l3token.sty"
Package: l3token 2012/03/04 v3491 L3 Experimental token manipulation
)
("C:\Program Files (x86)\MiKTeX 2.9\tex\latex\l3kernel\l3prop.sty"
Package: l3prop 2012/03/04 v3490 L3 Experimental property lists
)
("C:\Program Files (x86)\MiKTeX 2.9\tex\latex\l3kernel\l3msg.sty"
Package: l3msg 2012/04/23 v3568 L3 Experimental messages
)
("C:\Program Files (x86)\MiKTeX 2.9\tex\latex\l3kernel\l3file.sty"
Package: l3file 2012/03/09 v3520 L3 Experimental file and I/O operations
\l_iow_stream_int=\count119
\l_iow_line_length_int=\count120
\l_iow_target_length_int=\count121
\l_iow_current_line_int=\count122
\l_iow_current_word_int=\count123
\l_iow_current_indentation_int=\count124
)
("C:\Program Files (x86)\MiKTeX 2.9\tex\latex\l3kernel\l3skip.sty"
Package: l3skip 2012/03/05 v3499 L3 Experimental dimensions and skips
\l_tmpa_dim=\dimen125
\l_tmpb_dim=\dimen126
\l_tmpc_dim=\dimen127
\g_tmpa_dim=\dimen128
\g_tmpb_dim=\dimen129
\l_tmpa_skip=\skip51
\l_tmpb_skip=\skip52
\l_tmpc_skip=\skip53
\g_tmpa_skip=\skip54
\g_tmpb_skip=\skip55
)
("C:\Program Files (x86)\MiKTeX 2.9\tex\latex\l3kernel\l3keys.sty"
Package: l3keys 2012/03/03 v3487 L3 Experimental key-value interfaces
\g_keyval_level_int=\count125
\l_keys_choice_int=\count126
)
("C:\Program Files (x86)\MiKTeX 2.9\tex\latex\l3kernel\l3fp.sty"
Package: l3fp 2012/03/04 v3490 L3 Experimental floating-point operations
\c_one_million=\count127
\c_one_hundred_million=\count128
\c_five_hundred_million=\count129
\c_one_thousand_million=\count130
\c_fp_pi_by_four_decimal_int=\count131
\c_fp_pi_by_four_extended_int=\count132
\c_fp_pi_decimal_int=\count133
\c_fp_pi_extended_int=\count134
\c_fp_two_pi_decimal_int=\count135
\c_fp_two_pi_extended_int=\count136
\l_fp_count_int=\count137
\l_fp_div_offset_int=\count138
\l_fp_exp_integer_int=\count139
\l_fp_exp_decimal_int=\count140
\l_fp_exp_extended_int=\count141
\l_fp_exp_exponent_int=\count142
\l_fp_input_a_sign_int=\count143
\l_fp_input_a_integer_int=\count144
\l_fp_input_a_decimal_int=\count145
\l_fp_input_a_exponent_int=\count146
\l_fp_input_b_sign_int=\count147
\l_fp_input_b_integer_int=\count148
\l_fp_input_b_decimal_int=\count149
\l_fp_input_b_exponent_int=\count150
\l_fp_input_a_extended_int=\count151
\l_fp_input_b_extended_int=\count152
\l_fp_mul_a_i_int=\count153
\l_fp_mul_a_ii_int=\count154
\l_fp_mul_a_iii_int=\count155
\l_fp_mul_a_iv_int=\count156
\l_fp_mul_a_v_int=\count157
\l_fp_mul_a_vi_int=\count158
\l_fp_mul_b_i_int=\count159
\l_fp_mul_b_ii_int=\count160
\l_fp_mul_b_iii_int=\count161
\l_fp_mul_b_iv_int=\count162
\l_fp_mul_b_v_int=\count163
\l_fp_mul_b_vi_int=\count164
\l_fp_mul_output_int=\count165
\l_fp_output_sign_int=\count166
\l_fp_output_integer_int=\count167
\l_fp_output_decimal_int=\count168
\l_fp_output_exponent_int=\count169
\l_fp_output_extended_int=\count170
\l_fp_round_position_int=\count171
\l_fp_round_target_int=\count172
\l_fp_split_sign_int=\count173
\l_fp_internal_int=\count174
\l_fp_trig_octant_int=\count175
\l_fp_trig_sign_int=\count176
\l_fp_trig_decimal_int=\count177
\l_fp_trig_extended_int=\count178
\l_fp_internal_dim=\dimen130
\l_fp_internal_skip=\skip56
)
("C:\Program Files (x86)\MiKTeX 2.9\tex\latex\l3kernel\l3box.sty"
Package: l3box 2012/03/04 v3490 L3 Experimental boxes
\l_tmpb_box=\box54
\l_box_top_dim=\dimen131
\l_box_bottom_dim=\dimen132
\l_box_left_dim=\dimen133
\l_box_right_dim=\dimen134
\l_box_top_new_dim=\dimen135
\l_box_bottom_new_dim=\dimen136
\l_box_left_new_dim=\dimen137
\l_box_right_new_dim=\dimen138
\l_box_internal_box=\box55
)
("C:\Program Files (x86)\MiKTeX 2.9\tex\latex\l3kernel\l3coffins.sty"
Package: l3coffins 2012/03/03 v3482 L3 Experimental coffin code layer
\l_coffin_internal_box=\box56
\l_coffin_internal_dim=\dimen139
\l_coffin_offset_x_dim=\dimen140
\l_coffin_offset_y_dim=\dimen141
\l_coffin_x_dim=\dimen142
\l_coffin_y_dim=\dimen143
\l_coffin_x_prime_dim=\dimen144
\l_coffin_y_prime_dim=\dimen145
\l_coffin_Depth_dim=\dimen146
\l_coffin_Height_dim=\dimen147
\l_coffin_TotalHeight_dim=\dimen148
\l_coffin_Width_dim=\dimen149
\c_empty_coffin=\box57
\l_coffin_aligned_coffin=\box58
\l_coffin_aligned_internal_coffin=\box59
\l_coffin_bounding_shift_dim=\dimen150
\l_coffin_left_corner_dim=\dimen151
\l_coffin_right_corner_dim=\dimen152
\l_coffin_bottom_corner_dim=\dimen153
\l_coffin_top_corner_dim=\dimen154
\l_coffin_scaled_total_height_dim=\dimen155
\l_coffin_scaled_width_dim=\dimen156
\l_coffin_display_coffin=\box60
\l_coffin_display_coord_coffin=\box61
\l_coffin_display_pole_coffin=\box62
\l_coffin_display_offset_dim=\dimen157
\l_coffin_display_x_dim=\dimen158
\l_coffin_display_y_dim=\dimen159
)
("C:\Program Files (x86)\MiKTeX 2.9\tex\latex\l3kernel\l3color.sty"
Package: l3color 2011/09/07 v2776 L3 Experimental colour support
)
("C:\Program Files (x86)\MiKTeX 2.9\tex\latex\l3kernel\l3luatex.sty"
Package: l3luatex 2012/02/09 v3355 L3 Experimental LuaTeX-specific functions
\g_cctab_allocate_int=\count179
\g_cctab_stack_int=\count180
))
("C:\Program Files (x86)\MiKTeX 2.9\tex\latex\l3packages\xparse\xparse.sty"
Package: xparse 2012/04/23 v3570 L3 Experimental document command parser
\l_xparse_current_arg_int=\count181
\l_xparse_m_args_int=\count182
\l_xparse_mandatory_args_int=\count183
\l_xparse_processor_int=\count184
\l_xparse_v_nesting_int=\count185
)
("C:\Program Files (x86)\MiKTeX 2.9\tex\latex\l3packages\l3keys2e\l3keys2e.sty"
Package: l3keys2e 2012/04/23 v3570 LaTeX2e option processing using LaTeX3 keys
)
Package: media9 2012/04/25 v0.6 acrobat-9 compatible media
\l_mix_poster_box=\box63
\g_mix_wd_dim=\dimen160
\g_mix_ht_dim=\dimen161
\g_mix_dp_dim=\dimen162
\g_mix_rmcnt_int=\count186
\l_mix_viewcnt_int=\count187
\g_mix_resizeflag_int=\count188
\l_mix_lineno_int=\count189
.................................................
. LaTeX info: "xparse/define-command"
. 
. Defining document command \addmediapath with arg. spec. 'm' on line 908.
.................................................
.................................................
. LaTeX info: "xparse/define-command"
. 
. Defining document command \includemedia with arg. spec. 'omm' on line 1111.
.................................................
)
\c@thm:ellwave=\count190
 (C:\Users\Scott\Documents\School\Wavelettes\Thesis\Thesis.aux

LaTeX Warning: Label `fig:stage4p9' multiply defined.


LaTeX Warning: Label `fig:stage4p95' multiply defined.

)
LaTeX Font Info:    Checking defaults for OML/cmm/m/it on input line 77.
LaTeX Font Info:    ... okay on input line 77.
LaTeX Font Info:    Checking defaults for T1/cmr/m/n on input line 77.
LaTeX Font Info:    ... okay on input line 77.
LaTeX Font Info:    Checking defaults for OT1/cmr/m/n on input line 77.
LaTeX Font Info:    ... okay on input line 77.
LaTeX Font Info:    Checking defaults for OMS/cmsy/m/n on input line 77.
LaTeX Font Info:    ... okay on input line 77.
LaTeX Font Info:    Checking defaults for OMX/cmex/m/n on input line 77.
LaTeX Font Info:    ... okay on input line 77.
LaTeX Font Info:    Checking defaults for U/cmr/m/n on input line 77.
LaTeX Font Info:    ... okay on input line 77.
 ("C:\Program Files (x86)\MiKTeX 2.9\tex\context\base\supp-pdf.mkii"
[Loading MPS to PDF converter (version 2006.09.02).]
\scratchcounter=\count191
\scratchdimen=\dimen163
\scratchbox=\box64
\nofMPsegments=\count192
\nofMParguments=\count193
\everyMPshowfont=\toks30
\MPscratchCnt=\count194
\MPscratchDim=\dimen164
\MPnumerator=\count195
\makeMPintoPDFobject=\count196
\everyMPtoPDFconversion=\toks31
)
LaTeX Font Info:    Try loading font information for U+msa on input line 84.
 ("C:\Program Files (x86)\MiKTeX 2.9\tex\latex\amsfonts\umsa.fd"
File: umsa.fd 2009/06/22 v3.00 AMS symbols A
)
LaTeX Font Info:    Try loading font information for U+msb on input line 84.

("C:\Program Files (x86)\MiKTeX 2.9\tex\latex\amsfonts\umsb.fd"
File: umsb.fd 2009/06/22 v3.00 AMS symbols B
)
LaTeX Font Info:    Try loading font information for U+lasy on input line 84.

("C:\Program Files (x86)\MiKTeX 2.9\tex\latex\base\ulasy.fd"
File: ulasy.fd 1998/08/17 v2.2e LaTeX symbol font definitions
) [1

{C:/Users/Scott/AppData/Local/MiKTeX/2.9/pdftex/config/pdftex.map}] [1]
(C:\Users\Scott\Documents\School\Wavelettes\Thesis\Thesis.toc)
\tf@toc=\write3
 [1

]
(C:\Users\Scott\Documents\School\Wavelettes\Thesis\Thesis.lof)
\tf@lof=\write4

<icenterlogo2.jpg, id=20, 260.975pt x 76.285pt>
File: icenterlogo2.jpg Graphic file (type jpg)
 <use icenterlogo2.jpg>
Package pdftex.def Info: icenterlogo2.jpg used on input line 102.
(pdftex.def)             Requested size: 107.07211pt x 31.2982pt.
 [2

 <C:/Users/Scott/Documents/School/Wavelettes/Thesis/icenterlogo2.jpg>] [1]
Chapter 1.
Package epstopdf Info: Source file: <figure1.eps>
(epstopdf)                    date: 2012-04-12 01:38:42
(epstopdf)                    size: 97540 bytes
(epstopdf)             Output file: <figure1-eps-converted-to.pdf>
(epstopdf)                    date: 2012-04-12 01:43:28
(epstopdf)                    size: 59254 bytes
(epstopdf)             Command: <epstopdf --outfile=figure1-eps-converted-to.pd
f figure1.eps>
(epstopdf)             \includegraphics on input line 173.
Package epstopdf Info: Output file is already uptodate.
<figure1-eps-converted-to.pdf, id=34, 418.56375pt x 314.17375pt>
File: figure1-eps-converted-to.pdf Graphic file (type pdf)

<use figure1-eps-converted-to.pdf>
Package pdftex.def Info: figure1-eps-converted-to.pdf used on input line 173.
(pdftex.def)             Requested size: 303.24976pt x 227.62204pt.
\g_ior_internal_ior=\read2
<<APlayer.swf>><<igottafever.mp3>> [2

]
[3 <C:/Users/Scott/Documents/School/Wavelettes/Thesis/figure1-eps-converted-to.
pdf>]
Package epstopdf Info: Source file: <Fourier.eps>
(epstopdf)                    date: 2012-04-12 01:42:14
(epstopdf)                    size: 83701 bytes
(epstopdf)             Output file: <Fourier-eps-converted-to.pdf>
(epstopdf)                    date: 2012-04-12 01:43:30
(epstopdf)                    size: 34116 bytes
(epstopdf)             Command: <epstopdf --outfile=Fourier-eps-converted-to.pd
f Fourier.eps>
(epstopdf)             \includegraphics on input line 206.
Package epstopdf Info: Output file is already uptodate.
 <Fourier-eps-converted-to.pdf, id=62, 418.56375pt x 314.17375pt>
File: Fourier-eps-converted-to.pdf Graphic file (type pdf)

<use Fourier-eps-converted-to.pdf>
Package pdftex.def Info: Fourier-eps-converted-to.pdf used on input line 206.
(pdftex.def)             Requested size: 303.24976pt x 227.62204pt.
 [4 <C:/Users/Scott/Documents/School/Wavelettes/Thesis/Fourier-eps-converted-to
.pdf>]
Package epstopdf Info: Source file: <90four.eps>
(epstopdf)                    date: 2012-04-12 01:39:47
(epstopdf)                    size: 75914 bytes
(epstopdf)             Output file: <90four-eps-converted-to.pdf>
(epstopdf)                    date: 2012-04-12 01:43:31
(epstopdf)                    size: 27758 bytes
(epstopdf)             Command: <epstopdf --outfile=90four-eps-converted-to.pdf
 90four.eps>
(epstopdf)             \includegraphics on input line 222.
Package epstopdf Info: Output file is already uptodate.

<90four-eps-converted-to.pdf, id=69, 418.56375pt x 314.17375pt>
File: 90four-eps-converted-to.pdf Graphic file (type pdf)

<use 90four-eps-converted-to.pdf>
Package pdftex.def Info: 90four-eps-converted-to.pdf used on input line 222.
(pdftex.def)             Requested size: 265.34433pt x 199.16928pt.
Package epstopdf Info: Source file: <90fourRec.eps>
(epstopdf)                    date: 2012-04-12 01:40:40
(epstopdf)                    size: 187159 bytes
(epstopdf)             Output file: <90fourRec-eps-converted-to.pdf>
(epstopdf)                    date: 2012-04-12 01:44:11
(epstopdf)                    size: 115169 bytes
(epstopdf)             Command: <epstopdf --outfile=90fourRec-eps-converted-to.
pdf 90fourRec.eps>
(epstopdf)             \includegraphics on input line 231.
Package epstopdf Info: Output file is already uptodate.

<90fourRec-eps-converted-to.pdf, id=70, 418.56375pt x 314.17375pt>
File: 90fourRec-eps-converted-to.pdf Graphic file (type pdf)

<use 90fourRec-eps-converted-to.pdf>
Package pdftex.def Info: 90fourRec-eps-converted-to.pdf used on input line 231.

(pdftex.def)             Requested size: 265.34433pt x 199.16928pt.
<<90Fourier.mp3>>
Package epstopdf Info: Source file: <95four.eps>
(epstopdf)                    date: 2012-04-12 01:41:16
(epstopdf)                    size: 70766 bytes
(epstopdf)             Output file: <95four-eps-converted-to.pdf>
(epstopdf)                    date: 2012-04-12 01:44:12
(epstopdf)                    size: 24173 bytes
(epstopdf)             Command: <epstopdf --outfile=95four-eps-converted-to.pdf
 95four.eps>
(epstopdf)             \includegraphics on input line 246.
Package epstopdf Info: Output file is already uptodate.

<95four-eps-converted-to.pdf, id=80, 418.56375pt x 314.17375pt>
File: 95four-eps-converted-to.pdf Graphic file (type pdf)

<use 95four-eps-converted-to.pdf>
Package pdftex.def Info: 95four-eps-converted-to.pdf used on input line 246.
(pdftex.def)             Requested size: 265.34433pt x 199.16928pt.
Package epstopdf Info: Source file: <95fourRec.eps>
(epstopdf)                    date: 2012-04-12 01:41:24
(epstopdf)                    size: 187061 bytes
(epstopdf)             Output file: <95fourRec-eps-converted-to.pdf>
(epstopdf)                    date: 2012-04-12 01:44:14
(epstopdf)                    size: 115066 bytes
(epstopdf)             Command: <epstopdf --outfile=95fourRec-eps-converted-to.
pdf 95fourRec.eps>
(epstopdf)             \includegraphics on input line 253.
Package epstopdf Info: Output file is already uptodate.

<95fourRec-eps-converted-to.pdf, id=81, 418.56375pt x 314.17375pt>
File: 95fourRec-eps-converted-to.pdf Graphic file (type pdf)

<use 95fourRec-eps-converted-to.pdf>
Package pdftex.def Info: 95fourRec-eps-converted-to.pdf used on input line 253.

(pdftex.def)             Requested size: 265.34433pt x 199.16928pt.
<<95Fourier.mp3>><<StrobeMediaPlayback.swf>><<walkenclip.mp4>> [5 <C:/Users/Sco
tt/Documents/School/Wavelettes/Thesis/90four-eps-converted-to.pdf>] [6 <C:/User
s/Scott/Documents/School/Wavelettes/Thesis/90fourRec-eps-converted-to.pdf> <C:/
Users/Scott/Documents/School/Wavelettes/Thesis/95four-eps-converted-to.pdf>] [7
 <C:/Users/Scott/Documents/School/Wavelettes/Thesis/95fourRec-eps-converted-to.
pdf>]
Package epstopdf Info: Source file: <mexhat.eps>
(epstopdf)                    date: 2012-04-29 18:10:56
(epstopdf)                    size: 40564 bytes
(epstopdf)             Output file: <mexhat-eps-converted-to.pdf>
(epstopdf)                    date: 2012-04-29 18:11:55
(epstopdf)                    size: 20608 bytes
(epstopdf)             Command: <epstopdf --outfile=mexhat-eps-converted-to.pdf
 mexhat.eps>
(epstopdf)             \includegraphics on input line 287.
Package epstopdf Info: Output file is already uptodate.

<mexhat-eps-converted-to.pdf, id=125, 472.76625pt x 428.60126pt>
File: mexhat-eps-converted-to.pdf Graphic file (type pdf)

<use mexhat-eps-converted-to.pdf>
Package pdftex.def Info: mexhat-eps-converted-to.pdf used on input line 287.
(pdftex.def)             Requested size: 164.77092pt x 149.37697pt.
Package epstopdf Info: Source file: <mexhatFour.eps>
(epstopdf)                    date: 2012-04-12 01:35:06
(epstopdf)                    size: 27415 bytes
(epstopdf)             Output file: <mexhatFour-eps-converted-to.pdf>
(epstopdf)                    date: 2012-04-12 01:36:10
(epstopdf)                    size: 5664 bytes
(epstopdf)             Command: <epstopdf --outfile=mexhatFour-eps-converted-to
.pdf mexhatFour.eps>
(epstopdf)             \includegraphics on input line 291.
Package epstopdf Info: Output file is already uptodate.

<mexhatFour-eps-converted-to.pdf, id=126, 418.56375pt x 314.17375pt>
File: mexhatFour-eps-converted-to.pdf Graphic file (type pdf)

<use mexhatFour-eps-converted-to.pdf>
Package pdftex.def Info: mexhatFour-eps-converted-to.pdf used on input line 291
.
(pdftex.def)             Requested size: 199.00505pt x 149.37697pt.
Package epstopdf Info: Source file: <d4.eps>
(epstopdf)                    date: 2012-05-06 15:56:12
(epstopdf)                    size: 10575 bytes
(epstopdf)             Output file: <d4-eps-converted-to.pdf>
(epstopdf)                    date: 2012-05-06 15:56:48
(epstopdf)                    size: 3855 bytes
(epstopdf)             Command: <epstopdf --outfile=d4-eps-converted-to.pdf d4.
eps>
(epstopdf)             \includegraphics on input line 300.
Package epstopdf Info: Output file is already uptodate.

<d4-eps-converted-to.pdf, id=127, 505.89pt x 249.93375pt>
File: d4-eps-converted-to.pdf Graphic file (type pdf)

<use d4-eps-converted-to.pdf>
Package pdftex.def Info: d4-eps-converted-to.pdf used on input line 300.
(pdftex.def)             Requested size: 302.363pt x 149.37697pt.
Package epstopdf Info: Source file: <d4Four.eps>
(epstopdf)                    date: 2012-05-06 15:56:21
(epstopdf)                    size: 10215 bytes
(epstopdf)             Output file: <d4Four-eps-converted-to.pdf>
(epstopdf)                    date: 2012-05-06 15:56:48
(epstopdf)                    size: 4008 bytes
(epstopdf)             Command: <epstopdf --outfile=d4Four-eps-converted-to.pdf
 d4Four.eps>
(epstopdf)             \includegraphics on input line 306.
Package epstopdf Info: Output file is already uptodate.

<d4Four-eps-converted-to.pdf, id=128, 503.8825pt x 248.93pt>
File: d4Four-eps-converted-to.pdf Graphic file (type pdf)

<use d4Four-eps-converted-to.pdf>
Package pdftex.def Info: d4Four-eps-converted-to.pdf used on input line 306.
(pdftex.def)             Requested size: 302.37027pt x 149.37697pt.
 [8 <C:/Users/Scott/Documents/School/Wavelettes/Thesis/mexhat-eps-converted-to.
pdf> <C:/Users/Scott/Documents/School/Wavelettes/Thesis/mexhatFour-eps-converte
d-to.pdf>] [9 <C:/Users/Scott/Documents/School/Wavelettes/Thesis/d4-eps-convert
ed-to.pdf> <C:/Users/Scott/Documents/School/Wavelettes/Thesis/d4Four-eps-conver
ted-to.pdf>] [10]
<stage1.jpg, id=160, 855.195pt x 597.23125pt>
File: stage1.jpg Graphic file (type jpg)
 <use stage1.jpg>
Package pdftex.def Info: stage1.jpg used on input line 343.
(pdftex.def)             Requested size: 213.88957pt x 149.37697pt.

<stage2.jpg, id=161, 855.195pt x 597.23125pt>
File: stage2.jpg Graphic file (type jpg)
 <use stage2.jpg>
Package pdftex.def Info: stage2.jpg used on input line 347.
(pdftex.def)             Requested size: 213.88957pt x 149.37697pt.

<stage3.jpg, id=162, 855.195pt x 597.23125pt>
File: stage3.jpg Graphic file (type jpg)
 <use stage3.jpg>
Package pdftex.def Info: stage3.jpg used on input line 354.
(pdftex.def)             Requested size: 213.88957pt x 149.37697pt.

<stage4.jpg, id=163, 855.195pt x 597.23125pt>
File: stage4.jpg Graphic file (type jpg)
 <use stage4.jpg>
Package pdftex.def Info: stage4.jpg used on input line 358.
(pdftex.def)             Requested size: 213.88957pt x 149.37697pt.

<stage4p9.jpg, id=164, 855.195pt x 597.23125pt>
File: stage4p9.jpg Graphic file (type jpg)
 <use stage4p9.jpg>
Package pdftex.def Info: stage4p9.jpg used on input line 361.
(pdftex.def)             Requested size: 213.88957pt x 149.37697pt.

<reConstructp9.jpg, id=165, 855.195pt x 597.23125pt>
File: reConstructp9.jpg Graphic file (type jpg)
 <use reConstructp9.jpg>
Package pdftex.def Info: reConstructp9.jpg used on input line 369.
(pdftex.def)             Requested size: 213.88957pt x 149.37697pt.
<<90D4.mp3>> <stage4p95.jpg, id=175, 855.195pt x 597.23125pt>
File: stage4p95.jpg Graphic file (type jpg)
 <use stage4p95.jpg>
Package pdftex.def Info: stage4p95.jpg used on input line 380.
(pdftex.def)             Requested size: 213.88957pt x 149.37697pt.

<reConstructp95.jpg, id=176, 855.195pt x 597.23125pt>
File: reConstructp95.jpg Graphic file (type jpg)
 <use reConstructp95.jpg>
Package pdftex.def Info: reConstructp95.jpg used on input line 384.
(pdftex.def)             Requested size: 213.88957pt x 149.37697pt.
<<95D4.mp3>>

LaTeX Warning: Float too large for page by 2.87537pt on input line 392.

Package epstopdf Info: Source file: <errorsPlot.eps>
(epstopdf)                    date: 2012-05-07 23:42:19
(epstopdf)                    size: 17217 bytes
(epstopdf)             Output file: <errorsPlot-eps-converted-to.pdf>
(epstopdf)                    date: 2012-05-07 23:42:22
(epstopdf)                    size: 6609 bytes
(epstopdf)             Command: <epstopdf --outfile=errorsPlot-eps-converted-to
.pdf errorsPlot.eps>
(epstopdf)             \includegraphics on input line 398.
Package epstopdf Info: Output file is already uptodate.
<errorsPlot-eps-converted-to.pdf, id=186, 534.99875pt x 510.90875pt>
File: errorsPlot-eps-converted-to.pdf Graphic file (type pdf)

<use errorsPlot-eps-converted-to.pdf>
Package pdftex.def Info: errorsPlot-eps-converted-to.pdf used on input line 398
.
(pdftex.def)             Requested size: 341.43306pt x 326.07617pt.
 [11] [12 <C:/Users/Scott/Documents/School/Wavelettes/Thesis/stage1.jpg> <C:/Us
ers/Scott/Documents/School/Wavelettes/Thesis/stage2.jpg>] [13 <C:/Users/Scott/D
ocuments/School/Wavelettes/Thesis/stage3.jpg> <C:/Users/Scott/Documents/School/
Wavelettes/Thesis/stage4.jpg> <C:/Users/Scott/Documents/School/Wavelettes/Thesi
s/stage4p9.jpg>] [14 <C:/Users/Scott/Documents/School/Wavelettes/Thesis/reConst
ructp9.jpg> <C:/Users/Scott/Documents/School/Wavelettes/Thesis/stage4p95.jpg> <
C:/Users/Scott/Documents/School/Wavelettes/Thesis/reConstructp95.jpg>] [15 <C:/
Users/Scott/Documents/School/Wavelettes/Thesis/errorsPlot-eps-converted-to.pdf>
]
Chapter 2.
[16

] [17] [18] [19] [20]
Overfull \hbox (24.35158pt too wide) in paragraph at lines 637--637
[] 
 []

[21] [22]
Chapter 3.
[23

] [24] [25] [26] [27] [28]
Chapter 4.
[29

] [30] [31] [32] [33]
Overfull \hbox (26.24094pt too wide) in paragraph at lines 1077--1077
[] 
 []

[34] [35]
Overfull \hbox (31.44604pt too wide) in paragraph at lines 1121--1123
\OT1/cmr/m/n/10 ity) bounded above by $[][] \OML/cmm/m/it/10 f\OT1/cmr/m/n/10 (
\OML/cmm/m/it/10 x\OT1/cmr/m/n/10 )\OML/cmm/m/it/10 dx$ \OT1/cmr/m/n/10 (pos-si
-bly in-fin-ity), we have that $[]$
 []

[36]
Overfull \hbox (0.54033pt too wide) in paragraph at lines 1170--1175
\OT1/cmr/m/n/10 that $[][] \OMS/cmsy/m/n/10 j\OML/cmm/m/it/10 f[]\OT1/cmr/m/n/1
0 (\OML/cmm/m/it/10 x\OT1/cmr/m/n/10 ) \OMS/cmsy/m/n/10   \OML/cmm/m/it/10 f[]\
OT1/cmr/m/n/10 (\OML/cmm/m/it/10 x\OT1/cmr/m/n/10 )\OMS/cmsy/m/n/10 j$ \OT1/cmr
/m/n/10 is fi-nite al-most ev-ery-where on $\U/msb/m/n/10 R$\OT1/cmr/m/n/10 . I
f $[][] \OMS/cmsy/m/n/10 j\OML/cmm/m/it/10 f[]\OT1/cmr/m/n/10 (\OML/cmm/m/it/10
 x\OT1/cmr/m/n/10 ) \OMS/cmsy/m/n/10  $
 []

[37] (C:\Users\Scott\Documents\School\Wavelettes\Thesis\Thesis.bbl [38])
[39

] (C:\Users\Scott\Documents\School\Wavelettes\Thesis\Thesis.aux)

LaTeX Warning: There were multiply-defined labels.

 ) 
Here is how much of TeX's memory you used:
 9230 strings out of 494045
 159990 string characters out of 3145968
 217120 words of memory out of 3000000
 12305 multiletter control sequences out of 15000+200000
 16394 words of font info for 68 fonts, out of 3000000 for 9000
 715 hyphenation exceptions out of 8191
 42i,11n,35p,1134b,315s stack positions out of 5000i,500n,10000p,200000b,50000s
<C:/Program Files (x86)/MiKTeX 2.9/fonts/type1/public/amsfonts/cm/cmbx10.pfb>
<C:/Program Files (x86)/MiKTeX 2.9/fonts/type1/public/amsfonts/cm/cmbx12.pfb><C
:/Program Files (x86)/MiKTeX 2.9/fonts/type1/public/amsfonts/cm/cmex10.pfb><C:/
Program Files (x86)/MiKTeX 2.9/fonts/type1/public/amsfonts/cmextra/cmex7.pfb><C
:/Program Files (x86)/MiKTeX 2.9/fonts/type1/public/amsfonts/cmextra/cmex9.pfb>
<C:/Program Files (x86)/MiKTeX 2.9/fonts/type1/public/amsfonts/cm/cmmi10.pfb><C
:/Program Files (x86)/MiKTeX 2.9/fonts/type1/public/amsfonts/cm/cmmi12.pfb><C:/
Program Files (x86)/MiKTeX 2.9/fonts/type1/public/amsfonts/cm/cmmi5.pfb><C:/Pro
gram Files (x86)/MiKTeX 2.9/fonts/type1/public/amsfonts/cm/cmmi6.pfb><C:/Progra
m Files (x86)/MiKTeX 2.9/fonts/type1/public/amsfonts/cm/cmmi7.pfb><C:/Program F
iles (x86)/MiKTeX 2.9/fonts/type1/public/amsfonts/cm/cmmi8.pfb><C:/Program File
s (x86)/MiKTeX 2.9/fonts/type1/public/amsfonts/cm/cmmi9.pfb><C:/Program Files (
x86)/MiKTeX 2.9/fonts/type1/public/amsfonts/cm/cmr10.pfb><C:/Program Files (x86
)/MiKTeX 2.9/fonts/type1/public/amsfonts/cm/cmr12.pfb><C:/Program Files (x86)/M
iKTeX 2.9/fonts/type1/public/amsfonts/cm/cmr17.pfb><C:/Program Files (x86)/MiKT
eX 2.9/fonts/type1/public/amsfonts/cm/cmr5.pfb><C:/Program Files (x86)/MiKTeX 2
.9/fonts/type1/public/amsfonts/cm/cmr6.pfb><C:/Program Files (x86)/MiKTeX 2.9/f
onts/type1/public/amsfonts/cm/cmr7.pfb><C:/Program Files (x86)/MiKTeX 2.9/fonts
/type1/public/amsfonts/cm/cmr8.pfb><C:/Program Files (x86)/MiKTeX 2.9/fonts/typ
e1/public/amsfonts/cm/cmr9.pfb><C:/Program Files (x86)/MiKTeX 2.9/fonts/type1/p
ublic/amsfonts/cm/cmsy10.pfb><C:/Program Files (x86)/MiKTeX 2.9/fonts/type1/pub
lic/amsfonts/cm/cmsy5.pfb><C:/Program Files (x86)/MiKTeX 2.9/fonts/type1/public
/amsfonts/cm/cmsy6.pfb><C:/Program Files (x86)/MiKTeX 2.9/fonts/type1/public/am
sfonts/cm/cmsy7.pfb><C:/Program Files (x86)/MiKTeX 2.9/fonts/type1/public/amsfo
nts/cm/cmsy8.pfb><C:/Program Files (x86)/MiKTeX 2.9/fonts/type1/public/amsfonts
/cm/cmsy9.pfb><C:/Program Files (x86)/MiKTeX 2.9/fonts/type1/public/amsfonts/cm
/cmti10.pfb><C:/Program Files (x86)/MiKTeX 2.9/fonts/type1/public/amsfonts/symb
ols/msbm10.pfb><C:/Program Files (x86)/MiKTeX 2.9/fonts/type1/public/amsfonts/s
ymbols/msbm5.pfb><C:/Program Files (x86)/MiKTeX 2.9/fonts/type1/public/amsfonts
/symbols/msbm7.pfb>
Output written on Thesis.pdf (43 pages, 2398236 bytes).
PDF statistics:
 381 PDF objects out of 1000 (max. 8388607)
 0 named destinations out of 1000 (max. 500000)
 297 words of extra memory for PDF output out of 10000 (max. 10000000)

